mode: set
github.com/twomee/chatbox/chat-service/cmd/server/main.go:30.13,33.65 2 0
github.com/twomee/chatbox/chat-service/cmd/server/main.go:33.65,35.3 1 0
github.com/twomee/chatbox/chat-service/cmd/server/main.go:36.2,36.15 1 0
github.com/twomee/chatbox/chat-service/cmd/server/main.go:36.15,36.36 1 0
github.com/twomee/chatbox/chat-service/cmd/server/main.go:39.2,40.16 2 0
github.com/twomee/chatbox/chat-service/cmd/server/main.go:40.16,42.3 1 0
github.com/twomee/chatbox/chat-service/cmd/server/main.go:43.2,53.27 5 0
github.com/twomee/chatbox/chat-service/cmd/server/main.go:53.27,55.17 2 0
github.com/twomee/chatbox/chat-service/cmd/server/main.go:55.17,57.4 1 0
github.com/twomee/chatbox/chat-service/cmd/server/main.go:58.3,59.42 2 0
github.com/twomee/chatbox/chat-service/cmd/server/main.go:59.42,61.4 1 0
github.com/twomee/chatbox/chat-service/cmd/server/main.go:62.3,62.36 1 0
github.com/twomee/chatbox/chat-service/cmd/server/main.go:63.8,65.3 1 0
github.com/twomee/chatbox/chat-service/cmd/server/main.go:68.2,69.24 2 0
github.com/twomee/chatbox/chat-service/cmd/server/main.go:69.24,71.17 2 0
github.com/twomee/chatbox/chat-service/cmd/server/main.go:71.17,73.4 1 0
github.com/twomee/chatbox/chat-service/cmd/server/main.go:74.3,75.45 2 0
github.com/twomee/chatbox/chat-service/cmd/server/main.go:75.45,77.4 1 0
github.com/twomee/chatbox/chat-service/cmd/server/main.go:77.9,79.4 1 0
github.com/twomee/chatbox/chat-service/cmd/server/main.go:80.3,80.16 1 0
github.com/twomee/chatbox/chat-service/cmd/server/main.go:80.16,80.35 1 0
github.com/twomee/chatbox/chat-service/cmd/server/main.go:84.2,87.42 4 0
github.com/twomee/chatbox/chat-service/cmd/server/main.go:87.42,90.16 3 0
github.com/twomee/chatbox/chat-service/cmd/server/main.go:90.16,90.45 1 0
github.com/twomee/chatbox/chat-service/cmd/server/main.go:91.3,91.77 1 0
github.com/twomee/chatbox/chat-service/cmd/server/main.go:92.8,95.3 2 0
github.com/twomee/chatbox/chat-service/cmd/server/main.go:98.2,110.18 9 0
github.com/twomee/chatbox/chat-service/cmd/server/main.go:110.18,112.3 1 0
github.com/twomee/chatbox/chat-service/cmd/server/main.go:113.2,128.2 10 0
github.com/twomee/chatbox/chat-service/cmd/server/main.go:128.2,138.3 9 0
github.com/twomee/chatbox/chat-service/cmd/server/main.go:141.2,149.12 2 0
github.com/twomee/chatbox/chat-service/cmd/server/main.go:149.12,151.77 2 0
github.com/twomee/chatbox/chat-service/cmd/server/main.go:151.77,153.4 1 0
github.com/twomee/chatbox/chat-service/cmd/server/main.go:157.2,164.50 7 0
github.com/twomee/chatbox/chat-service/cmd/server/main.go:164.50,166.3 1 0
github.com/twomee/chatbox/chat-service/cmd/server/main.go:167.2,167.31 1 0
github.com/twomee/chatbox/chat-service/cmd/server/main.go:30.13,33.65 2 0
github.com/twomee/chatbox/chat-service/cmd/server/main.go:33.65,35.3 1 0
github.com/twomee/chatbox/chat-service/cmd/server/main.go:36.2,36.15 1 0
github.com/twomee/chatbox/chat-service/cmd/server/main.go:36.15,36.36 1 0
github.com/twomee/chatbox/chat-service/cmd/server/main.go:39.2,40.16 2 0
github.com/twomee/chatbox/chat-service/cmd/server/main.go:40.16,42.3 1 0
github.com/twomee/chatbox/chat-service/cmd/server/main.go:43.2,53.27 5 0
github.com/twomee/chatbox/chat-service/cmd/server/main.go:53.27,55.17 2 0
github.com/twomee/chatbox/chat-service/cmd/server/main.go:55.17,57.4 1 0
github.com/twomee/chatbox/chat-service/cmd/server/main.go:58.3,59.42 2 0
github.com/twomee/chatbox/chat-service/cmd/server/main.go:59.42,61.4 1 0
github.com/twomee/chatbox/chat-service/cmd/server/main.go:62.3,62.36 1 0
github.com/twomee/chatbox/chat-service/cmd/server/main.go:63.8,65.3 1 0
github.com/twomee/chatbox/chat-service/cmd/server/main.go:68.2,69.24 2 0
github.com/twomee/chatbox/chat-service/cmd/server/main.go:69.24,71.17 2 0
github.com/twomee/chatbox/chat-service/cmd/server/main.go:71.17,73.4 1 0
github.com/twomee/chatbox/chat-service/cmd/server/main.go:74.3,75.45 2 0
github.com/twomee/chatbox/chat-service/cmd/server/main.go:75.45,77.4 1 0
github.com/twomee/chatbox/chat-service/cmd/server/main.go:77.9,79.4 1 0
github.com/twomee/chatbox/chat-service/cmd/server/main.go:80.3,80.16 1 0
github.com/twomee/chatbox/chat-service/cmd/server/main.go:80.16,80.35 1 0
github.com/twomee/chatbox/chat-service/cmd/server/main.go:84.2,87.42 4 0
github.com/twomee/chatbox/chat-service/cmd/server/main.go:87.42,90.16 3 0
github.com/twomee/chatbox/chat-service/cmd/server/main.go:90.16,90.45 1 0
github.com/twomee/chatbox/chat-service/cmd/server/main.go:91.3,91.77 1 0
github.com/twomee/chatbox/chat-service/cmd/server/main.go:92.8,95.3 2 0
github.com/twomee/chatbox/chat-service/cmd/server/main.go:98.2,110.18 9 0
github.com/twomee/chatbox/chat-service/cmd/server/main.go:110.18,112.3 1 0
github.com/twomee/chatbox/chat-service/cmd/server/main.go:113.2,128.2 10 0
github.com/twomee/chatbox/chat-service/cmd/server/main.go:128.2,138.3 9 0
github.com/twomee/chatbox/chat-service/cmd/server/main.go:141.2,149.12 2 0
github.com/twomee/chatbox/chat-service/cmd/server/main.go:149.12,151.77 2 0
github.com/twomee/chatbox/chat-service/cmd/server/main.go:151.77,153.4 1 0
github.com/twomee/chatbox/chat-service/cmd/server/main.go:157.2,164.50 7 0
github.com/twomee/chatbox/chat-service/cmd/server/main.go:164.50,166.3 1 0
github.com/twomee/chatbox/chat-service/cmd/server/main.go:167.2,167.31 1 0
github.com/twomee/chatbox/chat-service/internal/client/auth.go:30.68,38.2 1 1
github.com/twomee/chatbox/chat-service/internal/client/auth.go:41.101,45.16 3 1
github.com/twomee/chatbox/chat-service/internal/client/auth.go:45.16,47.3 1 0
github.com/twomee/chatbox/chat-service/internal/client/auth.go:49.2,50.16 2 1
github.com/twomee/chatbox/chat-service/internal/client/auth.go:50.16,53.3 2 1
github.com/twomee/chatbox/chat-service/internal/client/auth.go:54.2,56.44 2 1
github.com/twomee/chatbox/chat-service/internal/client/auth.go:56.44,58.3 1 1
github.com/twomee/chatbox/chat-service/internal/client/auth.go:59.2,59.38 1 1
github.com/twomee/chatbox/chat-service/internal/client/auth.go:59.38,61.3 1 1
github.com/twomee/chatbox/chat-service/internal/client/auth.go:63.2,64.65 2 1
github.com/twomee/chatbox/chat-service/internal/client/auth.go:64.65,66.3 1 1
github.com/twomee/chatbox/chat-service/internal/client/auth.go:67.2,67.19 1 1
github.com/twomee/chatbox/chat-service/internal/client/auth.go:71.54,74.16 3 1
github.com/twomee/chatbox/chat-service/internal/client/auth.go:74.16,76.3 1 0
github.com/twomee/chatbox/chat-service/internal/client/auth.go:77.2,78.16 2 1
github.com/twomee/chatbox/chat-service/internal/client/auth.go:78.16,80.3 1 1
github.com/twomee/chatbox/chat-service/internal/client/auth.go:81.2,82.38 2 1
github.com/twomee/chatbox/chat-service/internal/client/auth.go:82.38,84.3 1 1
github.com/twomee/chatbox/chat-service/internal/client/auth.go:85.2,85.12 1 1
github.com/twomee/chatbox/chat-service/internal/config/config.go:38.30,67.42 19 0
github.com/twomee/chatbox/chat-service/internal/config/config.go:67.42,69.3 1 0
github.com/twomee/chatbox/chat-service/internal/config/config.go:71.2,71.39 1 0
github.com/twomee/chatbox/chat-service/internal/config/config.go:71.39,73.3 1 0
github.com/twomee/chatbox/chat-service/internal/config/config.go:75.2,75.18 1 0
github.com/twomee/chatbox/chat-service/internal/config/config.go:80.35,88.33 3 0
github.com/twomee/chatbox/chat-service/internal/config/config.go:88.33,89.26 1 0
github.com/twomee/chatbox/chat-service/internal/config/config.go:89.26,91.4 1 0
github.com/twomee/chatbox/chat-service/internal/config/config.go:94.2,94.12 1 0
github.com/twomee/chatbox/chat-service/internal/config/config.go:98.32,100.2 1 0
github.com/twomee/chatbox/chat-service/internal/config/config.go:103.45,106.28 3 0
github.com/twomee/chatbox/chat-service/internal/config/config.go:106.28,107.53 1 0
github.com/twomee/chatbox/chat-service/internal/config/config.go:107.53,109.4 1 0
github.com/twomee/chatbox/chat-service/internal/config/config.go:111.2,111.12 1 0
github.com/twomee/chatbox/chat-service/internal/delivery/kafka.go:22.64,24.2 1 0
github.com/twomee/chatbox/chat-service/internal/delivery/kafka.go:26.92,29.2 2 0
github.com/twomee/chatbox/chat-service/internal/delivery/kafka.go:31.94,34.2 2 0
github.com/twomee/chatbox/chat-service/internal/delivery/kafka.go:36.99,38.2 1 0
github.com/twomee/chatbox/chat-service/internal/delivery/sync.go:16.56,18.2 1 0
github.com/twomee/chatbox/chat-service/internal/delivery/sync.go:20.89,26.2 2 0
github.com/twomee/chatbox/chat-service/internal/delivery/sync.go:28.91,34.2 2 0
github.com/twomee/chatbox/chat-service/internal/delivery/sync.go:36.96,42.2 2 0
github.com/twomee/chatbox/chat-service/internal/handler/health.go:24.113,31.2 1 0
github.com/twomee/chatbox/chat-service/internal/handler/health.go:34.48,39.2 1 0
github.com/twomee/chatbox/chat-service/internal/handler/health.go:44.47,52.17 5 0
github.com/twomee/chatbox/chat-service/internal/handler/health.go:52.17,53.40 1 0
github.com/twomee/chatbox/chat-service/internal/handler/health.go:53.40,56.4 2 0
github.com/twomee/chatbox/chat-service/internal/handler/health.go:56.9,58.4 1 0
github.com/twomee/chatbox/chat-service/internal/handler/health.go:59.8,61.3 1 0
github.com/twomee/chatbox/chat-service/internal/handler/health.go:64.2,64.20 1 0
github.com/twomee/chatbox/chat-service/internal/handler/health.go:64.20,65.49 1 0
github.com/twomee/chatbox/chat-service/internal/handler/health.go:65.49,68.4 2 0
github.com/twomee/chatbox/chat-service/internal/handler/health.go:68.9,70.4 1 0
github.com/twomee/chatbox/chat-service/internal/handler/health.go:71.8,73.3 1 0
github.com/twomee/chatbox/chat-service/internal/handler/health.go:76.2,76.28 1 0
github.com/twomee/chatbox/chat-service/internal/handler/health.go:76.28,77.67 1 0
github.com/twomee/chatbox/chat-service/internal/handler/health.go:77.67,80.4 2 0
github.com/twomee/chatbox/chat-service/internal/handler/health.go:80.9,82.4 1 0
github.com/twomee/chatbox/chat-service/internal/handler/health.go:83.8,85.3 1 0
github.com/twomee/chatbox/chat-service/internal/handler/health.go:87.2,88.14 2 0
github.com/twomee/chatbox/chat-service/internal/handler/health.go:88.14,90.3 1 0
github.com/twomee/chatbox/chat-service/internal/handler/health.go:92.2,94.4 1 0
github.com/twomee/chatbox/chat-service/internal/handler/lobby.go:23.95,29.2 1 0
github.com/twomee/chatbox/chat-service/internal/handler/lobby.go:33.54,35.17 2 0
github.com/twomee/chatbox/chat-service/internal/handler/lobby.go:35.17,38.3 2 0
github.com/twomee/chatbox/chat-service/internal/handler/lobby.go:40.2,41.16 2 0
github.com/twomee/chatbox/chat-service/internal/handler/lobby.go:41.16,44.3 2 0
github.com/twomee/chatbox/chat-service/internal/handler/lobby.go:46.2,48.16 3 0
github.com/twomee/chatbox/chat-service/internal/handler/lobby.go:48.16,51.3 2 0
github.com/twomee/chatbox/chat-service/internal/handler/lobby.go:54.2,61.6 4 0
github.com/twomee/chatbox/chat-service/internal/handler/lobby.go:61.6,62.50 1 0
github.com/twomee/chatbox/chat-service/internal/handler/lobby.go:62.50,63.101 1 0
github.com/twomee/chatbox/chat-service/internal/handler/lobby.go:63.101,65.5 1 0
github.com/twomee/chatbox/chat-service/internal/handler/lobby.go:66.4,66.9 1 0
github.com/twomee/chatbox/chat-service/internal/handler/lobby.go:70.2,71.18 2 0
github.com/twomee/chatbox/chat-service/internal/handler/pm.go:32.14,39.2 1 0
github.com/twomee/chatbox/chat-service/internal/handler/pm.go:44.44,46.47 2 0
github.com/twomee/chatbox/chat-service/internal/handler/pm.go:46.47,49.3 2 0
github.com/twomee/chatbox/chat-service/internal/handler/pm.go:51.2,56.16 4 0
github.com/twomee/chatbox/chat-service/internal/handler/pm.go:56.16,60.3 3 0
github.com/twomee/chatbox/chat-service/internal/handler/pm.go:61.2,61.22 1 0
github.com/twomee/chatbox/chat-service/internal/handler/pm.go:61.22,64.3 2 0
github.com/twomee/chatbox/chat-service/internal/handler/pm.go:66.2,81.91 4 0
github.com/twomee/chatbox/chat-service/internal/handler/pm.go:81.91,83.3 1 0
github.com/twomee/chatbox/chat-service/internal/handler/pm.go:85.2,88.4 1 0
github.com/twomee/chatbox/chat-service/internal/handler/room.go:26.93,28.2 1 0
github.com/twomee/chatbox/chat-service/internal/handler/room.go:32.49,34.16 2 0
github.com/twomee/chatbox/chat-service/internal/handler/room.go:34.16,38.3 3 0
github.com/twomee/chatbox/chat-service/internal/handler/room.go:39.2,39.18 1 0
github.com/twomee/chatbox/chat-service/internal/handler/room.go:39.18,41.3 1 0
github.com/twomee/chatbox/chat-service/internal/handler/room.go:42.2,42.30 1 0
github.com/twomee/chatbox/chat-service/internal/handler/room.go:47.50,49.47 2 0
github.com/twomee/chatbox/chat-service/internal/handler/room.go:49.47,52.3 2 0
github.com/twomee/chatbox/chat-service/internal/handler/room.go:54.2,55.16 2 0
github.com/twomee/chatbox/chat-service/internal/handler/room.go:55.16,60.3 3 0
github.com/twomee/chatbox/chat-service/internal/handler/room.go:61.2,61.34 1 0
github.com/twomee/chatbox/chat-service/internal/handler/room.go:66.52,68.16 2 0
github.com/twomee/chatbox/chat-service/internal/handler/room.go:68.16,71.3 2 0
github.com/twomee/chatbox/chat-service/internal/handler/room.go:73.2,74.68 2 0
github.com/twomee/chatbox/chat-service/internal/handler/room.go:79.49,81.16 2 0
github.com/twomee/chatbox/chat-service/internal/handler/room.go:81.16,84.3 2 0
github.com/twomee/chatbox/chat-service/internal/handler/room.go:86.2,87.47 2 0
github.com/twomee/chatbox/chat-service/internal/handler/room.go:87.47,90.3 2 0
github.com/twomee/chatbox/chat-service/internal/handler/room.go:92.2,92.85 1 0
github.com/twomee/chatbox/chat-service/internal/handler/room.go:92.85,93.36 1 0
github.com/twomee/chatbox/chat-service/internal/handler/room.go:93.36,96.4 2 0
github.com/twomee/chatbox/chat-service/internal/handler/room.go:97.3,99.9 3 0
github.com/twomee/chatbox/chat-service/internal/handler/room.go:101.2,101.76 1 0
github.com/twomee/chatbox/chat-service/internal/handler/room.go:108.48,110.16 2 0
github.com/twomee/chatbox/chat-service/internal/handler/room.go:110.16,113.3 2 0
github.com/twomee/chatbox/chat-service/internal/handler/room.go:115.2,116.47 2 0
github.com/twomee/chatbox/chat-service/internal/handler/room.go:116.47,119.3 2 0
github.com/twomee/chatbox/chat-service/internal/handler/room.go:121.2,122.16 2 0
github.com/twomee/chatbox/chat-service/internal/handler/room.go:122.16,126.3 3 0
github.com/twomee/chatbox/chat-service/internal/handler/room.go:127.2,127.35 1 0
github.com/twomee/chatbox/chat-service/internal/handler/room.go:132.51,134.16 2 0
github.com/twomee/chatbox/chat-service/internal/handler/room.go:134.16,137.3 2 0
github.com/twomee/chatbox/chat-service/internal/handler/room.go:138.2,139.16 2 0
github.com/twomee/chatbox/chat-service/internal/handler/room.go:139.16,142.3 2 0
github.com/twomee/chatbox/chat-service/internal/handler/room.go:144.2,144.81 1 0
github.com/twomee/chatbox/chat-service/internal/handler/room.go:144.81,145.36 1 0
github.com/twomee/chatbox/chat-service/internal/handler/room.go:145.36,148.4 2 0
github.com/twomee/chatbox/chat-service/internal/handler/room.go:149.3,151.9 3 0
github.com/twomee/chatbox/chat-service/internal/handler/room.go:153.2,153.57 1 0
github.com/twomee/chatbox/chat-service/internal/handler/room.go:160.48,162.16 2 0
github.com/twomee/chatbox/chat-service/internal/handler/room.go:162.16,165.3 2 0
github.com/twomee/chatbox/chat-service/internal/handler/room.go:168.2,170.14 3 0
github.com/twomee/chatbox/chat-service/internal/handler/room.go:170.14,173.3 2 0
github.com/twomee/chatbox/chat-service/internal/handler/room.go:175.2,176.47 2 0
github.com/twomee/chatbox/chat-service/internal/handler/room.go:176.47,179.3 2 0
github.com/twomee/chatbox/chat-service/internal/handler/room.go:181.2,182.16 2 0
github.com/twomee/chatbox/chat-service/internal/handler/room.go:182.16,186.3 3 0
github.com/twomee/chatbox/chat-service/internal/handler/room.go:187.2,187.35 1 0
github.com/twomee/chatbox/chat-service/internal/handler/room.go:192.50,194.16 2 0
github.com/twomee/chatbox/chat-service/internal/handler/room.go:194.16,197.3 2 0
github.com/twomee/chatbox/chat-service/internal/handler/room.go:198.2,199.16 2 0
github.com/twomee/chatbox/chat-service/internal/handler/room.go:199.16,202.3 2 0
github.com/twomee/chatbox/chat-service/internal/handler/room.go:205.2,207.14 3 0
github.com/twomee/chatbox/chat-service/internal/handler/room.go:207.14,210.3 2 0
github.com/twomee/chatbox/chat-service/internal/handler/room.go:212.2,212.80 1 0
github.com/twomee/chatbox/chat-service/internal/handler/room.go:212.80,213.36 1 0
github.com/twomee/chatbox/chat-service/internal/handler/room.go:213.36,216.4 2 0
github.com/twomee/chatbox/chat-service/internal/handler/room.go:217.3,219.9 3 0
github.com/twomee/chatbox/chat-service/internal/handler/room.go:221.2,221.56 1 0
github.com/twomee/chatbox/chat-service/internal/handler/websocket.go:36.39,42.2 1 0
github.com/twomee/chatbox/chat-service/internal/handler/websocket.go:46.40,48.82 2 0
github.com/twomee/chatbox/chat-service/internal/handler/websocket.go:48.82,50.3 1 0
github.com/twomee/chatbox/chat-service/internal/handler/websocket.go:52.2,53.19 2 0
github.com/twomee/chatbox/chat-service/internal/handler/websocket.go:53.19,55.3 1 0
github.com/twomee/chatbox/chat-service/internal/handler/websocket.go:57.2,58.18 2 0
github.com/twomee/chatbox/chat-service/internal/handler/websocket.go:58.18,60.3 1 0
github.com/twomee/chatbox/chat-service/internal/handler/websocket.go:62.2,62.48 1 0
github.com/twomee/chatbox/chat-service/internal/handler/websocket.go:62.48,63.37 1 0
github.com/twomee/chatbox/chat-service/internal/handler/websocket.go:63.37,65.4 1 0
github.com/twomee/chatbox/chat-service/internal/handler/websocket.go:67.2,67.14 1 0
github.com/twomee/chatbox/chat-service/internal/handler/websocket.go:86.14,94.2 1 0
github.com/twomee/chatbox/chat-service/internal/handler/websocket.go:101.50,104.16 3 0
github.com/twomee/chatbox/chat-service/internal/handler/websocket.go:104.16,107.3 2 0
github.com/twomee/chatbox/chat-service/internal/handler/websocket.go:110.2,111.17 2 0
github.com/twomee/chatbox/chat-service/internal/handler/websocket.go:111.17,114.3 2 0
github.com/twomee/chatbox/chat-service/internal/handler/websocket.go:116.2,117.16 2 0
github.com/twomee/chatbox/chat-service/internal/handler/websocket.go:117.16,120.3 2 0
github.com/twomee/chatbox/chat-service/internal/handler/websocket.go:123.2,124.16 2 0
github.com/twomee/chatbox/chat-service/internal/handler/websocket.go:124.16,127.3 2 0
github.com/twomee/chatbox/chat-service/internal/handler/websocket.go:128.2,128.20 1 0
github.com/twomee/chatbox/chat-service/internal/handler/websocket.go:128.20,131.3 2 0
github.com/twomee/chatbox/chat-service/internal/handler/websocket.go:134.2,139.16 4 0
github.com/twomee/chatbox/chat-service/internal/handler/websocket.go:139.16,142.3 2 0
github.com/twomee/chatbox/chat-service/internal/handler/websocket.go:145.2,176.43 10 0
github.com/twomee/chatbox/chat-service/internal/handler/websocket.go:180.101,181.6 1 0
github.com/twomee/chatbox/chat-service/internal/handler/websocket.go:181.6,183.17 2 0
github.com/twomee/chatbox/chat-service/internal/handler/websocket.go:183.17,184.101 1 0
github.com/twomee/chatbox/chat-service/internal/handler/websocket.go:184.101,186.5 1 0
github.com/twomee/chatbox/chat-service/internal/handler/websocket.go:187.4,187.10 1 0
github.com/twomee/chatbox/chat-service/internal/handler/websocket.go:191.3,194.82 2 0
github.com/twomee/chatbox/chat-service/internal/handler/websocket.go:194.82,195.12 1 0
github.com/twomee/chatbox/chat-service/internal/handler/websocket.go:199.3,199.47 1 0
github.com/twomee/chatbox/chat-service/internal/handler/websocket.go:199.47,202.12 3 0
github.com/twomee/chatbox/chat-service/internal/handler/websocket.go:205.3,205.12 1 0
github.com/twomee/chatbox/chat-service/internal/handler/websocket.go:205.12,209.12 3 0
github.com/twomee/chatbox/chat-service/internal/handler/websocket.go:212.3,226.87 4 0
github.com/twomee/chatbox/chat-service/internal/handler/websocket.go:226.87,228.4 1 0
github.com/twomee/chatbox/chat-service/internal/kafka/producer.go:34.66,43.2 2 0
github.com/twomee/chatbox/chat-service/internal/kafka/producer.go:47.75,49.2 1 0
github.com/twomee/chatbox/chat-service/internal/kafka/producer.go:53.88,59.57 2 0
github.com/twomee/chatbox/chat-service/internal/kafka/producer.go:59.57,66.3 2 0
github.com/twomee/chatbox/chat-service/internal/kafka/producer.go:67.2,71.12 2 0
github.com/twomee/chatbox/chat-service/internal/kafka/producer.go:75.34,77.2 1 0
github.com/twomee/chatbox/chat-service/internal/kafka/producer.go:81.70,82.23 1 0
github.com/twomee/chatbox/chat-service/internal/kafka/producer.go:82.23,84.3 1 0
github.com/twomee/chatbox/chat-service/internal/kafka/producer.go:85.2,86.16 2 0
github.com/twomee/chatbox/chat-service/internal/kafka/producer.go:86.16,88.3 1 0
github.com/twomee/chatbox/chat-service/internal/kafka/producer.go:89.2,90.12 2 0
github.com/twomee/chatbox/chat-service/internal/middleware/auth.go:26.48,27.30 1 0
github.com/twomee/chatbox/chat-service/internal/middleware/auth.go:27.30,29.23 2 0
github.com/twomee/chatbox/chat-service/internal/middleware/auth.go:29.23,34.4 2 0
github.com/twomee/chatbox/chat-service/internal/middleware/auth.go:36.3,37.64 2 0
github.com/twomee/chatbox/chat-service/internal/middleware/auth.go:37.64,42.4 2 0
github.com/twomee/chatbox/chat-service/internal/middleware/auth.go:44.3,46.17 3 0
github.com/twomee/chatbox/chat-service/internal/middleware/auth.go:46.17,51.4 2 0
github.com/twomee/chatbox/chat-service/internal/middleware/auth.go:53.3,55.11 3 0
github.com/twomee/chatbox/chat-service/internal/middleware/auth.go:67.63,68.101 1 0
github.com/twomee/chatbox/chat-service/internal/middleware/auth.go:68.101,69.54 1 0
github.com/twomee/chatbox/chat-service/internal/middleware/auth.go:69.54,71.4 1 0
github.com/twomee/chatbox/chat-service/internal/middleware/auth.go:72.3,72.29 1 0
github.com/twomee/chatbox/chat-service/internal/middleware/auth.go:74.2,74.16 1 0
github.com/twomee/chatbox/chat-service/internal/middleware/auth.go:74.16,76.3 1 0
github.com/twomee/chatbox/chat-service/internal/middleware/auth.go:78.2,79.25 2 0
github.com/twomee/chatbox/chat-service/internal/middleware/auth.go:79.25,81.3 1 0
github.com/twomee/chatbox/chat-service/internal/middleware/auth.go:84.2,85.29 2 0
github.com/twomee/chatbox/chat-service/internal/middleware/auth.go:85.29,87.3 1 0
github.com/twomee/chatbox/chat-service/internal/middleware/auth.go:89.2,90.58 2 0
github.com/twomee/chatbox/chat-service/internal/middleware/auth.go:90.58,92.3 1 0
github.com/twomee/chatbox/chat-service/internal/middleware/auth.go:93.2,95.20 2 0
github.com/twomee/chatbox/chat-service/internal/middleware/auth.go:100.73,102.16 2 0
github.com/twomee/chatbox/chat-service/internal/middleware/auth.go:102.16,104.3 1 0
github.com/twomee/chatbox/chat-service/internal/middleware/auth.go:105.2,105.44 1 0
github.com/twomee/chatbox/chat-service/internal/middleware/correlation.go:18.36,19.30 1 0
github.com/twomee/chatbox/chat-service/internal/middleware/correlation.go:19.30,21.18 2 0
github.com/twomee/chatbox/chat-service/internal/middleware/correlation.go:21.18,23.4 1 0
github.com/twomee/chatbox/chat-service/internal/middleware/correlation.go:24.3,26.11 3 0
github.com/twomee/chatbox/chat-service/internal/store/room.go:29.50,31.2 1 0
github.com/twomee/chatbox/chat-service/internal/store/room.go:35.52,37.2 1 0
github.com/twomee/chatbox/chat-service/internal/store/room.go:42.71,45.16 2 0
github.com/twomee/chatbox/chat-service/internal/store/room.go:45.16,47.3 1 0
github.com/twomee/chatbox/chat-service/internal/store/room.go:48.2,51.18 3 0
github.com/twomee/chatbox/chat-service/internal/store/room.go:51.18,53.78 2 0
github.com/twomee/chatbox/chat-service/internal/store/room.go:53.78,55.4 1 0
github.com/twomee/chatbox/chat-service/internal/store/room.go:56.3,56.27 1 0
github.com/twomee/chatbox/chat-service/internal/store/room.go:58.2,58.26 1 0
github.com/twomee/chatbox/chat-service/internal/store/room.go:62.79,67.16 3 0
github.com/twomee/chatbox/chat-service/internal/store/room.go:67.16,69.3 1 0
github.com/twomee/chatbox/chat-service/internal/store/room.go:70.2,70.16 1 0
github.com/twomee/chatbox/chat-service/internal/store/room.go:74.83,79.16 3 0
github.com/twomee/chatbox/chat-service/internal/store/room.go:79.16,81.3 1 0
github.com/twomee/chatbox/chat-service/internal/store/room.go:82.2,82.16 1 0
github.com/twomee/chatbox/chat-service/internal/store/room.go:86.79,89.16 2 0
github.com/twomee/chatbox/chat-service/internal/store/room.go:89.16,91.3 1 0
github.com/twomee/chatbox/chat-service/internal/store/room.go:92.2,92.29 1 0
github.com/twomee/chatbox/chat-service/internal/store/room.go:92.29,94.3 1 0
github.com/twomee/chatbox/chat-service/internal/store/room.go:95.2,95.12 1 0
github.com/twomee/chatbox/chat-service/internal/store/room.go:101.91,104.16 2 0
github.com/twomee/chatbox/chat-service/internal/store/room.go:104.16,106.3 1 0
github.com/twomee/chatbox/chat-service/internal/store/room.go:107.2,110.18 3 0
github.com/twomee/chatbox/chat-service/internal/store/room.go:110.18,112.80 2 0
github.com/twomee/chatbox/chat-service/internal/store/room.go:112.80,114.4 1 0
github.com/twomee/chatbox/chat-service/internal/store/room.go:115.3,115.29 1 0
github.com/twomee/chatbox/chat-service/internal/store/room.go:117.2,117.27 1 0
github.com/twomee/chatbox/chat-service/internal/store/room.go:121.97,127.16 3 0
github.com/twomee/chatbox/chat-service/internal/store/room.go:127.16,129.3 1 0
github.com/twomee/chatbox/chat-service/internal/store/room.go:130.2,130.16 1 0
github.com/twomee/chatbox/chat-service/internal/store/room.go:134.80,137.16 2 0
github.com/twomee/chatbox/chat-service/internal/store/room.go:137.16,139.3 1 0
github.com/twomee/chatbox/chat-service/internal/store/room.go:140.2,140.29 1 0
github.com/twomee/chatbox/chat-service/internal/store/room.go:140.29,142.3 1 0
github.com/twomee/chatbox/chat-service/internal/store/room.go:143.2,143.12 1 0
github.com/twomee/chatbox/chat-service/internal/store/room.go:147.84,154.2 3 0
github.com/twomee/chatbox/chat-service/internal/store/room.go:159.95,162.16 2 0
github.com/twomee/chatbox/chat-service/internal/store/room.go:162.16,164.3 1 0
github.com/twomee/chatbox/chat-service/internal/store/room.go:165.2,168.18 3 0
github.com/twomee/chatbox/chat-service/internal/store/room.go:168.18,170.76 2 0
github.com/twomee/chatbox/chat-service/internal/store/room.go:170.76,172.4 1 0
github.com/twomee/chatbox/chat-service/internal/store/room.go:173.3,173.27 1 0
github.com/twomee/chatbox/chat-service/internal/store/room.go:175.2,175.26 1 0
github.com/twomee/chatbox/chat-service/internal/store/room.go:179.97,185.16 3 0
github.com/twomee/chatbox/chat-service/internal/store/room.go:185.16,187.3 1 0
github.com/twomee/chatbox/chat-service/internal/store/room.go:188.2,188.16 1 0
github.com/twomee/chatbox/chat-service/internal/store/room.go:192.79,195.16 2 0
github.com/twomee/chatbox/chat-service/internal/store/room.go:195.16,197.3 1 0
github.com/twomee/chatbox/chat-service/internal/store/room.go:198.2,198.29 1 0
github.com/twomee/chatbox/chat-service/internal/store/room.go:198.29,200.3 1 0
github.com/twomee/chatbox/chat-service/internal/store/room.go:201.2,201.12 1 0
github.com/twomee/chatbox/chat-service/internal/store/room.go:205.84,212.2 3 0
github.com/twomee/chatbox/chat-service/internal/ws/manager.go:46.46,55.2 1 0
github.com/twomee/chatbox/chat-service/internal/ws/manager.go:60.70,64.9 4 0
github.com/twomee/chatbox/chat-service/internal/ws/manager.go:64.9,67.3 1 0
github.com/twomee/chatbox/chat-service/internal/ws/manager.go:68.2,70.55 3 0
github.com/twomee/chatbox/chat-service/internal/ws/manager.go:76.80,80.28 3 0
github.com/twomee/chatbox/chat-service/internal/ws/manager.go:80.28,82.3 1 0
github.com/twomee/chatbox/chat-service/internal/ws/manager.go:83.2,87.37 4 0
github.com/twomee/chatbox/chat-service/internal/ws/manager.go:87.37,89.3 1 0
github.com/twomee/chatbox/chat-service/internal/ws/manager.go:90.2,96.3 2 0
github.com/twomee/chatbox/chat-service/internal/ws/manager.go:100.68,105.9 4 0
github.com/twomee/chatbox/chat-service/internal/ws/manager.go:105.9,107.3 1 0
github.com/twomee/chatbox/chat-service/internal/ws/manager.go:109.2,110.31 2 0
github.com/twomee/chatbox/chat-service/internal/ws/manager.go:110.31,112.3 1 0
github.com/twomee/chatbox/chat-service/internal/ws/manager.go:114.2,118.40 4 0
github.com/twomee/chatbox/chat-service/internal/ws/manager.go:118.40,120.3 1 0
github.com/twomee/chatbox/chat-service/internal/ws/manager.go:122.2,125.3 1 0
github.com/twomee/chatbox/chat-service/internal/ws/manager.go:130.62,132.16 2 0
github.com/twomee/chatbox/chat-service/internal/ws/manager.go:132.16,135.3 2 0
github.com/twomee/chatbox/chat-service/internal/ws/manager.go:137.2,139.33 3 0
github.com/twomee/chatbox/chat-service/internal/ws/manager.go:139.33,141.3 1 0
github.com/twomee/chatbox/chat-service/internal/ws/manager.go:142.2,145.26 3 0
github.com/twomee/chatbox/chat-service/internal/ws/manager.go:145.26,146.46 1 0
github.com/twomee/chatbox/chat-service/internal/ws/manager.go:146.46,148.4 1 0
github.com/twomee/chatbox/chat-service/internal/ws/manager.go:152.2,152.21 1 0
github.com/twomee/chatbox/chat-service/internal/ws/manager.go:152.21,154.28 2 0
github.com/twomee/chatbox/chat-service/internal/ws/manager.go:154.28,156.10 2 0
github.com/twomee/chatbox/chat-service/internal/ws/manager.go:156.10,161.43 5 0
github.com/twomee/chatbox/chat-service/internal/ws/manager.go:161.43,163.6 1 0
github.com/twomee/chatbox/chat-service/internal/ws/manager.go:165.4,165.17 1 0
github.com/twomee/chatbox/chat-service/internal/ws/manager.go:167.3,167.16 1 0
github.com/twomee/chatbox/chat-service/internal/ws/manager.go:172.52,177.36 4 0
github.com/twomee/chatbox/chat-service/internal/ws/manager.go:177.36,178.36 1 0
github.com/twomee/chatbox/chat-service/internal/ws/manager.go:178.36,180.4 1 0
github.com/twomee/chatbox/chat-service/internal/ws/manager.go:182.2,183.23 2 0
github.com/twomee/chatbox/chat-service/internal/ws/manager.go:183.23,185.3 1 0
github.com/twomee/chatbox/chat-service/internal/ws/manager.go:186.2,186.12 1 0
github.com/twomee/chatbox/chat-service/internal/ws/manager.go:192.69,199.37 5 0
github.com/twomee/chatbox/chat-service/internal/ws/manager.go:199.37,201.3 1 0
github.com/twomee/chatbox/chat-service/internal/ws/manager.go:202.2,207.3 2 0
github.com/twomee/chatbox/chat-service/internal/ws/manager.go:211.57,216.9 4 0
github.com/twomee/chatbox/chat-service/internal/ws/manager.go:216.9,218.3 1 0
github.com/twomee/chatbox/chat-service/internal/ws/manager.go:220.2,224.40 4 0
github.com/twomee/chatbox/chat-service/internal/ws/manager.go:224.40,226.3 1 0
github.com/twomee/chatbox/chat-service/internal/ws/manager.go:228.2,228.71 1 0
github.com/twomee/chatbox/chat-service/internal/ws/manager.go:233.66,235.16 2 0
github.com/twomee/chatbox/chat-service/internal/ws/manager.go:235.16,238.3 2 0
github.com/twomee/chatbox/chat-service/internal/ws/manager.go:240.2,243.39 3 0
github.com/twomee/chatbox/chat-service/internal/ws/manager.go:243.39,244.28 1 0
github.com/twomee/chatbox/chat-service/internal/ws/manager.go:244.28,246.4 1 0
github.com/twomee/chatbox/chat-service/internal/ws/manager.go:248.2,250.23 2 0
github.com/twomee/chatbox/chat-service/internal/ws/manager.go:250.23,252.3 1 0
github.com/twomee/chatbox/chat-service/internal/ws/manager.go:254.2,255.28 2 0
github.com/twomee/chatbox/chat-service/internal/ws/manager.go:255.28,256.46 1 0
github.com/twomee/chatbox/chat-service/internal/ws/manager.go:256.46,258.4 1 0
github.com/twomee/chatbox/chat-service/internal/ws/manager.go:260.2,260.13 1 0
github.com/twomee/chatbox/chat-service/internal/ws/manager.go:264.35,268.2 3 0
github.com/twomee/chatbox/chat-service/internal/ws/manager.go:271.42,275.2 3 0
github.com/twomee/chatbox/chat-service/cmd/server/main.go:30.13,33.65 2 0
github.com/twomee/chatbox/chat-service/cmd/server/main.go:33.65,35.3 1 0
github.com/twomee/chatbox/chat-service/cmd/server/main.go:36.2,36.15 1 0
github.com/twomee/chatbox/chat-service/cmd/server/main.go:36.15,36.36 1 0
github.com/twomee/chatbox/chat-service/cmd/server/main.go:39.2,40.16 2 0
github.com/twomee/chatbox/chat-service/cmd/server/main.go:40.16,42.3 1 0
github.com/twomee/chatbox/chat-service/cmd/server/main.go:43.2,53.27 5 0
github.com/twomee/chatbox/chat-service/cmd/server/main.go:53.27,55.17 2 0
github.com/twomee/chatbox/chat-service/cmd/server/main.go:55.17,57.4 1 0
github.com/twomee/chatbox/chat-service/cmd/server/main.go:58.3,59.42 2 0
github.com/twomee/chatbox/chat-service/cmd/server/main.go:59.42,61.4 1 0
github.com/twomee/chatbox/chat-service/cmd/server/main.go:62.3,62.36 1 0
github.com/twomee/chatbox/chat-service/cmd/server/main.go:63.8,65.3 1 0
github.com/twomee/chatbox/chat-service/cmd/server/main.go:68.2,69.24 2 0
github.com/twomee/chatbox/chat-service/cmd/server/main.go:69.24,71.17 2 0
github.com/twomee/chatbox/chat-service/cmd/server/main.go:71.17,73.4 1 0
github.com/twomee/chatbox/chat-service/cmd/server/main.go:74.3,75.45 2 0
github.com/twomee/chatbox/chat-service/cmd/server/main.go:75.45,77.4 1 0
github.com/twomee/chatbox/chat-service/cmd/server/main.go:77.9,79.4 1 0
github.com/twomee/chatbox/chat-service/cmd/server/main.go:80.3,80.16 1 0
github.com/twomee/chatbox/chat-service/cmd/server/main.go:80.16,80.35 1 0
github.com/twomee/chatbox/chat-service/cmd/server/main.go:84.2,87.42 4 0
github.com/twomee/chatbox/chat-service/cmd/server/main.go:87.42,90.16 3 0
github.com/twomee/chatbox/chat-service/cmd/server/main.go:90.16,90.45 1 0
github.com/twomee/chatbox/chat-service/cmd/server/main.go:91.3,91.77 1 0
github.com/twomee/chatbox/chat-service/cmd/server/main.go:92.8,95.3 2 0
github.com/twomee/chatbox/chat-service/cmd/server/main.go:98.2,110.18 9 0
github.com/twomee/chatbox/chat-service/cmd/server/main.go:110.18,112.3 1 0
github.com/twomee/chatbox/chat-service/cmd/server/main.go:113.2,128.2 10 0
github.com/twomee/chatbox/chat-service/cmd/server/main.go:128.2,138.3 9 0
github.com/twomee/chatbox/chat-service/cmd/server/main.go:141.2,149.12 2 0
github.com/twomee/chatbox/chat-service/cmd/server/main.go:149.12,151.77 2 0
github.com/twomee/chatbox/chat-service/cmd/server/main.go:151.77,153.4 1 0
github.com/twomee/chatbox/chat-service/cmd/server/main.go:157.2,164.50 7 0
github.com/twomee/chatbox/chat-service/cmd/server/main.go:164.50,166.3 1 0
github.com/twomee/chatbox/chat-service/cmd/server/main.go:167.2,167.31 1 0
github.com/twomee/chatbox/chat-service/internal/client/auth.go:30.68,38.2 1 0
github.com/twomee/chatbox/chat-service/internal/client/auth.go:41.101,45.16 3 0
github.com/twomee/chatbox/chat-service/internal/client/auth.go:45.16,47.3 1 0
github.com/twomee/chatbox/chat-service/internal/client/auth.go:49.2,50.16 2 0
github.com/twomee/chatbox/chat-service/internal/client/auth.go:50.16,53.3 2 0
github.com/twomee/chatbox/chat-service/internal/client/auth.go:54.2,56.44 2 0
github.com/twomee/chatbox/chat-service/internal/client/auth.go:56.44,58.3 1 0
github.com/twomee/chatbox/chat-service/internal/client/auth.go:59.2,59.38 1 0
github.com/twomee/chatbox/chat-service/internal/client/auth.go:59.38,61.3 1 0
github.com/twomee/chatbox/chat-service/internal/client/auth.go:63.2,64.65 2 0
github.com/twomee/chatbox/chat-service/internal/client/auth.go:64.65,66.3 1 0
github.com/twomee/chatbox/chat-service/internal/client/auth.go:67.2,67.19 1 0
github.com/twomee/chatbox/chat-service/internal/client/auth.go:71.54,74.16 3 0
github.com/twomee/chatbox/chat-service/internal/client/auth.go:74.16,76.3 1 0
github.com/twomee/chatbox/chat-service/internal/client/auth.go:77.2,78.16 2 0
github.com/twomee/chatbox/chat-service/internal/client/auth.go:78.16,80.3 1 0
github.com/twomee/chatbox/chat-service/internal/client/auth.go:81.2,82.38 2 0
github.com/twomee/chatbox/chat-service/internal/client/auth.go:82.38,84.3 1 0
github.com/twomee/chatbox/chat-service/internal/client/auth.go:85.2,85.12 1 0
github.com/twomee/chatbox/chat-service/internal/config/config.go:38.30,67.42 19 1
github.com/twomee/chatbox/chat-service/internal/config/config.go:67.42,69.3 1 0
github.com/twomee/chatbox/chat-service/internal/config/config.go:71.2,71.39 1 1
github.com/twomee/chatbox/chat-service/internal/config/config.go:71.39,73.3 1 1
github.com/twomee/chatbox/chat-service/internal/config/config.go:75.2,75.18 1 1
github.com/twomee/chatbox/chat-service/internal/config/config.go:80.35,88.33 3 1
github.com/twomee/chatbox/chat-service/internal/config/config.go:88.33,89.26 1 1
github.com/twomee/chatbox/chat-service/internal/config/config.go:89.26,91.4 1 1
github.com/twomee/chatbox/chat-service/internal/config/config.go:94.2,94.12 1 1
github.com/twomee/chatbox/chat-service/internal/config/config.go:98.32,100.2 1 1
github.com/twomee/chatbox/chat-service/internal/config/config.go:103.45,106.28 3 1
github.com/twomee/chatbox/chat-service/internal/config/config.go:106.28,107.53 1 1
github.com/twomee/chatbox/chat-service/internal/config/config.go:107.53,109.4 1 1
github.com/twomee/chatbox/chat-service/internal/config/config.go:111.2,111.12 1 1
github.com/twomee/chatbox/chat-service/internal/delivery/kafka.go:22.64,24.2 1 0
github.com/twomee/chatbox/chat-service/internal/delivery/kafka.go:26.92,29.2 2 0
github.com/twomee/chatbox/chat-service/internal/delivery/kafka.go:31.94,34.2 2 0
github.com/twomee/chatbox/chat-service/internal/delivery/kafka.go:36.99,38.2 1 0
github.com/twomee/chatbox/chat-service/internal/delivery/sync.go:16.56,18.2 1 0
github.com/twomee/chatbox/chat-service/internal/delivery/sync.go:20.89,26.2 2 0
github.com/twomee/chatbox/chat-service/internal/delivery/sync.go:28.91,34.2 2 0
github.com/twomee/chatbox/chat-service/internal/delivery/sync.go:36.96,42.2 2 0
github.com/twomee/chatbox/chat-service/internal/handler/health.go:24.113,31.2 1 0
github.com/twomee/chatbox/chat-service/internal/handler/health.go:34.48,39.2 1 0
github.com/twomee/chatbox/chat-service/internal/handler/health.go:44.47,52.17 5 0
github.com/twomee/chatbox/chat-service/internal/handler/health.go:52.17,53.40 1 0
github.com/twomee/chatbox/chat-service/internal/handler/health.go:53.40,56.4 2 0
github.com/twomee/chatbox/chat-service/internal/handler/health.go:56.9,58.4 1 0
github.com/twomee/chatbox/chat-service/internal/handler/health.go:59.8,61.3 1 0
github.com/twomee/chatbox/chat-service/internal/handler/health.go:64.2,64.20 1 0
github.com/twomee/chatbox/chat-service/internal/handler/health.go:64.20,65.49 1 0
github.com/twomee/chatbox/chat-service/internal/handler/health.go:65.49,68.4 2 0
github.com/twomee/chatbox/chat-service/internal/handler/health.go:68.9,70.4 1 0
github.com/twomee/chatbox/chat-service/internal/handler/health.go:71.8,73.3 1 0
github.com/twomee/chatbox/chat-service/internal/handler/health.go:76.2,76.28 1 0
github.com/twomee/chatbox/chat-service/internal/handler/health.go:76.28,77.67 1 0
github.com/twomee/chatbox/chat-service/internal/handler/health.go:77.67,80.4 2 0
github.com/twomee/chatbox/chat-service/internal/handler/health.go:80.9,82.4 1 0
github.com/twomee/chatbox/chat-service/internal/handler/health.go:83.8,85.3 1 0
github.com/twomee/chatbox/chat-service/internal/handler/health.go:87.2,88.14 2 0
github.com/twomee/chatbox/chat-service/internal/handler/health.go:88.14,90.3 1 0
github.com/twomee/chatbox/chat-service/internal/handler/health.go:92.2,94.4 1 0
github.com/twomee/chatbox/chat-service/internal/handler/lobby.go:23.95,29.2 1 0
github.com/twomee/chatbox/chat-service/internal/handler/lobby.go:33.54,35.17 2 0
github.com/twomee/chatbox/chat-service/internal/handler/lobby.go:35.17,38.3 2 0
github.com/twomee/chatbox/chat-service/internal/handler/lobby.go:40.2,41.16 2 0
github.com/twomee/chatbox/chat-service/internal/handler/lobby.go:41.16,44.3 2 0
github.com/twomee/chatbox/chat-service/internal/handler/lobby.go:46.2,48.16 3 0
github.com/twomee/chatbox/chat-service/internal/handler/lobby.go:48.16,51.3 2 0
github.com/twomee/chatbox/chat-service/internal/handler/lobby.go:54.2,61.6 4 0
github.com/twomee/chatbox/chat-service/internal/handler/lobby.go:61.6,62.50 1 0
github.com/twomee/chatbox/chat-service/internal/handler/lobby.go:62.50,63.101 1 0
github.com/twomee/chatbox/chat-service/internal/handler/lobby.go:63.101,65.5 1 0
github.com/twomee/chatbox/chat-service/internal/handler/lobby.go:66.4,66.9 1 0
github.com/twomee/chatbox/chat-service/internal/handler/lobby.go:70.2,71.18 2 0
github.com/twomee/chatbox/chat-service/internal/handler/pm.go:32.14,39.2 1 0
github.com/twomee/chatbox/chat-service/internal/handler/pm.go:44.44,46.47 2 0
github.com/twomee/chatbox/chat-service/internal/handler/pm.go:46.47,49.3 2 0
github.com/twomee/chatbox/chat-service/internal/handler/pm.go:51.2,56.16 4 0
github.com/twomee/chatbox/chat-service/internal/handler/pm.go:56.16,60.3 3 0
github.com/twomee/chatbox/chat-service/internal/handler/pm.go:61.2,61.22 1 0
github.com/twomee/chatbox/chat-service/internal/handler/pm.go:61.22,64.3 2 0
github.com/twomee/chatbox/chat-service/internal/handler/pm.go:66.2,81.91 4 0
github.com/twomee/chatbox/chat-service/internal/handler/pm.go:81.91,83.3 1 0
github.com/twomee/chatbox/chat-service/internal/handler/pm.go:85.2,88.4 1 0
github.com/twomee/chatbox/chat-service/internal/handler/room.go:26.93,28.2 1 0
github.com/twomee/chatbox/chat-service/internal/handler/room.go:32.49,34.16 2 0
github.com/twomee/chatbox/chat-service/internal/handler/room.go:34.16,38.3 3 0
github.com/twomee/chatbox/chat-service/internal/handler/room.go:39.2,39.18 1 0
github.com/twomee/chatbox/chat-service/internal/handler/room.go:39.18,41.3 1 0
github.com/twomee/chatbox/chat-service/internal/handler/room.go:42.2,42.30 1 0
github.com/twomee/chatbox/chat-service/internal/handler/room.go:47.50,49.47 2 0
github.com/twomee/chatbox/chat-service/internal/handler/room.go:49.47,52.3 2 0
github.com/twomee/chatbox/chat-service/internal/handler/room.go:54.2,55.16 2 0
github.com/twomee/chatbox/chat-service/internal/handler/room.go:55.16,60.3 3 0
github.com/twomee/chatbox/chat-service/internal/handler/room.go:61.2,61.34 1 0
github.com/twomee/chatbox/chat-service/internal/handler/room.go:66.52,68.16 2 0
github.com/twomee/chatbox/chat-service/internal/handler/room.go:68.16,71.3 2 0
github.com/twomee/chatbox/chat-service/internal/handler/room.go:73.2,74.68 2 0
github.com/twomee/chatbox/chat-service/internal/handler/room.go:79.49,81.16 2 0
github.com/twomee/chatbox/chat-service/internal/handler/room.go:81.16,84.3 2 0
github.com/twomee/chatbox/chat-service/internal/handler/room.go:86.2,87.47 2 0
github.com/twomee/chatbox/chat-service/internal/handler/room.go:87.47,90.3 2 0
github.com/twomee/chatbox/chat-service/internal/handler/room.go:92.2,92.85 1 0
github.com/twomee/chatbox/chat-service/internal/handler/room.go:92.85,93.36 1 0
github.com/twomee/chatbox/chat-service/internal/handler/room.go:93.36,96.4 2 0
github.com/twomee/chatbox/chat-service/internal/handler/room.go:97.3,99.9 3 0
github.com/twomee/chatbox/chat-service/internal/handler/room.go:101.2,101.76 1 0
github.com/twomee/chatbox/chat-service/internal/handler/room.go:108.48,110.16 2 0
github.com/twomee/chatbox/chat-service/internal/handler/room.go:110.16,113.3 2 0
github.com/twomee/chatbox/chat-service/internal/handler/room.go:115.2,116.47 2 0
github.com/twomee/chatbox/chat-service/internal/handler/room.go:116.47,119.3 2 0
github.com/twomee/chatbox/chat-service/internal/handler/room.go:121.2,122.16 2 0
github.com/twomee/chatbox/chat-service/internal/handler/room.go:122.16,126.3 3 0
github.com/twomee/chatbox/chat-service/internal/handler/room.go:127.2,127.35 1 0
github.com/twomee/chatbox/chat-service/internal/handler/room.go:132.51,134.16 2 0
github.com/twomee/chatbox/chat-service/internal/handler/room.go:134.16,137.3 2 0
github.com/twomee/chatbox/chat-service/internal/handler/room.go:138.2,139.16 2 0
github.com/twomee/chatbox/chat-service/internal/handler/room.go:139.16,142.3 2 0
github.com/twomee/chatbox/chat-service/internal/handler/room.go:144.2,144.81 1 0
github.com/twomee/chatbox/chat-service/internal/handler/room.go:144.81,145.36 1 0
github.com/twomee/chatbox/chat-service/internal/handler/room.go:145.36,148.4 2 0
github.com/twomee/chatbox/chat-service/internal/handler/room.go:149.3,151.9 3 0
github.com/twomee/chatbox/chat-service/internal/handler/room.go:153.2,153.57 1 0
github.com/twomee/chatbox/chat-service/internal/handler/room.go:160.48,162.16 2 0
github.com/twomee/chatbox/chat-service/internal/handler/room.go:162.16,165.3 2 0
github.com/twomee/chatbox/chat-service/internal/handler/room.go:168.2,170.14 3 0
github.com/twomee/chatbox/chat-service/internal/handler/room.go:170.14,173.3 2 0
github.com/twomee/chatbox/chat-service/internal/handler/room.go:175.2,176.47 2 0
github.com/twomee/chatbox/chat-service/internal/handler/room.go:176.47,179.3 2 0
github.com/twomee/chatbox/chat-service/internal/handler/room.go:181.2,182.16 2 0
github.com/twomee/chatbox/chat-service/internal/handler/room.go:182.16,186.3 3 0
github.com/twomee/chatbox/chat-service/internal/handler/room.go:187.2,187.35 1 0
github.com/twomee/chatbox/chat-service/internal/handler/room.go:192.50,194.16 2 0
github.com/twomee/chatbox/chat-service/internal/handler/room.go:194.16,197.3 2 0
github.com/twomee/chatbox/chat-service/internal/handler/room.go:198.2,199.16 2 0
github.com/twomee/chatbox/chat-service/internal/handler/room.go:199.16,202.3 2 0
github.com/twomee/chatbox/chat-service/internal/handler/room.go:205.2,207.14 3 0
github.com/twomee/chatbox/chat-service/internal/handler/room.go:207.14,210.3 2 0
github.com/twomee/chatbox/chat-service/internal/handler/room.go:212.2,212.80 1 0
github.com/twomee/chatbox/chat-service/internal/handler/room.go:212.80,213.36 1 0
github.com/twomee/chatbox/chat-service/internal/handler/room.go:213.36,216.4 2 0
github.com/twomee/chatbox/chat-service/internal/handler/room.go:217.3,219.9 3 0
github.com/twomee/chatbox/chat-service/internal/handler/room.go:221.2,221.56 1 0
github.com/twomee/chatbox/chat-service/internal/handler/websocket.go:36.39,42.2 1 0
github.com/twomee/chatbox/chat-service/internal/handler/websocket.go:46.40,48.82 2 0
github.com/twomee/chatbox/chat-service/internal/handler/websocket.go:48.82,50.3 1 0
github.com/twomee/chatbox/chat-service/internal/handler/websocket.go:52.2,53.19 2 0
github.com/twomee/chatbox/chat-service/internal/handler/websocket.go:53.19,55.3 1 0
github.com/twomee/chatbox/chat-service/internal/handler/websocket.go:57.2,58.18 2 0
github.com/twomee/chatbox/chat-service/internal/handler/websocket.go:58.18,60.3 1 0
github.com/twomee/chatbox/chat-service/internal/handler/websocket.go:62.2,62.48 1 0
github.com/twomee/chatbox/chat-service/internal/handler/websocket.go:62.48,63.37 1 0
github.com/twomee/chatbox/chat-service/internal/handler/websocket.go:63.37,65.4 1 0
github.com/twomee/chatbox/chat-service/internal/handler/websocket.go:67.2,67.14 1 0
github.com/twomee/chatbox/chat-service/internal/handler/websocket.go:86.14,94.2 1 0
github.com/twomee/chatbox/chat-service/internal/handler/websocket.go:101.50,104.16 3 0
github.com/twomee/chatbox/chat-service/internal/handler/websocket.go:104.16,107.3 2 0
github.com/twomee/chatbox/chat-service/internal/handler/websocket.go:110.2,111.17 2 0
github.com/twomee/chatbox/chat-service/internal/handler/websocket.go:111.17,114.3 2 0
github.com/twomee/chatbox/chat-service/internal/handler/websocket.go:116.2,117.16 2 0
github.com/twomee/chatbox/chat-service/internal/handler/websocket.go:117.16,120.3 2 0
github.com/twomee/chatbox/chat-service/internal/handler/websocket.go:123.2,124.16 2 0
github.com/twomee/chatbox/chat-service/internal/handler/websocket.go:124.16,127.3 2 0
github.com/twomee/chatbox/chat-service/internal/handler/websocket.go:128.2,128.20 1 0
github.com/twomee/chatbox/chat-service/internal/handler/websocket.go:128.20,131.3 2 0
github.com/twomee/chatbox/chat-service/internal/handler/websocket.go:134.2,139.16 4 0
github.com/twomee/chatbox/chat-service/internal/handler/websocket.go:139.16,142.3 2 0
github.com/twomee/chatbox/chat-service/internal/handler/websocket.go:145.2,176.43 10 0
github.com/twomee/chatbox/chat-service/internal/handler/websocket.go:180.101,181.6 1 0
github.com/twomee/chatbox/chat-service/internal/handler/websocket.go:181.6,183.17 2 0
github.com/twomee/chatbox/chat-service/internal/handler/websocket.go:183.17,184.101 1 0
github.com/twomee/chatbox/chat-service/internal/handler/websocket.go:184.101,186.5 1 0
github.com/twomee/chatbox/chat-service/internal/handler/websocket.go:187.4,187.10 1 0
github.com/twomee/chatbox/chat-service/internal/handler/websocket.go:191.3,194.82 2 0
github.com/twomee/chatbox/chat-service/internal/handler/websocket.go:194.82,195.12 1 0
github.com/twomee/chatbox/chat-service/internal/handler/websocket.go:199.3,199.47 1 0
github.com/twomee/chatbox/chat-service/internal/handler/websocket.go:199.47,202.12 3 0
github.com/twomee/chatbox/chat-service/internal/handler/websocket.go:205.3,205.12 1 0
github.com/twomee/chatbox/chat-service/internal/handler/websocket.go:205.12,209.12 3 0
github.com/twomee/chatbox/chat-service/internal/handler/websocket.go:212.3,226.87 4 0
github.com/twomee/chatbox/chat-service/internal/handler/websocket.go:226.87,228.4 1 0
github.com/twomee/chatbox/chat-service/internal/kafka/producer.go:34.66,43.2 2 0
github.com/twomee/chatbox/chat-service/internal/kafka/producer.go:47.75,49.2 1 0
github.com/twomee/chatbox/chat-service/internal/kafka/producer.go:53.88,59.57 2 0
github.com/twomee/chatbox/chat-service/internal/kafka/producer.go:59.57,66.3 2 0
github.com/twomee/chatbox/chat-service/internal/kafka/producer.go:67.2,71.12 2 0
github.com/twomee/chatbox/chat-service/internal/kafka/producer.go:75.34,77.2 1 0
github.com/twomee/chatbox/chat-service/internal/kafka/producer.go:81.70,82.23 1 0
github.com/twomee/chatbox/chat-service/internal/kafka/producer.go:82.23,84.3 1 0
github.com/twomee/chatbox/chat-service/internal/kafka/producer.go:85.2,86.16 2 0
github.com/twomee/chatbox/chat-service/internal/kafka/producer.go:86.16,88.3 1 0
github.com/twomee/chatbox/chat-service/internal/kafka/producer.go:89.2,90.12 2 0
github.com/twomee/chatbox/chat-service/internal/middleware/auth.go:26.48,27.30 1 0
github.com/twomee/chatbox/chat-service/internal/middleware/auth.go:27.30,29.23 2 0
github.com/twomee/chatbox/chat-service/internal/middleware/auth.go:29.23,34.4 2 0
github.com/twomee/chatbox/chat-service/internal/middleware/auth.go:36.3,37.64 2 0
github.com/twomee/chatbox/chat-service/internal/middleware/auth.go:37.64,42.4 2 0
github.com/twomee/chatbox/chat-service/internal/middleware/auth.go:44.3,46.17 3 0
github.com/twomee/chatbox/chat-service/internal/middleware/auth.go:46.17,51.4 2 0
github.com/twomee/chatbox/chat-service/internal/middleware/auth.go:53.3,55.11 3 0
github.com/twomee/chatbox/chat-service/internal/middleware/auth.go:67.63,68.101 1 0
github.com/twomee/chatbox/chat-service/internal/middleware/auth.go:68.101,69.54 1 0
github.com/twomee/chatbox/chat-service/internal/middleware/auth.go:69.54,71.4 1 0
github.com/twomee/chatbox/chat-service/internal/middleware/auth.go:72.3,72.29 1 0
github.com/twomee/chatbox/chat-service/internal/middleware/auth.go:74.2,74.16 1 0
github.com/twomee/chatbox/chat-service/internal/middleware/auth.go:74.16,76.3 1 0
github.com/twomee/chatbox/chat-service/internal/middleware/auth.go:78.2,79.25 2 0
github.com/twomee/chatbox/chat-service/internal/middleware/auth.go:79.25,81.3 1 0
github.com/twomee/chatbox/chat-service/internal/middleware/auth.go:84.2,85.29 2 0
github.com/twomee/chatbox/chat-service/internal/middleware/auth.go:85.29,87.3 1 0
github.com/twomee/chatbox/chat-service/internal/middleware/auth.go:89.2,90.58 2 0
github.com/twomee/chatbox/chat-service/internal/middleware/auth.go:90.58,92.3 1 0
github.com/twomee/chatbox/chat-service/internal/middleware/auth.go:93.2,95.20 2 0
github.com/twomee/chatbox/chat-service/internal/middleware/auth.go:100.73,102.16 2 0
github.com/twomee/chatbox/chat-service/internal/middleware/auth.go:102.16,104.3 1 0
github.com/twomee/chatbox/chat-service/internal/middleware/auth.go:105.2,105.44 1 0
github.com/twomee/chatbox/chat-service/internal/middleware/correlation.go:18.36,19.30 1 0
github.com/twomee/chatbox/chat-service/internal/middleware/correlation.go:19.30,21.18 2 0
github.com/twomee/chatbox/chat-service/internal/middleware/correlation.go:21.18,23.4 1 0
github.com/twomee/chatbox/chat-service/internal/middleware/correlation.go:24.3,26.11 3 0
github.com/twomee/chatbox/chat-service/internal/store/room.go:29.50,31.2 1 0
github.com/twomee/chatbox/chat-service/internal/store/room.go:35.52,37.2 1 0
github.com/twomee/chatbox/chat-service/internal/store/room.go:42.71,45.16 2 0
github.com/twomee/chatbox/chat-service/internal/store/room.go:45.16,47.3 1 0
github.com/twomee/chatbox/chat-service/internal/store/room.go:48.2,51.18 3 0
github.com/twomee/chatbox/chat-service/internal/store/room.go:51.18,53.78 2 0
github.com/twomee/chatbox/chat-service/internal/store/room.go:53.78,55.4 1 0
github.com/twomee/chatbox/chat-service/internal/store/room.go:56.3,56.27 1 0
github.com/twomee/chatbox/chat-service/internal/store/room.go:58.2,58.26 1 0
github.com/twomee/chatbox/chat-service/internal/store/room.go:62.79,67.16 3 0
github.com/twomee/chatbox/chat-service/internal/store/room.go:67.16,69.3 1 0
github.com/twomee/chatbox/chat-service/internal/store/room.go:70.2,70.16 1 0
github.com/twomee/chatbox/chat-service/internal/store/room.go:74.83,79.16 3 0
github.com/twomee/chatbox/chat-service/internal/store/room.go:79.16,81.3 1 0
github.com/twomee/chatbox/chat-service/internal/store/room.go:82.2,82.16 1 0
github.com/twomee/chatbox/chat-service/internal/store/room.go:86.79,89.16 2 0
github.com/twomee/chatbox/chat-service/internal/store/room.go:89.16,91.3 1 0
github.com/twomee/chatbox/chat-service/internal/store/room.go:92.2,92.29 1 0
github.com/twomee/chatbox/chat-service/internal/store/room.go:92.29,94.3 1 0
github.com/twomee/chatbox/chat-service/internal/store/room.go:95.2,95.12 1 0
github.com/twomee/chatbox/chat-service/internal/store/room.go:101.91,104.16 2 0
github.com/twomee/chatbox/chat-service/internal/store/room.go:104.16,106.3 1 0
github.com/twomee/chatbox/chat-service/internal/store/room.go:107.2,110.18 3 0
github.com/twomee/chatbox/chat-service/internal/store/room.go:110.18,112.80 2 0
github.com/twomee/chatbox/chat-service/internal/store/room.go:112.80,114.4 1 0
github.com/twomee/chatbox/chat-service/internal/store/room.go:115.3,115.29 1 0
github.com/twomee/chatbox/chat-service/internal/store/room.go:117.2,117.27 1 0
github.com/twomee/chatbox/chat-service/internal/store/room.go:121.97,127.16 3 0
github.com/twomee/chatbox/chat-service/internal/store/room.go:127.16,129.3 1 0
github.com/twomee/chatbox/chat-service/internal/store/room.go:130.2,130.16 1 0
github.com/twomee/chatbox/chat-service/internal/store/room.go:134.80,137.16 2 0
github.com/twomee/chatbox/chat-service/internal/store/room.go:137.16,139.3 1 0
github.com/twomee/chatbox/chat-service/internal/store/room.go:140.2,140.29 1 0
github.com/twomee/chatbox/chat-service/internal/store/room.go:140.29,142.3 1 0
github.com/twomee/chatbox/chat-service/internal/store/room.go:143.2,143.12 1 0
github.com/twomee/chatbox/chat-service/internal/store/room.go:147.84,154.2 3 0
github.com/twomee/chatbox/chat-service/internal/store/room.go:159.95,162.16 2 0
github.com/twomee/chatbox/chat-service/internal/store/room.go:162.16,164.3 1 0
github.com/twomee/chatbox/chat-service/internal/store/room.go:165.2,168.18 3 0
github.com/twomee/chatbox/chat-service/internal/store/room.go:168.18,170.76 2 0
github.com/twomee/chatbox/chat-service/internal/store/room.go:170.76,172.4 1 0
github.com/twomee/chatbox/chat-service/internal/store/room.go:173.3,173.27 1 0
github.com/twomee/chatbox/chat-service/internal/store/room.go:175.2,175.26 1 0
github.com/twomee/chatbox/chat-service/internal/store/room.go:179.97,185.16 3 0
github.com/twomee/chatbox/chat-service/internal/store/room.go:185.16,187.3 1 0
github.com/twomee/chatbox/chat-service/internal/store/room.go:188.2,188.16 1 0
github.com/twomee/chatbox/chat-service/internal/store/room.go:192.79,195.16 2 0
github.com/twomee/chatbox/chat-service/internal/store/room.go:195.16,197.3 1 0
github.com/twomee/chatbox/chat-service/internal/store/room.go:198.2,198.29 1 0
github.com/twomee/chatbox/chat-service/internal/store/room.go:198.29,200.3 1 0
github.com/twomee/chatbox/chat-service/internal/store/room.go:201.2,201.12 1 0
github.com/twomee/chatbox/chat-service/internal/store/room.go:205.84,212.2 3 0
github.com/twomee/chatbox/chat-service/internal/ws/manager.go:46.46,55.2 1 0
github.com/twomee/chatbox/chat-service/internal/ws/manager.go:60.70,64.9 4 0
github.com/twomee/chatbox/chat-service/internal/ws/manager.go:64.9,67.3 1 0
github.com/twomee/chatbox/chat-service/internal/ws/manager.go:68.2,70.55 3 0
github.com/twomee/chatbox/chat-service/internal/ws/manager.go:76.80,80.28 3 0
github.com/twomee/chatbox/chat-service/internal/ws/manager.go:80.28,82.3 1 0
github.com/twomee/chatbox/chat-service/internal/ws/manager.go:83.2,87.37 4 0
github.com/twomee/chatbox/chat-service/internal/ws/manager.go:87.37,89.3 1 0
github.com/twomee/chatbox/chat-service/internal/ws/manager.go:90.2,96.3 2 0
github.com/twomee/chatbox/chat-service/internal/ws/manager.go:100.68,105.9 4 0
github.com/twomee/chatbox/chat-service/internal/ws/manager.go:105.9,107.3 1 0
github.com/twomee/chatbox/chat-service/internal/ws/manager.go:109.2,110.31 2 0
github.com/twomee/chatbox/chat-service/internal/ws/manager.go:110.31,112.3 1 0
github.com/twomee/chatbox/chat-service/internal/ws/manager.go:114.2,118.40 4 0
github.com/twomee/chatbox/chat-service/internal/ws/manager.go:118.40,120.3 1 0
github.com/twomee/chatbox/chat-service/internal/ws/manager.go:122.2,125.3 1 0
github.com/twomee/chatbox/chat-service/internal/ws/manager.go:130.62,132.16 2 0
github.com/twomee/chatbox/chat-service/internal/ws/manager.go:132.16,135.3 2 0
github.com/twomee/chatbox/chat-service/internal/ws/manager.go:137.2,139.33 3 0
github.com/twomee/chatbox/chat-service/internal/ws/manager.go:139.33,141.3 1 0
github.com/twomee/chatbox/chat-service/internal/ws/manager.go:142.2,145.26 3 0
github.com/twomee/chatbox/chat-service/internal/ws/manager.go:145.26,146.46 1 0
github.com/twomee/chatbox/chat-service/internal/ws/manager.go:146.46,148.4 1 0
github.com/twomee/chatbox/chat-service/internal/ws/manager.go:152.2,152.21 1 0
github.com/twomee/chatbox/chat-service/internal/ws/manager.go:152.21,154.28 2 0
github.com/twomee/chatbox/chat-service/internal/ws/manager.go:154.28,156.10 2 0
github.com/twomee/chatbox/chat-service/internal/ws/manager.go:156.10,161.43 5 0
github.com/twomee/chatbox/chat-service/internal/ws/manager.go:161.43,163.6 1 0
github.com/twomee/chatbox/chat-service/internal/ws/manager.go:165.4,165.17 1 0
github.com/twomee/chatbox/chat-service/internal/ws/manager.go:167.3,167.16 1 0
github.com/twomee/chatbox/chat-service/internal/ws/manager.go:172.52,177.36 4 0
github.com/twomee/chatbox/chat-service/internal/ws/manager.go:177.36,178.36 1 0
github.com/twomee/chatbox/chat-service/internal/ws/manager.go:178.36,180.4 1 0
github.com/twomee/chatbox/chat-service/internal/ws/manager.go:182.2,183.23 2 0
github.com/twomee/chatbox/chat-service/internal/ws/manager.go:183.23,185.3 1 0
github.com/twomee/chatbox/chat-service/internal/ws/manager.go:186.2,186.12 1 0
github.com/twomee/chatbox/chat-service/internal/ws/manager.go:192.69,199.37 5 0
github.com/twomee/chatbox/chat-service/internal/ws/manager.go:199.37,201.3 1 0
github.com/twomee/chatbox/chat-service/internal/ws/manager.go:202.2,207.3 2 0
github.com/twomee/chatbox/chat-service/internal/ws/manager.go:211.57,216.9 4 0
github.com/twomee/chatbox/chat-service/internal/ws/manager.go:216.9,218.3 1 0
github.com/twomee/chatbox/chat-service/internal/ws/manager.go:220.2,224.40 4 0
github.com/twomee/chatbox/chat-service/internal/ws/manager.go:224.40,226.3 1 0
github.com/twomee/chatbox/chat-service/internal/ws/manager.go:228.2,228.71 1 0
github.com/twomee/chatbox/chat-service/internal/ws/manager.go:233.66,235.16 2 0
github.com/twomee/chatbox/chat-service/internal/ws/manager.go:235.16,238.3 2 0
github.com/twomee/chatbox/chat-service/internal/ws/manager.go:240.2,243.39 3 0
github.com/twomee/chatbox/chat-service/internal/ws/manager.go:243.39,244.28 1 0
github.com/twomee/chatbox/chat-service/internal/ws/manager.go:244.28,246.4 1 0
github.com/twomee/chatbox/chat-service/internal/ws/manager.go:248.2,250.23 2 0
github.com/twomee/chatbox/chat-service/internal/ws/manager.go:250.23,252.3 1 0
github.com/twomee/chatbox/chat-service/internal/ws/manager.go:254.2,255.28 2 0
github.com/twomee/chatbox/chat-service/internal/ws/manager.go:255.28,256.46 1 0
github.com/twomee/chatbox/chat-service/internal/ws/manager.go:256.46,258.4 1 0
github.com/twomee/chatbox/chat-service/internal/ws/manager.go:260.2,260.13 1 0
github.com/twomee/chatbox/chat-service/internal/ws/manager.go:264.35,268.2 3 0
github.com/twomee/chatbox/chat-service/internal/ws/manager.go:271.42,275.2 3 0
github.com/twomee/chatbox/chat-service/cmd/server/main.go:30.13,33.65 2 0
github.com/twomee/chatbox/chat-service/cmd/server/main.go:33.65,35.3 1 0
github.com/twomee/chatbox/chat-service/cmd/server/main.go:36.2,36.15 1 0
github.com/twomee/chatbox/chat-service/cmd/server/main.go:36.15,36.36 1 0
github.com/twomee/chatbox/chat-service/cmd/server/main.go:39.2,40.16 2 0
github.com/twomee/chatbox/chat-service/cmd/server/main.go:40.16,42.3 1 0
github.com/twomee/chatbox/chat-service/cmd/server/main.go:43.2,53.27 5 0
github.com/twomee/chatbox/chat-service/cmd/server/main.go:53.27,55.17 2 0
github.com/twomee/chatbox/chat-service/cmd/server/main.go:55.17,57.4 1 0
github.com/twomee/chatbox/chat-service/cmd/server/main.go:58.3,59.42 2 0
github.com/twomee/chatbox/chat-service/cmd/server/main.go:59.42,61.4 1 0
github.com/twomee/chatbox/chat-service/cmd/server/main.go:62.3,62.36 1 0
github.com/twomee/chatbox/chat-service/cmd/server/main.go:63.8,65.3 1 0
github.com/twomee/chatbox/chat-service/cmd/server/main.go:68.2,69.24 2 0
github.com/twomee/chatbox/chat-service/cmd/server/main.go:69.24,71.17 2 0
github.com/twomee/chatbox/chat-service/cmd/server/main.go:71.17,73.4 1 0
github.com/twomee/chatbox/chat-service/cmd/server/main.go:74.3,75.45 2 0
github.com/twomee/chatbox/chat-service/cmd/server/main.go:75.45,77.4 1 0
github.com/twomee/chatbox/chat-service/cmd/server/main.go:77.9,79.4 1 0
github.com/twomee/chatbox/chat-service/cmd/server/main.go:80.3,80.16 1 0
github.com/twomee/chatbox/chat-service/cmd/server/main.go:80.16,80.35 1 0
github.com/twomee/chatbox/chat-service/cmd/server/main.go:84.2,87.42 4 0
github.com/twomee/chatbox/chat-service/cmd/server/main.go:87.42,90.16 3 0
github.com/twomee/chatbox/chat-service/cmd/server/main.go:90.16,90.45 1 0
github.com/twomee/chatbox/chat-service/cmd/server/main.go:91.3,91.77 1 0
github.com/twomee/chatbox/chat-service/cmd/server/main.go:92.8,95.3 2 0
github.com/twomee/chatbox/chat-service/cmd/server/main.go:98.2,110.18 9 0
github.com/twomee/chatbox/chat-service/cmd/server/main.go:110.18,112.3 1 0
github.com/twomee/chatbox/chat-service/cmd/server/main.go:113.2,128.2 10 0
github.com/twomee/chatbox/chat-service/cmd/server/main.go:128.2,138.3 9 0
github.com/twomee/chatbox/chat-service/cmd/server/main.go:141.2,149.12 2 0
github.com/twomee/chatbox/chat-service/cmd/server/main.go:149.12,151.77 2 0
github.com/twomee/chatbox/chat-service/cmd/server/main.go:151.77,153.4 1 0
github.com/twomee/chatbox/chat-service/cmd/server/main.go:157.2,164.50 7 0
github.com/twomee/chatbox/chat-service/cmd/server/main.go:164.50,166.3 1 0
github.com/twomee/chatbox/chat-service/cmd/server/main.go:167.2,167.31 1 0
github.com/twomee/chatbox/chat-service/internal/client/auth.go:30.68,38.2 1 0
github.com/twomee/chatbox/chat-service/internal/client/auth.go:41.101,45.16 3 0
github.com/twomee/chatbox/chat-service/internal/client/auth.go:45.16,47.3 1 0
github.com/twomee/chatbox/chat-service/internal/client/auth.go:49.2,50.16 2 0
github.com/twomee/chatbox/chat-service/internal/client/auth.go:50.16,53.3 2 0
github.com/twomee/chatbox/chat-service/internal/client/auth.go:54.2,56.44 2 0
github.com/twomee/chatbox/chat-service/internal/client/auth.go:56.44,58.3 1 0
github.com/twomee/chatbox/chat-service/internal/client/auth.go:59.2,59.38 1 0
github.com/twomee/chatbox/chat-service/internal/client/auth.go:59.38,61.3 1 0
github.com/twomee/chatbox/chat-service/internal/client/auth.go:63.2,64.65 2 0
github.com/twomee/chatbox/chat-service/internal/client/auth.go:64.65,66.3 1 0
github.com/twomee/chatbox/chat-service/internal/client/auth.go:67.2,67.19 1 0
github.com/twomee/chatbox/chat-service/internal/client/auth.go:71.54,74.16 3 0
github.com/twomee/chatbox/chat-service/internal/client/auth.go:74.16,76.3 1 0
github.com/twomee/chatbox/chat-service/internal/client/auth.go:77.2,78.16 2 0
github.com/twomee/chatbox/chat-service/internal/client/auth.go:78.16,80.3 1 0
github.com/twomee/chatbox/chat-service/internal/client/auth.go:81.2,82.38 2 0
github.com/twomee/chatbox/chat-service/internal/client/auth.go:82.38,84.3 1 0
github.com/twomee/chatbox/chat-service/internal/client/auth.go:85.2,85.12 1 0
github.com/twomee/chatbox/chat-service/internal/config/config.go:38.30,67.42 19 0
github.com/twomee/chatbox/chat-service/internal/config/config.go:67.42,69.3 1 0
github.com/twomee/chatbox/chat-service/internal/config/config.go:71.2,71.39 1 0
github.com/twomee/chatbox/chat-service/internal/config/config.go:71.39,73.3 1 0
github.com/twomee/chatbox/chat-service/internal/config/config.go:75.2,75.18 1 0
github.com/twomee/chatbox/chat-service/internal/config/config.go:80.35,88.33 3 0
github.com/twomee/chatbox/chat-service/internal/config/config.go:88.33,89.26 1 0
github.com/twomee/chatbox/chat-service/internal/config/config.go:89.26,91.4 1 0
github.com/twomee/chatbox/chat-service/internal/config/config.go:94.2,94.12 1 0
github.com/twomee/chatbox/chat-service/internal/config/config.go:98.32,100.2 1 0
github.com/twomee/chatbox/chat-service/internal/config/config.go:103.45,106.28 3 0
github.com/twomee/chatbox/chat-service/internal/config/config.go:106.28,107.53 1 0
github.com/twomee/chatbox/chat-service/internal/config/config.go:107.53,109.4 1 0
github.com/twomee/chatbox/chat-service/internal/config/config.go:111.2,111.12 1 0
github.com/twomee/chatbox/chat-service/internal/delivery/kafka.go:22.64,24.2 1 1
github.com/twomee/chatbox/chat-service/internal/delivery/kafka.go:26.92,29.2 2 1
github.com/twomee/chatbox/chat-service/internal/delivery/kafka.go:31.94,34.2 2 1
github.com/twomee/chatbox/chat-service/internal/delivery/kafka.go:36.99,38.2 1 1
github.com/twomee/chatbox/chat-service/internal/delivery/sync.go:16.56,18.2 1 1
github.com/twomee/chatbox/chat-service/internal/delivery/sync.go:20.89,26.2 2 1
github.com/twomee/chatbox/chat-service/internal/delivery/sync.go:28.91,34.2 2 1
github.com/twomee/chatbox/chat-service/internal/delivery/sync.go:36.96,42.2 2 1
github.com/twomee/chatbox/chat-service/internal/handler/health.go:24.113,31.2 1 0
github.com/twomee/chatbox/chat-service/internal/handler/health.go:34.48,39.2 1 0
github.com/twomee/chatbox/chat-service/internal/handler/health.go:44.47,52.17 5 0
github.com/twomee/chatbox/chat-service/internal/handler/health.go:52.17,53.40 1 0
github.com/twomee/chatbox/chat-service/internal/handler/health.go:53.40,56.4 2 0
github.com/twomee/chatbox/chat-service/internal/handler/health.go:56.9,58.4 1 0
github.com/twomee/chatbox/chat-service/internal/handler/health.go:59.8,61.3 1 0
github.com/twomee/chatbox/chat-service/internal/handler/health.go:64.2,64.20 1 0
github.com/twomee/chatbox/chat-service/internal/handler/health.go:64.20,65.49 1 0
github.com/twomee/chatbox/chat-service/internal/handler/health.go:65.49,68.4 2 0
github.com/twomee/chatbox/chat-service/internal/handler/health.go:68.9,70.4 1 0
github.com/twomee/chatbox/chat-service/internal/handler/health.go:71.8,73.3 1 0
github.com/twomee/chatbox/chat-service/internal/handler/health.go:76.2,76.28 1 0
github.com/twomee/chatbox/chat-service/internal/handler/health.go:76.28,77.67 1 0
github.com/twomee/chatbox/chat-service/internal/handler/health.go:77.67,80.4 2 0
github.com/twomee/chatbox/chat-service/internal/handler/health.go:80.9,82.4 1 0
github.com/twomee/chatbox/chat-service/internal/handler/health.go:83.8,85.3 1 0
github.com/twomee/chatbox/chat-service/internal/handler/health.go:87.2,88.14 2 0
github.com/twomee/chatbox/chat-service/internal/handler/health.go:88.14,90.3 1 0
github.com/twomee/chatbox/chat-service/internal/handler/health.go:92.2,94.4 1 0
github.com/twomee/chatbox/chat-service/internal/handler/lobby.go:23.95,29.2 1 0
github.com/twomee/chatbox/chat-service/internal/handler/lobby.go:33.54,35.17 2 0
github.com/twomee/chatbox/chat-service/internal/handler/lobby.go:35.17,38.3 2 0
github.com/twomee/chatbox/chat-service/internal/handler/lobby.go:40.2,41.16 2 0
github.com/twomee/chatbox/chat-service/internal/handler/lobby.go:41.16,44.3 2 0
github.com/twomee/chatbox/chat-service/internal/handler/lobby.go:46.2,48.16 3 0
github.com/twomee/chatbox/chat-service/internal/handler/lobby.go:48.16,51.3 2 0
github.com/twomee/chatbox/chat-service/internal/handler/lobby.go:54.2,61.6 4 0
github.com/twomee/chatbox/chat-service/internal/handler/lobby.go:61.6,62.50 1 0
github.com/twomee/chatbox/chat-service/internal/handler/lobby.go:62.50,63.101 1 0
github.com/twomee/chatbox/chat-service/internal/handler/lobby.go:63.101,65.5 1 0
github.com/twomee/chatbox/chat-service/internal/handler/lobby.go:66.4,66.9 1 0
github.com/twomee/chatbox/chat-service/internal/handler/lobby.go:70.2,71.18 2 0
github.com/twomee/chatbox/chat-service/internal/handler/pm.go:32.14,39.2 1 0
github.com/twomee/chatbox/chat-service/internal/handler/pm.go:44.44,46.47 2 0
github.com/twomee/chatbox/chat-service/internal/handler/pm.go:46.47,49.3 2 0
github.com/twomee/chatbox/chat-service/internal/handler/pm.go:51.2,56.16 4 0
github.com/twomee/chatbox/chat-service/internal/handler/pm.go:56.16,60.3 3 0
github.com/twomee/chatbox/chat-service/internal/handler/pm.go:61.2,61.22 1 0
github.com/twomee/chatbox/chat-service/internal/handler/pm.go:61.22,64.3 2 0
github.com/twomee/chatbox/chat-service/internal/handler/pm.go:66.2,81.91 4 0
github.com/twomee/chatbox/chat-service/internal/handler/pm.go:81.91,83.3 1 0
github.com/twomee/chatbox/chat-service/internal/handler/pm.go:85.2,88.4 1 0
github.com/twomee/chatbox/chat-service/internal/handler/room.go:26.93,28.2 1 0
github.com/twomee/chatbox/chat-service/internal/handler/room.go:32.49,34.16 2 0
github.com/twomee/chatbox/chat-service/internal/handler/room.go:34.16,38.3 3 0
github.com/twomee/chatbox/chat-service/internal/handler/room.go:39.2,39.18 1 0
github.com/twomee/chatbox/chat-service/internal/handler/room.go:39.18,41.3 1 0
github.com/twomee/chatbox/chat-service/internal/handler/room.go:42.2,42.30 1 0
github.com/twomee/chatbox/chat-service/internal/handler/room.go:47.50,49.47 2 0
github.com/twomee/chatbox/chat-service/internal/handler/room.go:49.47,52.3 2 0
github.com/twomee/chatbox/chat-service/internal/handler/room.go:54.2,55.16 2 0
github.com/twomee/chatbox/chat-service/internal/handler/room.go:55.16,60.3 3 0
github.com/twomee/chatbox/chat-service/internal/handler/room.go:61.2,61.34 1 0
github.com/twomee/chatbox/chat-service/internal/handler/room.go:66.52,68.16 2 0
github.com/twomee/chatbox/chat-service/internal/handler/room.go:68.16,71.3 2 0
github.com/twomee/chatbox/chat-service/internal/handler/room.go:73.2,74.68 2 0
github.com/twomee/chatbox/chat-service/internal/handler/room.go:79.49,81.16 2 0
github.com/twomee/chatbox/chat-service/internal/handler/room.go:81.16,84.3 2 0
github.com/twomee/chatbox/chat-service/internal/handler/room.go:86.2,87.47 2 0
github.com/twomee/chatbox/chat-service/internal/handler/room.go:87.47,90.3 2 0
github.com/twomee/chatbox/chat-service/internal/handler/room.go:92.2,92.85 1 0
github.com/twomee/chatbox/chat-service/internal/handler/room.go:92.85,93.36 1 0
github.com/twomee/chatbox/chat-service/internal/handler/room.go:93.36,96.4 2 0
github.com/twomee/chatbox/chat-service/internal/handler/room.go:97.3,99.9 3 0
github.com/twomee/chatbox/chat-service/internal/handler/room.go:101.2,101.76 1 0
github.com/twomee/chatbox/chat-service/internal/handler/room.go:108.48,110.16 2 0
github.com/twomee/chatbox/chat-service/internal/handler/room.go:110.16,113.3 2 0
github.com/twomee/chatbox/chat-service/internal/handler/room.go:115.2,116.47 2 0
github.com/twomee/chatbox/chat-service/internal/handler/room.go:116.47,119.3 2 0
github.com/twomee/chatbox/chat-service/internal/handler/room.go:121.2,122.16 2 0
github.com/twomee/chatbox/chat-service/internal/handler/room.go:122.16,126.3 3 0
github.com/twomee/chatbox/chat-service/internal/handler/room.go:127.2,127.35 1 0
github.com/twomee/chatbox/chat-service/internal/handler/room.go:132.51,134.16 2 0
github.com/twomee/chatbox/chat-service/internal/handler/room.go:134.16,137.3 2 0
github.com/twomee/chatbox/chat-service/internal/handler/room.go:138.2,139.16 2 0
github.com/twomee/chatbox/chat-service/internal/handler/room.go:139.16,142.3 2 0
github.com/twomee/chatbox/chat-service/internal/handler/room.go:144.2,144.81 1 0
github.com/twomee/chatbox/chat-service/internal/handler/room.go:144.81,145.36 1 0
github.com/twomee/chatbox/chat-service/internal/handler/room.go:145.36,148.4 2 0
github.com/twomee/chatbox/chat-service/internal/handler/room.go:149.3,151.9 3 0
github.com/twomee/chatbox/chat-service/internal/handler/room.go:153.2,153.57 1 0
github.com/twomee/chatbox/chat-service/internal/handler/room.go:160.48,162.16 2 0
github.com/twomee/chatbox/chat-service/internal/handler/room.go:162.16,165.3 2 0
github.com/twomee/chatbox/chat-service/internal/handler/room.go:168.2,170.14 3 0
github.com/twomee/chatbox/chat-service/internal/handler/room.go:170.14,173.3 2 0
github.com/twomee/chatbox/chat-service/internal/handler/room.go:175.2,176.47 2 0
github.com/twomee/chatbox/chat-service/internal/handler/room.go:176.47,179.3 2 0
github.com/twomee/chatbox/chat-service/internal/handler/room.go:181.2,182.16 2 0
github.com/twomee/chatbox/chat-service/internal/handler/room.go:182.16,186.3 3 0
github.com/twomee/chatbox/chat-service/internal/handler/room.go:187.2,187.35 1 0
github.com/twomee/chatbox/chat-service/internal/handler/room.go:192.50,194.16 2 0
github.com/twomee/chatbox/chat-service/internal/handler/room.go:194.16,197.3 2 0
github.com/twomee/chatbox/chat-service/internal/handler/room.go:198.2,199.16 2 0
github.com/twomee/chatbox/chat-service/internal/handler/room.go:199.16,202.3 2 0
github.com/twomee/chatbox/chat-service/internal/handler/room.go:205.2,207.14 3 0
github.com/twomee/chatbox/chat-service/internal/handler/room.go:207.14,210.3 2 0
github.com/twomee/chatbox/chat-service/internal/handler/room.go:212.2,212.80 1 0
github.com/twomee/chatbox/chat-service/internal/handler/room.go:212.80,213.36 1 0
github.com/twomee/chatbox/chat-service/internal/handler/room.go:213.36,216.4 2 0
github.com/twomee/chatbox/chat-service/internal/handler/room.go:217.3,219.9 3 0
github.com/twomee/chatbox/chat-service/internal/handler/room.go:221.2,221.56 1 0
github.com/twomee/chatbox/chat-service/internal/handler/websocket.go:36.39,42.2 1 0
github.com/twomee/chatbox/chat-service/internal/handler/websocket.go:46.40,48.82 2 0
github.com/twomee/chatbox/chat-service/internal/handler/websocket.go:48.82,50.3 1 0
github.com/twomee/chatbox/chat-service/internal/handler/websocket.go:52.2,53.19 2 0
github.com/twomee/chatbox/chat-service/internal/handler/websocket.go:53.19,55.3 1 0
github.com/twomee/chatbox/chat-service/internal/handler/websocket.go:57.2,58.18 2 0
github.com/twomee/chatbox/chat-service/internal/handler/websocket.go:58.18,60.3 1 0
github.com/twomee/chatbox/chat-service/internal/handler/websocket.go:62.2,62.48 1 0
github.com/twomee/chatbox/chat-service/internal/handler/websocket.go:62.48,63.37 1 0
github.com/twomee/chatbox/chat-service/internal/handler/websocket.go:63.37,65.4 1 0
github.com/twomee/chatbox/chat-service/internal/handler/websocket.go:67.2,67.14 1 0
github.com/twomee/chatbox/chat-service/internal/handler/websocket.go:86.14,94.2 1 0
github.com/twomee/chatbox/chat-service/internal/handler/websocket.go:101.50,104.16 3 0
github.com/twomee/chatbox/chat-service/internal/handler/websocket.go:104.16,107.3 2 0
github.com/twomee/chatbox/chat-service/internal/handler/websocket.go:110.2,111.17 2 0
github.com/twomee/chatbox/chat-service/internal/handler/websocket.go:111.17,114.3 2 0
github.com/twomee/chatbox/chat-service/internal/handler/websocket.go:116.2,117.16 2 0
github.com/twomee/chatbox/chat-service/internal/handler/websocket.go:117.16,120.3 2 0
github.com/twomee/chatbox/chat-service/internal/handler/websocket.go:123.2,124.16 2 0
github.com/twomee/chatbox/chat-service/internal/handler/websocket.go:124.16,127.3 2 0
github.com/twomee/chatbox/chat-service/internal/handler/websocket.go:128.2,128.20 1 0
github.com/twomee/chatbox/chat-service/internal/handler/websocket.go:128.20,131.3 2 0
github.com/twomee/chatbox/chat-service/internal/handler/websocket.go:134.2,139.16 4 0
github.com/twomee/chatbox/chat-service/internal/handler/websocket.go:139.16,142.3 2 0
github.com/twomee/chatbox/chat-service/internal/handler/websocket.go:145.2,176.43 10 0
github.com/twomee/chatbox/chat-service/internal/handler/websocket.go:180.101,181.6 1 0
github.com/twomee/chatbox/chat-service/internal/handler/websocket.go:181.6,183.17 2 0
github.com/twomee/chatbox/chat-service/internal/handler/websocket.go:183.17,184.101 1 0
github.com/twomee/chatbox/chat-service/internal/handler/websocket.go:184.101,186.5 1 0
github.com/twomee/chatbox/chat-service/internal/handler/websocket.go:187.4,187.10 1 0
github.com/twomee/chatbox/chat-service/internal/handler/websocket.go:191.3,194.82 2 0
github.com/twomee/chatbox/chat-service/internal/handler/websocket.go:194.82,195.12 1 0
github.com/twomee/chatbox/chat-service/internal/handler/websocket.go:199.3,199.47 1 0
github.com/twomee/chatbox/chat-service/internal/handler/websocket.go:199.47,202.12 3 0
github.com/twomee/chatbox/chat-service/internal/handler/websocket.go:205.3,205.12 1 0
github.com/twomee/chatbox/chat-service/internal/handler/websocket.go:205.12,209.12 3 0
github.com/twomee/chatbox/chat-service/internal/handler/websocket.go:212.3,226.87 4 0
github.com/twomee/chatbox/chat-service/internal/handler/websocket.go:226.87,228.4 1 0
github.com/twomee/chatbox/chat-service/internal/kafka/producer.go:34.66,43.2 2 0
github.com/twomee/chatbox/chat-service/internal/kafka/producer.go:47.75,49.2 1 1
github.com/twomee/chatbox/chat-service/internal/kafka/producer.go:53.88,59.57 2 1
github.com/twomee/chatbox/chat-service/internal/kafka/producer.go:59.57,66.3 2 1
github.com/twomee/chatbox/chat-service/internal/kafka/producer.go:67.2,71.12 2 1
github.com/twomee/chatbox/chat-service/internal/kafka/producer.go:75.34,77.2 1 0
github.com/twomee/chatbox/chat-service/internal/kafka/producer.go:81.70,82.23 1 0
github.com/twomee/chatbox/chat-service/internal/kafka/producer.go:82.23,84.3 1 0
github.com/twomee/chatbox/chat-service/internal/kafka/producer.go:85.2,86.16 2 0
github.com/twomee/chatbox/chat-service/internal/kafka/producer.go:86.16,88.3 1 0
github.com/twomee/chatbox/chat-service/internal/kafka/producer.go:89.2,90.12 2 0
github.com/twomee/chatbox/chat-service/internal/middleware/auth.go:26.48,27.30 1 0
github.com/twomee/chatbox/chat-service/internal/middleware/auth.go:27.30,29.23 2 0
github.com/twomee/chatbox/chat-service/internal/middleware/auth.go:29.23,34.4 2 0
github.com/twomee/chatbox/chat-service/internal/middleware/auth.go:36.3,37.64 2 0
github.com/twomee/chatbox/chat-service/internal/middleware/auth.go:37.64,42.4 2 0
github.com/twomee/chatbox/chat-service/internal/middleware/auth.go:44.3,46.17 3 0
github.com/twomee/chatbox/chat-service/internal/middleware/auth.go:46.17,51.4 2 0
github.com/twomee/chatbox/chat-service/internal/middleware/auth.go:53.3,55.11 3 0
github.com/twomee/chatbox/chat-service/internal/middleware/auth.go:67.63,68.101 1 0
[...]
github.com/twomee/chatbox/chat-service/internal/handler/pm.go:81.91,83.3 1 0
github.com/twomee/chatbox/chat-service/internal/handler/pm.go:85.2,88.4 1 1
github.com/twomee/chatbox/chat-service/internal/handler/room.go:26.93,28.2 1 1
github.com/twomee/chatbox/chat-service/internal/handler/room.go:32.49,34.16 2 1
github.com/twomee/chatbox/chat-service/internal/handler/room.go:34.16,38.3 3 1
github.com/twomee/chatbox/chat-service/internal/handler/room.go:39.2,39.18 1 1
github.com/twomee/chatbox/chat-service/internal/handler/room.go:39.18,41.3 1 1
github.com/twomee/chatbox/chat-service/internal/handler/room.go:42.2,42.30 1 1
github.com/twomee/chatbox/chat-service/internal/handler/room.go:47.50,49.47 2 1
github.com/twomee/chatbox/chat-service/internal/handler/room.go:49.47,52.3 2 1
github.com/twomee/chatbox/chat-service/internal/handler/room.go:54.2,55.16 2 1
github.com/twomee/chatbox/chat-service/internal/handler/room.go:55.16,60.3 3 1
github.com/twomee/chatbox/chat-service/internal/handler/room.go:61.2,61.34 1 1
github.com/twomee/chatbox/chat-service/internal/handler/room.go:66.52,68.16 2 1
github.com/twomee/chatbox/chat-service/internal/handler/room.go:68.16,71.3 2 1
github.com/twomee/chatbox/chat-service/internal/handler/room.go:73.2,74.68 2 1
github.com/twomee/chatbox/chat-service/internal/handler/room.go:79.49,81.16 2 1
github.com/twomee/chatbox/chat-service/internal/handler/room.go:81.16,84.3 2 1
github.com/twomee/chatbox/chat-service/internal/handler/room.go:86.2,87.47 2 1
github.com/twomee/chatbox/chat-service/internal/handler/room.go:87.47,90.3 2 1
github.com/twomee/chatbox/chat-service/internal/handler/room.go:92.2,92.85 1 1
github.com/twomee/chatbox/chat-service/internal/handler/room.go:92.85,93.36 1 1
github.com/twomee/chatbox/chat-service/internal/handler/room.go:93.36,96.4 2 1
github.com/twomee/chatbox/chat-service/internal/handler/room.go:97.3,99.9 3 1
github.com/twomee/chatbox/chat-service/internal/handler/room.go:101.2,101.76 1 1
github.com/twomee/chatbox/chat-service/internal/handler/room.go:108.48,110.16 2 1
github.com/twomee/chatbox/chat-service/internal/handler/room.go:110.16,113.3 2 1
github.com/twomee/chatbox/chat-service/internal/handler/room.go:115.2,116.47 2 1
github.com/twomee/chatbox/chat-service/internal/handler/room.go:116.47,119.3 2 1
github.com/twomee/chatbox/chat-service/internal/handler/room.go:121.2,122.16 2 1
github.com/twomee/chatbox/chat-service/internal/handler/room.go:122.16,126.3 3 1
github.com/twomee/chatbox/chat-service/internal/handler/room.go:127.2,127.35 1 1
github.com/twomee/chatbox/chat-service/internal/handler/room.go:132.51,134.16 2 1
github.com/twomee/chatbox/chat-service/internal/handler/room.go:134.16,137.3 2 1
github.com/twomee/chatbox/chat-service/internal/handler/room.go:138.2,139.16 2 1
github.com/twomee/chatbox/chat-service/internal/handler/room.go:139.16,142.3 2 1
github.com/twomee/chatbox/chat-service/internal/handler/room.go:144.2,144.81 1 1
github.com/twomee/chatbox/chat-service/internal/handler/room.go:144.81,145.36 1 1
github.com/twomee/chatbox/chat-service/internal/handler/room.go:145.36,148.4 2 1
github.com/twomee/chatbox/chat-service/internal/handler/room.go:149.3,151.9 3 1
github.com/twomee/chatbox/chat-service/internal/handler/room.go:153.2,153.57 1 1
github.com/twomee/chatbox/chat-service/internal/handler/room.go:160.48,162.16 2 1
github.com/twomee/chatbox/chat-service/internal/handler/room.go:162.16,165.3 2 1
github.com/twomee/chatbox/chat-service/internal/handler/room.go:168.2,170.14 3 1
github.com/twomee/chatbox/chat-service/internal/handler/room.go:170.14,173.3 2 1
github.com/twomee/chatbox/chat-service/internal/handler/room.go:175.2,176.47 2 1
github.com/twomee/chatbox/chat-service/internal/handler/room.go:176.47,179.3 2 1
github.com/twomee/chatbox/chat-service/internal/handler/room.go:181.2,182.16 2 1
github.com/twomee/chatbox/chat-service/internal/handler/room.go:182.16,186.3 3 1
github.com/twomee/chatbox/chat-service/internal/handler/room.go:187.2,187.35 1 1
github.com/twomee/chatbox/chat-service/internal/handler/room.go:192.50,194.16 2 1
github.com/twomee/chatbox/chat-service/internal/handler/room.go:194.16,197.3 2 1
github.com/twomee/chatbox/chat-service/internal/handler/room.go:198.2,199.16 2 1
github.com/twomee/chatbox/chat-service/internal/handler/room.go:199.16,202.3 2 1
github.com/twomee/chatbox/chat-service/internal/handler/room.go:205.2,207.14 3 1
github.com/twomee/chatbox/chat-service/internal/handler/room.go:207.14,210.3 2 1
github.com/twomee/chatbox/chat-service/internal/handler/room.go:212.2,212.80 1 1
github.com/twomee/chatbox/chat-service/internal/handler/room.go:212.80,213.36 1 1
github.com/twomee/chatbox/chat-service/internal/handler/room.go:213.36,216.4 2 1
github.com/twomee/chatbox/chat-service/internal/handler/room.go:217.3,219.9 3 1
github.com/twomee/chatbox/chat-service/internal/handler/room.go:221.2,221.56 1 1
github.com/twomee/chatbox/chat-service/internal/handler/websocket.go:36.39,42.2 1 1
github.com/twomee/chatbox/chat-service/internal/handler/websocket.go:46.40,48.82 2 1
github.com/twomee/chatbox/chat-service/internal/handler/websocket.go:48.82,50.3 1 1
github.com/twomee/chatbox/chat-service/internal/handler/websocket.go:52.2,53.19 2 1
github.com/twomee/chatbox/chat-service/internal/handler/websocket.go:53.19,55.3 1 1
github.com/twomee/chatbox/chat-service/internal/handler/websocket.go:57.2,58.18 2 1
github.com/twomee/chatbox/chat-service/internal/handler/websocket.go:58.18,60.3 1 1
github.com/twomee/chatbox/chat-service/internal/handler/websocket.go:62.2,62.48 1 1
github.com/twomee/chatbox/chat-service/internal/handler/websocket.go:62.48,63.37 1 1
github.com/twomee/chatbox/chat-service/internal/handler/websocket.go:63.37,65.4 1 1
github.com/twomee/chatbox/chat-service/internal/handler/websocket.go:67.2,67.14 1 1
github.com/twomee/chatbox/chat-service/internal/handler/websocket.go:86.14,94.2 1 1
github.com/twomee/chatbox/chat-service/internal/handler/websocket.go:101.50,104.16 3 1
github.com/twomee/chatbox/chat-service/internal/handler/websocket.go:104.16,107.3 2 1
github.com/twomee/chatbox/chat-service/internal/handler/websocket.go:110.2,111.17 2 1
github.com/twomee/chatbox/chat-service/internal/handler/websocket.go:111.17,114.3 2 1
github.com/twomee/chatbox/chat-service/internal/handler/websocket.go:116.2,117.16 2 1
github.com/twomee/chatbox/chat-service/internal/handler/websocket.go:117.16,120.3 2 1
github.com/twomee/chatbox/chat-service/internal/handler/websocket.go:123.2,124.16 2 1
github.com/twomee/chatbox/chat-service/internal/handler/websocket.go:124.16,127.3 2 1
github.com/twomee/chatbox/chat-service/internal/handler/websocket.go:128.2,128.20 1 1
github.com/twomee/chatbox/chat-service/internal/handler/websocket.go:128.20,131.3 2 1
github.com/twomee/chatbox/chat-service/internal/handler/websocket.go:134.2,139.16 4 1
github.com/twomee/chatbox/chat-service/internal/handler/websocket.go:139.16,142.3 2 0
github.com/twomee/chatbox/chat-service/internal/handler/websocket.go:145.2,176.43 10 1
github.com/twomee/chatbox/chat-service/internal/handler/websocket.go:180.101,181.6 1 1
github.com/twomee/chatbox/chat-service/internal/handler/websocket.go:181.6,183.17 2 1
github.com/twomee/chatbox/chat-service/internal/handler/websocket.go:183.17,184.101 1 1
github.com/twomee/chatbox/chat-service/internal/handler/websocket.go:184.101,186.5 1 1
github.com/twomee/chatbox/chat-service/internal/handler/websocket.go:187.4,187.10 1 1
github.com/twomee/chatbox/chat-service/internal/handler/websocket.go:191.3,194.82 2 1
github.com/twomee/chatbox/chat-service/internal/handler/websocket.go:194.82,195.12 1 0
github.com/twomee/chatbox/chat-service/internal/handler/websocket.go:199.3,199.47 1 1
github.com/twomee/chatbox/chat-service/internal/handler/websocket.go:199.47,202.12 3 0
github.com/twomee/chatbox/chat-service/internal/handler/websocket.go:205.3,205.12 1 1
github.com/twomee/chatbox/chat-service/internal/handler/websocket.go:205.12,209.12 3 1
github.com/twomee/chatbox/chat-service/internal/handler/websocket.go:212.3,226.87 4 1
github.com/twomee/chatbox/chat-service/internal/handler/websocket.go:226.87,228.4 1 0
github.com/twomee/chatbox/chat-service/internal/kafka/producer.go:34.66,43.2 2 0
github.com/twomee/chatbox/chat-service/internal/kafka/producer.go:47.75,49.2 1 0
github.com/twomee/chatbox/chat-service/internal/kafka/producer.go:53.88,59.57 2 0
github.com/twomee/chatbox/chat-service/internal/kafka/producer.go:59.57,66.3 2 0
github.com/twomee/chatbox/chat-service/internal/kafka/producer.go:67.2,71.12 2 0
github.com/twomee/chatbox/chat-service/internal/kafka/producer.go:75.34,77.2 1 0
github.com/twomee/chatbox/chat-service/internal/kafka/producer.go:81.70,82.23 1 0
github.com/twomee/chatbox/chat-service/internal/kafka/producer.go:82.23,84.3 1 0
github.com/twomee/chatbox/chat-service/internal/kafka/producer.go:85.2,86.16 2 0
github.com/twomee/chatbox/chat-service/internal/kafka/producer.go:86.16,88.3 1 0
github.com/twomee/chatbox/chat-service/internal/kafka/producer.go:89.2,90.12 2 0
github.com/twomee/chatbox/chat-service/internal/middleware/auth.go:26.48,27.30 1 1
github.com/twomee/chatbox/chat-service/internal/middleware/auth.go:27.30,29.23 2 1
github.com/twomee/chatbox/chat-service/internal/middleware/auth.go:29.23,34.4 2 0
github.com/twomee/chatbox/chat-service/internal/middleware/auth.go:36.3,37.64 2 1
github.com/twomee/chatbox/chat-service/internal/middleware/auth.go:37.64,42.4 2 0
github.com/twomee/chatbox/chat-service/internal/middleware/auth.go:44.3,46.17 3 1
github.com/twomee/chatbox/chat-service/internal/middleware/auth.go:46.17,51.4 2 0
github.com/twomee/chatbox/chat-service/internal/middleware/auth.go:53.3,55.11 3 1
github.com/twomee/chatbox/chat-service/internal/middleware/auth.go:67.63,68.101 1 1
github.com/twomee/chatbox/chat-service/internal/middleware/auth.go:68.101,69.54 1 1
github.com/twomee/chatbox/chat-service/internal/middleware/auth.go:69.54,71.4 1 0
github.com/twomee/chatbox/chat-service/internal/middleware/auth.go:72.3,72.29 1 1
github.com/twomee/chatbox/chat-service/internal/middleware/auth.go:74.2,74.16 1 1
github.com/twomee/chatbox/chat-service/internal/middleware/auth.go:74.16,76.3 1 1
github.com/twomee/chatbox/chat-service/internal/middleware/auth.go:78.2,79.25 2 1
github.com/twomee/chatbox/chat-service/internal/middleware/auth.go:79.25,81.3 1 0
github.com/twomee/chatbox/chat-service/internal/middleware/auth.go:84.2,85.29 2 1
github.com/twomee/chatbox/chat-service/internal/middleware/auth.go:85.29,87.3 1 0
github.com/twomee/chatbox/chat-service/internal/middleware/auth.go:89.2,90.58 2 1
github.com/twomee/chatbox/chat-service/internal/middleware/auth.go:90.58,92.3 1 0
github.com/twomee/chatbox/chat-service/internal/middleware/auth.go:93.2,95.20 2 1
github.com/twomee/chatbox/chat-service/internal/middleware/auth.go:100.73,102.16 2 1
github.com/twomee/chatbox/chat-service/internal/middleware/auth.go:102.16,104.3 1 1
github.com/twomee/chatbox/chat-service/internal/middleware/auth.go:105.2,105.44 1 1
github.com/twomee/chatbox/chat-service/internal/middleware/correlation.go:18.36,19.30 1 0
github.com/twomee/chatbox/chat-service/internal/middleware/correlation.go:19.30,21.18 2 0
github.com/twomee/chatbox/chat-service/internal/middleware/correlation.go:21.18,23.4 1 0
github.com/twomee/chatbox/chat-service/internal/middleware/correlation.go:24.3,26.11 3 0
github.com/twomee/chatbox/chat-service/internal/store/room.go:29.50,31.2 1 0
github.com/twomee/chatbox/chat-service/internal/store/room.go:35.52,37.2 1 0
github.com/twomee/chatbox/chat-service/internal/store/room.go:42.71,45.16 2 0
github.com/twomee/chatbox/chat-service/internal/store/room.go:45.16,47.3 1 0
github.com/twomee/chatbox/chat-service/internal/store/room.go:48.2,51.18 3 0
github.com/twomee/chatbox/chat-service/internal/store/room.go:51.18,53.78 2 0
github.com/twomee/chatbox/chat-service/internal/store/room.go:53.78,55.4 1 0
github.com/twomee/chatbox/chat-service/internal/store/room.go:56.3,56.27 1 0
github.com/twomee/chatbox/chat-service/internal/store/room.go:58.2,58.26 1 0
github.com/twomee/chatbox/chat-service/internal/store/room.go:62.79,67.16 3 0
github.com/twomee/chatbox/chat-service/internal/store/room.go:67.16,69.3 1 0
github.com/twomee/chatbox/chat-service/internal/store/room.go:70.2,70.16 1 0
github.com/twomee/chatbox/chat-service/internal/store/room.go:74.83,79.16 3 0
github.com/twomee/chatbox/chat-service/internal/store/room.go:79.16,81.3 1 0
github.com/twomee/chatbox/chat-service/internal/store/room.go:82.2,82.16 1 0
github.com/twomee/chatbox/chat-service/internal/store/room.go:86.79,89.16 2 0
github.com/twomee/chatbox/chat-service/internal/store/room.go:89.16,91.3 1 0
github.com/twomee/chatbox/chat-service/internal/store/room.go:92.2,92.29 1 0
github.com/twomee/chatbox/chat-service/internal/store/room.go:92.29,94.3 1 0
github.com/twomee/chatbox/chat-service/internal/store/room.go:95.2,95.12 1 0
github.com/twomee/chatbox/chat-service/internal/store/room.go:101.91,104.16 2 0
github.com/twomee/chatbox/chat-service/internal/store/room.go:104.16,106.3 1 0
github.com/twomee/chatbox/chat-service/internal/store/room.go:107.2,110.18 3 0
github.com/twomee/chatbox/chat-service/internal/store/room.go:110.18,112.80 2 0
github.com/twomee/chatbox/chat-service/internal/store/room.go:112.80,114.4 1 0
github.com/twomee/chatbox/chat-service/internal/store/room.go:115.3,115.29 1 0
github.com/twomee/chatbox/chat-service/internal/store/room.go:117.2,117.27 1 0
github.com/twomee/chatbox/chat-service/internal/store/room.go:121.97,127.16 3 0
github.com/twomee/chatbox/chat-service/internal/store/room.go:127.16,129.3 1 0
github.com/twomee/chatbox/chat-service/internal/store/room.go:130.2,130.16 1 0
github.com/twomee/chatbox/chat-service/internal/store/room.go:134.80,137.16 2 0
github.com/twomee/chatbox/chat-service/internal/store/room.go:137.16,139.3 1 0
github.com/twomee/chatbox/chat-service/internal/store/room.go:140.2,140.29 1 0
github.com/twomee/chatbox/chat-service/internal/store/room.go:140.29,142.3 1 0
github.com/twomee/chatbox/chat-service/internal/store/room.go:143.2,143.12 1 0
github.com/twomee/chatbox/chat-service/internal/store/room.go:147.84,154.2 3 0
github.com/twomee/chatbox/chat-service/internal/store/room.go:159.95,162.16 2 0
github.com/twomee/chatbox/chat-service/internal/store/room.go:162.16,164.3 1 0
github.com/twomee/chatbox/chat-service/internal/store/room.go:165.2,168.18 3 0
github.com/twomee/chatbox/chat-service/internal/store/room.go:168.18,170.76 2 0
github.com/twomee/chatbox/chat-service/internal/store/room.go:170.76,172.4 1 0
github.com/twomee/chatbox/chat-service/internal/store/room.go:173.3,173.27 1 0
github.com/twomee/chatbox/chat-service/internal/store/room.go:175.2,175.26 1 0
github.com/twomee/chatbox/chat-service/internal/store/room.go:179.97,185.16 3 0
github.com/twomee/chatbox/chat-service/internal/store/room.go:185.16,187.3 1 0
github.com/twomee/chatbox/chat-service/internal/store/room.go:188.2,188.16 1 0
github.com/twomee/chatbox/chat-service/internal/store/room.go:192.79,195.16 2 0
github.com/twomee/chatbox/chat-service/internal/store/room.go:195.16,197.3 1 0
github.com/twomee/chatbox/chat-service/internal/store/room.go:198.2,198.29 1 0
github.com/twomee/chatbox/chat-service/internal/store/room.go:198.29,200.3 1 0
github.com/twomee/chatbox/chat-service/internal/store/room.go:201.2,201.12 1 0
github.com/twomee/chatbox/chat-service/internal/store/room.go:205.84,212.2 3 0
github.com/twomee/chatbox/chat-service/internal/ws/manager.go:46.46,55.2 1 1
github.com/twomee/chatbox/chat-service/internal/ws/manager.go:60.70,64.9 4 1
github.com/twomee/chatbox/chat-service/internal/ws/manager.go:64.9,67.3 1 0
github.com/twomee/chatbox/chat-service/internal/ws/manager.go:68.2,70.55 3 1
github.com/twomee/chatbox/chat-service/internal/ws/manager.go:76.80,80.28 3 1
github.com/twomee/chatbox/chat-service/internal/ws/manager.go:80.28,82.3 1 1
github.com/twomee/chatbox/chat-service/internal/ws/manager.go:83.2,87.37 4 1
github.com/twomee/chatbox/chat-service/internal/ws/manager.go:87.37,89.3 1 1
github.com/twomee/chatbox/chat-service/internal/ws/manager.go:90.2,96.3 2 1
github.com/twomee/chatbox/chat-service/internal/ws/manager.go:100.68,105.9 4 1
github.com/twomee/chatbox/chat-service/internal/ws/manager.go:105.9,107.3 1 0
github.com/twomee/chatbox/chat-service/internal/ws/manager.go:109.2,110.31 2 1
github.com/twomee/chatbox/chat-service/internal/ws/manager.go:110.31,112.3 1 1
github.com/twomee/chatbox/chat-service/internal/ws/manager.go:114.2,118.40 4 1
github.com/twomee/chatbox/chat-service/internal/ws/manager.go:118.40,120.3 1 1
github.com/twomee/chatbox/chat-service/internal/ws/manager.go:122.2,125.3 1 1
github.com/twomee/chatbox/chat-service/internal/ws/manager.go:130.62,132.16 2 1
github.com/twomee/chatbox/chat-service/internal/ws/manager.go:132.16,135.3 2 0
github.com/twomee/chatbox/chat-service/internal/ws/manager.go:137.2,139.33 3 1
github.com/twomee/chatbox/chat-service/internal/ws/manager.go:139.33,141.3 1 1
github.com/twomee/chatbox/chat-service/internal/ws/manager.go:142.2,145.26 3 1
github.com/twomee/chatbox/chat-service/internal/ws/manager.go:145.26,146.46 1 1
github.com/twomee/chatbox/chat-service/internal/ws/manager.go:146.46,148.4 1 0
github.com/twomee/chatbox/chat-service/internal/ws/manager.go:152.2,152.21 1 1
github.com/twomee/chatbox/chat-service/internal/ws/manager.go:152.21,154.28 2 0
github.com/twomee/chatbox/chat-service/internal/ws/manager.go:154.28,156.10 2 0
github.com/twomee/chatbox/chat-service/internal/ws/manager.go:156.10,161.43 5 0
github.com/twomee/chatbox/chat-service/internal/ws/manager.go:161.43,163.6 1 0
github.com/twomee/chatbox/chat-service/internal/ws/manager.go:165.4,165.17 1 0
github.com/twomee/chatbox/chat-service/internal/ws/manager.go:167.3,167.16 1 0
github.com/twomee/chatbox/chat-service/internal/ws/manager.go:172.52,177.36 4 1
github.com/twomee/chatbox/chat-service/internal/ws/manager.go:177.36,178.36 1 0
github.com/twomee/chatbox/chat-service/internal/ws/manager.go:178.36,180.4 1 0
github.com/twomee/chatbox/chat-service/internal/ws/manager.go:182.2,183.23 2 1
github.com/twomee/chatbox/chat-service/internal/ws/manager.go:183.23,185.3 1 0
github.com/twomee/chatbox/chat-service/internal/ws/manager.go:186.2,186.12 1 1
github.com/twomee/chatbox/chat-service/internal/ws/manager.go:192.69,199.37 5 1
github.com/twomee/chatbox/chat-service/internal/ws/manager.go:199.37,201.3 1 1
github.com/twomee/chatbox/chat-service/internal/ws/manager.go:202.2,207.3 2 1
github.com/twomee/chatbox/chat-service/internal/ws/manager.go:211.57,216.9 4 1
github.com/twomee/chatbox/chat-service/internal/ws/manager.go:216.9,218.3 1 0
github.com/twomee/chatbox/chat-service/internal/ws/manager.go:220.2,224.40 4 1
github.com/twomee/chatbox/chat-service/internal/ws/manager.go:224.40,226.3 1 1
github.com/twomee/chatbox/chat-service/internal/ws/manager.go:228.2,228.71 1 1
github.com/twomee/chatbox/chat-service/internal/ws/manager.go:233.66,235.16 2 1
github.com/twomee/chatbox/chat-service/internal/ws/manager.go:235.16,238.3 2 0
github.com/twomee/chatbox/chat-service/internal/ws/manager.go:240.2,243.39 3 1
github.com/twomee/chatbox/chat-service/internal/ws/manager.go:243.39,244.28 1 0
github.com/twomee/chatbox/chat-service/internal/ws/manager.go:244.28,246.4 1 0
github.com/twomee/chatbox/chat-service/internal/ws/manager.go:248.2,250.23 2 1
github.com/twomee/chatbox/chat-service/internal/ws/manager.go:250.23,252.3 1 1
github.com/twomee/chatbox/chat-service/internal/ws/manager.go:254.2,255.28 2 0
github.com/twomee/chatbox/chat-service/internal/ws/manager.go:255.28,256.46 1 0
github.com/twomee/chatbox/chat-service/internal/ws/manager.go:256.46,258.4 1 0
github.com/twomee/chatbox/chat-service/internal/ws/manager.go:260.2,260.13 1 0
github.com/twomee/chatbox/chat-service/internal/ws/manager.go:264.35,268.2 3 0
github.com/twomee/chatbox/chat-service/internal/ws/manager.go:271.42,275.2 3 1
