mode: atomic
github.com/twomee/chatbox/chat-service/internal/store/read_position.go:38.66,40.2 1 1
github.com/twomee/chatbox/chat-service/internal/store/read_position.go:44.68,46.2 1 5
github.com/twomee/chatbox/chat-service/internal/store/read_position.go:50.101,57.16 2 2
github.com/twomee/chatbox/chat-service/internal/store/read_position.go:57.16,59.3 1 1
github.com/twomee/chatbox/chat-service/internal/store/read_position.go:60.2,60.12 1 1
github.com/twomee/chatbox/chat-service/internal/store/read_position.go:65.97,71.16 3 3
github.com/twomee/chatbox/chat-service/internal/store/read_position.go:71.16,72.27 1 2
github.com/twomee/chatbox/chat-service/internal/store/read_position.go:72.27,74.4 1 1
github.com/twomee/chatbox/chat-service/internal/store/read_position.go:75.3,75.55 1 1
github.com/twomee/chatbox/chat-service/internal/store/read_position.go:77.2,77.17 1 1
github.com/twomee/chatbox/chat-service/internal/store/room.go:29.50,31.2 1 1
github.com/twomee/chatbox/chat-service/internal/store/room.go:35.52,37.2 1 34
github.com/twomee/chatbox/chat-service/internal/store/room.go:42.71,45.16 2 3
github.com/twomee/chatbox/chat-service/internal/store/room.go:45.16,47.3 1 1
github.com/twomee/chatbox/chat-service/internal/store/room.go:48.2,51.18 3 2
github.com/twomee/chatbox/chat-service/internal/store/room.go:51.18,53.78 2 2
github.com/twomee/chatbox/chat-service/internal/store/room.go:53.78,55.4 1 0
github.com/twomee/chatbox/chat-service/internal/store/room.go:56.3,56.27 1 2
github.com/twomee/chatbox/chat-service/internal/store/room.go:58.2,58.26 1 2
github.com/twomee/chatbox/chat-service/internal/store/room.go:62.79,67.16 3 2
github.com/twomee/chatbox/chat-service/internal/store/room.go:67.16,69.3 1 1
github.com/twomee/chatbox/chat-service/internal/store/room.go:70.2,70.16 1 1
github.com/twomee/chatbox/chat-service/internal/store/room.go:74.83,79.16 3 2
github.com/twomee/chatbox/chat-service/internal/store/room.go:79.16,81.3 1 1
github.com/twomee/chatbox/chat-service/internal/store/room.go:82.2,82.16 1 1
github.com/twomee/chatbox/chat-service/internal/store/room.go:86.79,89.16 2 3
github.com/twomee/chatbox/chat-service/internal/store/room.go:89.16,91.3 1 1
github.com/twomee/chatbox/chat-service/internal/store/room.go:92.2,92.29 1 2
github.com/twomee/chatbox/chat-service/internal/store/room.go:92.29,94.3 1 1
github.com/twomee/chatbox/chat-service/internal/store/room.go:95.2,95.12 1 1
github.com/twomee/chatbox/chat-service/internal/store/room.go:101.91,104.16 2 2
github.com/twomee/chatbox/chat-service/internal/store/room.go:104.16,106.3 1 1
github.com/twomee/chatbox/chat-service/internal/store/room.go:107.2,110.18 3 1
github.com/twomee/chatbox/chat-service/internal/store/room.go:110.18,112.80 2 1
github.com/twomee/chatbox/chat-service/internal/store/room.go:112.80,114.4 1 0
github.com/twomee/chatbox/chat-service/internal/store/room.go:115.3,115.29 1 1
github.com/twomee/chatbox/chat-service/internal/store/room.go:117.2,117.27 1 1
github.com/twomee/chatbox/chat-service/internal/store/room.go:121.97,127.16 3 2
github.com/twomee/chatbox/chat-service/internal/store/room.go:127.16,129.3 1 1
github.com/twomee/chatbox/chat-service/internal/store/room.go:130.2,130.16 1 1
github.com/twomee/chatbox/chat-service/internal/store/room.go:134.80,137.16 2 3
github.com/twomee/chatbox/chat-service/internal/store/room.go:137.16,139.3 1 1
github.com/twomee/chatbox/chat-service/internal/store/room.go:140.2,140.29 1 2
github.com/twomee/chatbox/chat-service/internal/store/room.go:140.29,142.3 1 1
github.com/twomee/chatbox/chat-service/internal/store/room.go:143.2,143.12 1 1
github.com/twomee/chatbox/chat-service/internal/store/room.go:147.84,154.2 3 2
github.com/twomee/chatbox/chat-service/internal/store/room.go:159.95,162.16 2 2
github.com/twomee/chatbox/chat-service/internal/store/room.go:162.16,164.3 1 1
github.com/twomee/chatbox/chat-service/internal/store/room.go:165.2,168.18 3 1
github.com/twomee/chatbox/chat-service/internal/store/room.go:168.18,170.76 2 1
github.com/twomee/chatbox/chat-service/internal/store/room.go:170.76,172.4 1 0
github.com/twomee/chatbox/chat-service/internal/store/room.go:173.3,173.27 1 1
github.com/twomee/chatbox/chat-service/internal/store/room.go:175.2,175.26 1 1
github.com/twomee/chatbox/chat-service/internal/store/room.go:179.97,185.16 3 2
github.com/twomee/chatbox/chat-service/internal/store/room.go:185.16,187.3 1 1
github.com/twomee/chatbox/chat-service/internal/store/room.go:188.2,188.16 1 1
github.com/twomee/chatbox/chat-service/internal/store/room.go:192.79,195.16 2 3
github.com/twomee/chatbox/chat-service/internal/store/room.go:195.16,197.3 1 1
github.com/twomee/chatbox/chat-service/internal/store/room.go:198.2,198.29 1 2
github.com/twomee/chatbox/chat-service/internal/store/room.go:198.29,200.3 1 1
github.com/twomee/chatbox/chat-service/internal/store/room.go:201.2,201.12 1 1
github.com/twomee/chatbox/chat-service/internal/store/room.go:205.84,212.2 3 2
github.com/twomee/chatbox/chat-service/internal/store/room.go:217.88,220.16 2 2
github.com/twomee/chatbox/chat-service/internal/store/room.go:220.16,222.3 1 1
github.com/twomee/chatbox/chat-service/internal/store/room.go:223.2,226.18 3 1
github.com/twomee/chatbox/chat-service/internal/store/room.go:226.18,228.78 2 2
github.com/twomee/chatbox/chat-service/internal/store/room.go:228.78,230.4 1 0
github.com/twomee/chatbox/chat-service/internal/store/room.go:231.3,231.27 1 2
github.com/twomee/chatbox/chat-service/internal/store/room.go:233.2,233.26 1 1
github.com/twomee/chatbox/chat-service/internal/store/room.go:237.81,240.16 2 2
github.com/twomee/chatbox/chat-service/internal/store/room.go:240.16,242.3 1 1
github.com/twomee/chatbox/chat-service/internal/store/room.go:243.2,243.37 1 1
github.com/twomee/chatbox/chat-service/internal/store/room.go:248.62,251.16 2 2
github.com/twomee/chatbox/chat-service/internal/store/room.go:251.16,253.3 1 1
github.com/twomee/chatbox/chat-service/internal/store/room.go:254.2,254.12 1 1
github.com/twomee/chatbox/chat-service/internal/kafka/consumer.go:34.111,50.2 2 0
github.com/twomee/chatbox/chat-service/internal/kafka/consumer.go:54.102,61.2 1 6
github.com/twomee/chatbox/chat-service/internal/kafka/consumer.go:64.47,66.2 1 5
github.com/twomee/chatbox/chat-service/internal/kafka/consumer.go:69.27,72.2 2 1
github.com/twomee/chatbox/chat-service/internal/kafka/consumer.go:74.45,78.6 3 5
github.com/twomee/chatbox/chat-service/internal/kafka/consumer.go:78.6,80.17 2 11
github.com/twomee/chatbox/chat-service/internal/kafka/consumer.go:80.17,81.24 1 5
github.com/twomee/chatbox/chat-service/internal/kafka/consumer.go:81.24,83.10 1 5
github.com/twomee/chatbox/chat-service/internal/kafka/consumer.go:85.4,87.12 3 0
github.com/twomee/chatbox/chat-service/internal/kafka/consumer.go:90.3,91.59 2 6
github.com/twomee/chatbox/chat-service/internal/kafka/consumer.go:91.59,93.12 2 1
github.com/twomee/chatbox/chat-service/internal/kafka/consumer.go:96.3,96.47 1 5
github.com/twomee/chatbox/chat-service/internal/kafka/consumer.go:96.47,98.4 1 1
github.com/twomee/chatbox/chat-service/internal/kafka/consumer.go:101.2,101.87 1 5
github.com/twomee/chatbox/chat-service/internal/kafka/producer.go:36.66,45.2 2 0
github.com/twomee/chatbox/chat-service/internal/kafka/producer.go:49.75,51.2 1 8
github.com/twomee/chatbox/chat-service/internal/kafka/producer.go:55.88,61.57 2 5
github.com/twomee/chatbox/chat-service/internal/kafka/producer.go:61.57,69.3 3 1
github.com/twomee/chatbox/chat-service/internal/kafka/producer.go:70.2,75.12 3 4
github.com/twomee/chatbox/chat-service/internal/kafka/producer.go:79.34,81.2 1 1
github.com/twomee/chatbox/chat-service/internal/kafka/producer.go:85.70,86.23 1 3
github.com/twomee/chatbox/chat-service/internal/kafka/producer.go:86.23,88.3 1 2
github.com/twomee/chatbox/chat-service/internal/kafka/producer.go:89.2,90.16 2 1
github.com/twomee/chatbox/chat-service/internal/kafka/producer.go:90.16,92.3 1 1
github.com/twomee/chatbox/chat-service/internal/kafka/producer.go:93.2,94.12 2 0
github.com/twomee/chatbox/chat-service/internal/ws/manager.go:58.46,68.2 1 51
github.com/twomee/chatbox/chat-service/internal/ws/manager.go:73.70,77.9 4 18
github.com/twomee/chatbox/chat-service/internal/ws/manager.go:77.9,79.3 1 1
github.com/twomee/chatbox/chat-service/internal/ws/manager.go:80.2,82.55 3 17
github.com/twomee/chatbox/chat-service/internal/ws/manager.go:86.75,88.16 2 4
github.com/twomee/chatbox/chat-service/internal/ws/manager.go:88.16,90.3 1 1
github.com/twomee/chatbox/chat-service/internal/ws/manager.go:91.2,91.32 1 3
github.com/twomee/chatbox/chat-service/internal/ws/manager.go:100.55,104.2 3 2
github.com/twomee/chatbox/chat-service/internal/ws/manager.go:107.35,111.2 3 8
github.com/twomee/chatbox/chat-service/internal/ws/manager.go:114.42,118.2 3 12
github.com/twomee/chatbox/chat-service/internal/ws/manager.go:122.30,129.31 5 1
github.com/twomee/chatbox/chat-service/internal/ws/manager.go:129.31,131.3 1 2
github.com/twomee/chatbox/chat-service/internal/ws/manager.go:132.2,132.33 1 1
github.com/twomee/chatbox/chat-service/internal/ws/manager.go:132.33,134.3 1 1
github.com/twomee/chatbox/chat-service/internal/ws/manager.go:137.2,153.32 12 1
github.com/twomee/chatbox/chat-service/internal/ws/manager.go:153.32,156.3 2 3
github.com/twomee/chatbox/chat-service/internal/ws/manager.go:158.2,158.74 1 1
github.com/twomee/chatbox/chat-service/internal/ws/manager_lobby.go:14.69,21.37 5 22
github.com/twomee/chatbox/chat-service/internal/ws/manager_lobby.go:21.37,23.3 1 19
github.com/twomee/chatbox/chat-service/internal/ws/manager_lobby.go:24.2,32.3 4 22
github.com/twomee/chatbox/chat-service/internal/ws/manager_lobby.go:36.57,41.9 4 3
github.com/twomee/chatbox/chat-service/internal/ws/manager_lobby.go:41.9,43.3 1 1
github.com/twomee/chatbox/chat-service/internal/ws/manager_lobby.go:45.2,49.40 4 2
github.com/twomee/chatbox/chat-service/internal/ws/manager_lobby.go:49.40,51.3 1 2
github.com/twomee/chatbox/chat-service/internal/ws/manager_lobby.go:53.2,55.71 2 2
github.com/twomee/chatbox/chat-service/internal/ws/manager_lobby.go:60.51,62.16 2 4
github.com/twomee/chatbox/chat-service/internal/ws/manager_lobby.go:62.16,65.3 2 1
github.com/twomee/chatbox/chat-service/internal/ws/manager_lobby.go:67.2,69.30 3 3
github.com/twomee/chatbox/chat-service/internal/ws/manager_lobby.go:69.30,71.3 1 3
github.com/twomee/chatbox/chat-service/internal/ws/manager_lobby.go:72.2,74.26 2 3
github.com/twomee/chatbox/chat-service/internal/ws/manager_lobby.go:74.26,76.3 1 3
github.com/twomee/chatbox/chat-service/internal/ws/manager_lobby.go:81.48,86.36 4 5
github.com/twomee/chatbox/chat-service/internal/ws/manager_lobby.go:86.36,88.3 1 6
github.com/twomee/chatbox/chat-service/internal/ws/manager_lobby.go:89.2,90.25 2 5
github.com/twomee/chatbox/chat-service/internal/ws/manager_lobby.go:90.25,92.3 1 5
github.com/twomee/chatbox/chat-service/internal/ws/manager_lobby.go:93.2,93.14 1 5
github.com/twomee/chatbox/chat-service/internal/ws/manager_lobby.go:98.66,100.16 2 7
github.com/twomee/chatbox/chat-service/internal/ws/manager_lobby.go:100.16,103.3 2 1
github.com/twomee/chatbox/chat-service/internal/ws/manager_lobby.go:105.2,107.39 3 6
github.com/twomee/chatbox/chat-service/internal/ws/manager_lobby.go:107.39,108.28 1 8
github.com/twomee/chatbox/chat-service/internal/ws/manager_lobby.go:108.28,110.4 1 6
github.com/twomee/chatbox/chat-service/internal/ws/manager_lobby.go:112.2,114.23 2 6
github.com/twomee/chatbox/chat-service/internal/ws/manager_lobby.go:114.23,116.3 1 1
github.com/twomee/chatbox/chat-service/internal/ws/manager_lobby.go:118.2,119.28 2 5
github.com/twomee/chatbox/chat-service/internal/ws/manager_lobby.go:119.28,120.46 1 6
github.com/twomee/chatbox/chat-service/internal/ws/manager_lobby.go:120.46,122.4 1 5
github.com/twomee/chatbox/chat-service/internal/ws/manager_lobby.go:124.2,124.13 1 5
github.com/twomee/chatbox/chat-service/internal/ws/manager_room.go:14.80,18.28 3 37
github.com/twomee/chatbox/chat-service/internal/ws/manager_room.go:18.28,20.3 1 28
github.com/twomee/chatbox/chat-service/internal/ws/manager_room.go:21.2,25.37 4 37
github.com/twomee/chatbox/chat-service/internal/ws/manager_room.go:25.37,27.3 1 35
github.com/twomee/chatbox/chat-service/internal/ws/manager_room.go:28.2,33.46 3 37
github.com/twomee/chatbox/chat-service/internal/ws/manager_room.go:33.46,34.25 1 9
github.com/twomee/chatbox/chat-service/internal/ws/manager_room.go:34.25,36.9 2 1
github.com/twomee/chatbox/chat-service/internal/ws/manager_room.go:39.2,39.12 1 37
github.com/twomee/chatbox/chat-service/internal/ws/manager_room.go:39.12,41.3 1 36
github.com/twomee/chatbox/chat-service/internal/ws/manager_room.go:43.2,51.3 4 37
github.com/twomee/chatbox/chat-service/internal/ws/manager_room.go:55.68,60.9 4 2
github.com/twomee/chatbox/chat-service/internal/ws/manager_room.go:60.9,62.3 1 1
github.com/twomee/chatbox/chat-service/internal/ws/manager_room.go:64.2,69.40 5 1
github.com/twomee/chatbox/chat-service/internal/ws/manager_room.go:69.40,71.3 1 1
github.com/twomee/chatbox/chat-service/internal/ws/manager_room.go:74.2,75.33 2 1
github.com/twomee/chatbox/chat-service/internal/ws/manager_room.go:75.33,76.62 1 0
github.com/twomee/chatbox/chat-service/internal/ws/manager_room.go:76.62,78.9 2 0
github.com/twomee/chatbox/chat-service/internal/ws/manager_room.go:83.2,83.20 1 1
github.com/twomee/chatbox/chat-service/internal/ws/manager_room.go:83.20,85.29 2 1
github.com/twomee/chatbox/chat-service/internal/ws/manager_room.go:85.29,86.26 1 1
github.com/twomee/chatbox/chat-service/internal/ws/manager_room.go:86.26,88.10 2 1
github.com/twomee/chatbox/chat-service/internal/ws/manager_room.go:93.2,93.31 1 1
github.com/twomee/chatbox/chat-service/internal/ws/manager_room.go:93.31,96.3 2 1
github.com/twomee/chatbox/chat-service/internal/ws/manager_room.go:98.2,104.3 3 1
github.com/twomee/chatbox/chat-service/internal/ws/manager_room.go:108.62,110.16 2 3
github.com/twomee/chatbox/chat-service/internal/ws/manager_room.go:110.16,113.3 2 0
github.com/twomee/chatbox/chat-service/internal/ws/manager_room.go:115.2,117.33 3 3
github.com/twomee/chatbox/chat-service/internal/ws/manager_room.go:117.33,119.3 1 3
github.com/twomee/chatbox/chat-service/internal/ws/manager_room.go:120.2,123.26 3 3
github.com/twomee/chatbox/chat-service/internal/ws/manager_room.go:123.26,124.46 1 3
github.com/twomee/chatbox/chat-service/internal/ws/manager_room.go:124.46,126.4 1 1
github.com/twomee/chatbox/chat-service/internal/ws/manager_room.go:129.2,129.21 1 3
github.com/twomee/chatbox/chat-service/internal/ws/manager_room.go:129.21,131.28 2 1
github.com/twomee/chatbox/chat-service/internal/ws/manager_room.go:131.28,133.10 2 1
github.com/twomee/chatbox/chat-service/internal/ws/manager_room.go:133.10,138.43 5 1
github.com/twomee/chatbox/chat-service/internal/ws/manager_room.go:138.43,140.6 1 1
github.com/twomee/chatbox/chat-service/internal/ws/manager_room.go:141.5,141.62 1 1
github.com/twomee/chatbox/chat-service/internal/ws/manager_room.go:143.4,143.17 1 1
github.com/twomee/chatbox/chat-service/internal/ws/manager_room.go:145.3,146.16 2 1
github.com/twomee/chatbox/chat-service/internal/ws/manager_room.go:153.92,155.16 2 5
github.com/twomee/chatbox/chat-service/internal/ws/manager_room.go:155.16,158.3 2 1
github.com/twomee/chatbox/chat-service/internal/ws/manager_room.go:160.2,162.33 3 4
github.com/twomee/chatbox/chat-service/internal/ws/manager_room.go:162.33,163.18 1 5
github.com/twomee/chatbox/chat-service/internal/ws/manager_room.go:163.18,165.4 1 2
github.com/twomee/chatbox/chat-service/internal/ws/manager_room.go:167.2,170.26 3 4
github.com/twomee/chatbox/chat-service/internal/ws/manager_room.go:170.26,171.46 1 2
github.com/twomee/chatbox/chat-service/internal/ws/manager_room.go:171.46,173.4 1 1
github.com/twomee/chatbox/chat-service/internal/ws/manager_room.go:176.2,176.21 1 4
github.com/twomee/chatbox/chat-service/internal/ws/manager_room.go:176.21,178.28 2 1
github.com/twomee/chatbox/chat-service/internal/ws/manager_room.go:178.28,180.10 2 1
github.com/twomee/chatbox/chat-service/internal/ws/manager_room.go:180.10,185.43 5 1
github.com/twomee/chatbox/chat-service/internal/ws/manager_room.go:185.43,187.6 1 1
github.com/twomee/chatbox/chat-service/internal/ws/manager_room.go:188.5,188.62 1 1
github.com/twomee/chatbox/chat-service/internal/ws/manager_room.go:190.4,190.17 1 1
github.com/twomee/chatbox/chat-service/internal/ws/manager_room.go:192.3,193.16 2 1
github.com/twomee/chatbox/chat-service/internal/ws/manager_room.go:198.52,203.36 4 5
github.com/twomee/chatbox/chat-service/internal/ws/manager_room.go:203.36,204.36 1 6
github.com/twomee/chatbox/chat-service/internal/ws/manager_room.go:204.36,206.4 1 6
github.com/twomee/chatbox/chat-service/internal/ws/manager_room.go:208.2,209.23 2 5
github.com/twomee/chatbox/chat-service/internal/ws/manager_room.go:209.23,211.3 1 5
github.com/twomee/chatbox/chat-service/internal/ws/manager_room.go:212.2,212.12 1 5
github.com/twomee/chatbox/chat-service/internal/ws/manager_room.go:216.59,221.36 4 2
github.com/twomee/chatbox/chat-service/internal/ws/manager_room.go:221.36,222.36 1 2
github.com/twomee/chatbox/chat-service/internal/ws/manager_room.go:222.36,224.4 1 2
github.com/twomee/chatbox/chat-service/internal/ws/manager_room.go:226.2,227.25 2 2
github.com/twomee/chatbox/chat-service/internal/ws/manager_room.go:227.25,229.3 1 2
github.com/twomee/chatbox/chat-service/internal/ws/manager_room.go:230.2,230.14 1 2
github.com/twomee/chatbox/chat-service/internal/ws/manager_room.go:234.81,238.36 3 2
github.com/twomee/chatbox/chat-service/internal/ws/manager_room.go:238.36,239.62 1 2
github.com/twomee/chatbox/chat-service/internal/ws/manager_room.go:239.62,241.4 1 1
github.com/twomee/chatbox/chat-service/internal/ws/manager_room.go:243.2,243.17 1 1
github.com/twomee/chatbox/chat-service/internal/ws/manager_room.go:247.57,251.36 3 2
github.com/twomee/chatbox/chat-service/internal/ws/manager_room.go:251.36,252.58 1 1
github.com/twomee/chatbox/chat-service/internal/ws/manager_room.go:252.58,254.4 1 1
github.com/twomee/chatbox/chat-service/internal/ws/manager_room.go:256.2,256.14 1 1
github.com/twomee/chatbox/chat-service/internal/ws/manager_room.go:261.60,265.36 3 2
github.com/twomee/chatbox/chat-service/internal/ws/manager_room.go:265.36,266.58 1 3
github.com/twomee/chatbox/chat-service/internal/ws/manager_room.go:266.58,268.4 1 2
github.com/twomee/chatbox/chat-service/internal/ws/manager_room.go:271.2,271.31 1 2
github.com/twomee/chatbox/chat-service/internal/ws/manager_room.go:271.31,276.3 4 2
github.com/twomee/chatbox/chat-service/internal/ws/manager_room.go:277.2,277.35 1 2
github.com/twomee/chatbox/chat-service/internal/ws/manager_room.go:277.35,279.3 1 2
github.com/twomee/chatbox/chat-service/internal/ws/manager_room.go:281.2,282.28 2 2
github.com/twomee/chatbox/chat-service/internal/ws/manager_room.go:282.28,283.20 1 2
github.com/twomee/chatbox/chat-service/internal/ws/manager_room.go:283.20,285.9 2 2
github.com/twomee/chatbox/chat-service/internal/ws/manager_room.go:289.2,289.31 1 2
github.com/twomee/chatbox/chat-service/internal/ws/manager_room.go:289.31,292.3 2 1
github.com/twomee/chatbox/chat-service/internal/ws/manager_room.go:295.2,300.31 4 2
github.com/twomee/chatbox/chat-service/internal/ws/manager_room.go:300.31,302.3 1 2
github.com/twomee/chatbox/chat-service/internal/ws/manager_room.go:306.73,308.16 2 1
github.com/twomee/chatbox/chat-service/internal/ws/manager_room.go:308.16,311.3 2 0
github.com/twomee/chatbox/chat-service/internal/ws/manager_room.go:313.2,315.36 3 1
github.com/twomee/chatbox/chat-service/internal/ws/manager_room.go:315.36,316.58 1 1
github.com/twomee/chatbox/chat-service/internal/ws/manager_room.go:316.58,318.4 1 1
github.com/twomee/chatbox/chat-service/internal/ws/manager_room.go:320.2,322.28 2 1
github.com/twomee/chatbox/chat-service/internal/ws/manager_room.go:322.28,324.3 1 1
github.com/twomee/chatbox/chat-service/internal/ws/manager_room.go:329.84,333.46 3 3
github.com/twomee/chatbox/chat-service/internal/ws/manager_room.go:333.46,334.27 1 3
github.com/twomee/chatbox/chat-service/internal/ws/manager_room.go:334.27,335.12 1 2
github.com/twomee/chatbox/chat-service/internal/ws/manager_room.go:337.3,337.37 1 1
github.com/twomee/chatbox/chat-service/internal/ws/manager_room.go:337.37,338.56 1 1
github.com/twomee/chatbox/chat-service/internal/ws/manager_room.go:338.56,340.5 1 1
github.com/twomee/chatbox/chat-service/internal/ws/manager_room.go:343.2,343.21 1 2
github.com/twomee/chatbox/chat-service/internal/ws/manager_room.go:347.46,351.36 3 1
github.com/twomee/chatbox/chat-service/internal/ws/manager_room.go:351.36,354.9 3 2
github.com/twomee/chatbox/chat-service/internal/ws/manager_room.go:354.9,358.42 4 2
github.com/twomee/chatbox/chat-service/internal/ws/manager_room.go:358.42,360.5 1 2
github.com/twomee/chatbox/chat-service/internal/ws/manager_room.go:364.2,373.31 6 1
github.com/twomee/chatbox/chat-service/internal/ws/manager_room.go:373.31,375.3 1 2
github.com/twomee/chatbox/chat-service/internal/middleware/auth.go:26.48,27.30 1 10
github.com/twomee/chatbox/chat-service/internal/middleware/auth.go:27.30,29.23 2 10
github.com/twomee/chatbox/chat-service/internal/middleware/auth.go:29.23,34.4 2 1
github.com/twomee/chatbox/chat-service/internal/middleware/auth.go:36.3,37.64 2 9
github.com/twomee/chatbox/chat-service/internal/middleware/auth.go:37.64,42.4 2 2
github.com/twomee/chatbox/chat-service/internal/middleware/auth.go:44.3,46.17 3 7
github.com/twomee/chatbox/chat-service/internal/middleware/auth.go:46.17,51.4 2 5
github.com/twomee/chatbox/chat-service/internal/middleware/auth.go:53.3,55.11 3 2
github.com/twomee/chatbox/chat-service/internal/middleware/auth.go:67.63,68.101 1 10
github.com/twomee/chatbox/chat-service/internal/middleware/auth.go:68.101,69.54 1 10
github.com/twomee/chatbox/chat-service/internal/middleware/auth.go:69.54,71.4 1 1
github.com/twomee/chatbox/chat-service/internal/middleware/auth.go:72.3,72.29 1 9
github.com/twomee/chatbox/chat-service/internal/middleware/auth.go:74.2,74.16 1 10
github.com/twomee/chatbox/chat-service/internal/middleware/auth.go:74.16,76.3 1 5
github.com/twomee/chatbox/chat-service/internal/middleware/auth.go:78.2,79.25 2 5
github.com/twomee/chatbox/chat-service/internal/middleware/auth.go:79.25,81.3 1 0
github.com/twomee/chatbox/chat-service/internal/middleware/auth.go:84.2,85.29 2 5
github.com/twomee/chatbox/chat-service/internal/middleware/auth.go:85.29,87.3 1 1
github.com/twomee/chatbox/chat-service/internal/middleware/auth.go:89.2,90.58 2 4
github.com/twomee/chatbox/chat-service/internal/middleware/auth.go:90.58,92.3 1 1
github.com/twomee/chatbox/chat-service/internal/middleware/auth.go:93.2,95.20 2 3
github.com/twomee/chatbox/chat-service/internal/middleware/auth.go:100.73,102.16 2 3
github.com/twomee/chatbox/chat-service/internal/middleware/auth.go:102.16,104.3 1 2
github.com/twomee/chatbox/chat-service/internal/middleware/auth.go:105.2,105.44 1 1
github.com/twomee/chatbox/chat-service/internal/middleware/correlation.go:18.36,19.30 1 3
github.com/twomee/chatbox/chat-service/internal/middleware/correlation.go:19.30,21.18 2 3
github.com/twomee/chatbox/chat-service/internal/middleware/correlation.go:21.18,23.4 1 1
github.com/twomee/chatbox/chat-service/internal/middleware/correlation.go:24.3,26.11 3 3
github.com/twomee/chatbox/chat-service/internal/middleware/metrics.go:12.42,13.30 1 9
github.com/twomee/chatbox/chat-service/internal/middleware/metrics.go:13.30,15.17 2 13
github.com/twomee/chatbox/chat-service/internal/middleware/metrics.go:15.17,17.4 1 1
github.com/twomee/chatbox/chat-service/internal/middleware/metrics.go:20.3,20.66 1 13
github.com/twomee/chatbox/chat-service/internal/middleware/metrics.go:20.66,23.4 2 3
github.com/twomee/chatbox/chat-service/internal/middleware/metrics.go:25.3,35.88 8 10
github.com/twomee/chatbox/chat-service/internal/client/auth.go:36.68,42.51 1 12
github.com/twomee/chatbox/chat-service/internal/client/auth.go:42.51,44.4 1 2
github.com/twomee/chatbox/chat-service/internal/client/auth.go:45.62,51.4 1 0
github.com/twomee/chatbox/chat-service/internal/client/auth.go:54.2,61.3 1 12
github.com/twomee/chatbox/chat-service/internal/client/auth.go:65.75,66.58 1 8
github.com/twomee/chatbox/chat-service/internal/client/auth.go:66.58,68.17 2 8
github.com/twomee/chatbox/chat-service/internal/client/auth.go:68.17,70.4 1 1
github.com/twomee/chatbox/chat-service/internal/client/auth.go:72.3,72.29 1 7
github.com/twomee/chatbox/chat-service/internal/client/auth.go:72.29,75.4 2 1
github.com/twomee/chatbox/chat-service/internal/client/auth.go:76.3,76.19 1 6
github.com/twomee/chatbox/chat-service/internal/client/auth.go:81.101,85.16 3 6
github.com/twomee/chatbox/chat-service/internal/client/auth.go:85.16,87.3 1 0
github.com/twomee/chatbox/chat-service/internal/client/auth.go:89.2,90.16 2 6
github.com/twomee/chatbox/chat-service/internal/client/auth.go:90.16,93.3 2 2
github.com/twomee/chatbox/chat-service/internal/client/auth.go:94.2,96.44 2 4
github.com/twomee/chatbox/chat-service/internal/client/auth.go:96.44,98.3 1 1
github.com/twomee/chatbox/chat-service/internal/client/auth.go:100.2,101.65 2 3
github.com/twomee/chatbox/chat-service/internal/client/auth.go:101.65,103.3 1 1
github.com/twomee/chatbox/chat-service/internal/client/auth.go:104.2,104.19 1 2
github.com/twomee/chatbox/chat-service/internal/client/auth.go:108.90,112.16 3 2
github.com/twomee/chatbox/chat-service/internal/client/auth.go:112.16,114.3 1 0
github.com/twomee/chatbox/chat-service/internal/client/auth.go:116.2,117.16 2 2
github.com/twomee/chatbox/chat-service/internal/client/auth.go:117.16,120.3 2 0
github.com/twomee/chatbox/chat-service/internal/client/auth.go:121.2,123.44 2 2
github.com/twomee/chatbox/chat-service/internal/client/auth.go:123.44,125.3 1 1
github.com/twomee/chatbox/chat-service/internal/client/auth.go:127.2,128.65 2 1
github.com/twomee/chatbox/chat-service/internal/client/auth.go:128.65,130.3 1 0
github.com/twomee/chatbox/chat-service/internal/client/auth.go:131.2,131.19 1 1
github.com/twomee/chatbox/chat-service/internal/client/auth.go:135.54,138.16 3 3
github.com/twomee/chatbox/chat-service/internal/client/auth.go:138.16,140.3 1 0
github.com/twomee/chatbox/chat-service/internal/client/auth.go:141.2,142.16 2 3
github.com/twomee/chatbox/chat-service/internal/client/auth.go:142.16,144.3 1 1
github.com/twomee/chatbox/chat-service/internal/client/auth.go:145.2,146.38 2 2
github.com/twomee/chatbox/chat-service/internal/client/auth.go:146.38,148.3 1 1
github.com/twomee/chatbox/chat-service/internal/client/auth.go:149.2,149.12 1 1
github.com/twomee/chatbox/chat-service/internal/config/config.go:38.30,67.42 19 4
github.com/twomee/chatbox/chat-service/internal/config/config.go:67.42,69.3 1 0
github.com/twomee/chatbox/chat-service/internal/config/config.go:71.2,71.39 1 4
github.com/twomee/chatbox/chat-service/internal/config/config.go:71.39,73.3 1 0
github.com/twomee/chatbox/chat-service/internal/config/config.go:75.2,75.18 1 4
github.com/twomee/chatbox/chat-service/internal/config/config.go:80.35,88.33 3 6
github.com/twomee/chatbox/chat-service/internal/config/config.go:88.33,89.26 1 12
github.com/twomee/chatbox/chat-service/internal/config/config.go:89.26,91.4 1 2
github.com/twomee/chatbox/chat-service/internal/config/config.go:94.2,94.12 1 4
github.com/twomee/chatbox/chat-service/internal/config/config.go:98.32,100.2 1 6
github.com/twomee/chatbox/chat-service/internal/config/config.go:103.45,106.28 3 5
github.com/twomee/chatbox/chat-service/internal/config/config.go:106.28,107.53 1 10
github.com/twomee/chatbox/chat-service/internal/config/config.go:107.53,109.4 1 6
github.com/twomee/chatbox/chat-service/internal/config/config.go:111.2,111.12 1 5
github.com/twomee/chatbox/chat-service/internal/delivery/kafka.go:22.64,24.2 1 5
github.com/twomee/chatbox/chat-service/internal/delivery/kafka.go:26.92,29.2 2 2
github.com/twomee/chatbox/chat-service/internal/delivery/kafka.go:31.94,34.2 2 1
github.com/twomee/chatbox/chat-service/internal/delivery/kafka.go:36.99,38.2 1 1
github.com/twomee/chatbox/chat-service/internal/delivery/sync.go:16.56,18.2 1 4
github.com/twomee/chatbox/chat-service/internal/delivery/sync.go:20.89,26.2 2 1
github.com/twomee/chatbox/chat-service/internal/delivery/sync.go:28.91,34.2 2 1
github.com/twomee/chatbox/chat-service/internal/delivery/sync.go:36.96,42.2 2 1
github.com/twomee/chatbox/chat-service/internal/handler/admin.go:21.62,23.16 2 6
github.com/twomee/chatbox/chat-service/internal/handler/admin.go:23.16,25.3 1 2
github.com/twomee/chatbox/chat-service/internal/handler/admin.go:26.2,26.15 1 4
github.com/twomee/chatbox/chat-service/internal/handler/admin.go:38.125,40.2 1 36
github.com/twomee/chatbox/chat-service/internal/handler/admin.go:44.80,47.16 3 36
github.com/twomee/chatbox/chat-service/internal/handler/admin.go:47.16,51.3 3 2
github.com/twomee/chatbox/chat-service/internal/handler/admin.go:52.2,52.44 1 34
github.com/twomee/chatbox/chat-service/internal/handler/admin.go:52.44,55.3 2 9
github.com/twomee/chatbox/chat-service/internal/handler/admin.go:56.2,56.15 1 25
github.com/twomee/chatbox/chat-service/internal/handler/admin.go:61.53,62.36 1 7
github.com/twomee/chatbox/chat-service/internal/handler/admin.go:62.36,64.3 1 4
github.com/twomee/chatbox/chat-service/internal/handler/admin.go:66.2,67.16 2 3
github.com/twomee/chatbox/chat-service/internal/handler/admin.go:67.16,71.3 3 1
github.com/twomee/chatbox/chat-service/internal/handler/admin.go:72.2,72.18 1 2
github.com/twomee/chatbox/chat-service/internal/handler/admin.go:72.18,74.3 1 1
github.com/twomee/chatbox/chat-service/internal/handler/admin.go:75.2,75.30 1 2
github.com/twomee/chatbox/chat-service/internal/handler/admin.go:80.54,81.36 1 3
github.com/twomee/chatbox/chat-service/internal/handler/admin.go:81.36,83.3 1 1
github.com/twomee/chatbox/chat-service/internal/handler/admin.go:85.2,86.16 2 2
github.com/twomee/chatbox/chat-service/internal/handler/admin.go:86.16,90.3 3 1
github.com/twomee/chatbox/chat-service/internal/handler/admin.go:93.2,94.29 2 1
github.com/twomee/chatbox/chat-service/internal/handler/admin.go:94.29,101.3 3 1
github.com/twomee/chatbox/chat-service/internal/handler/admin.go:104.2,105.24 2 1
github.com/twomee/chatbox/chat-service/internal/handler/admin.go:105.24,107.3 1 0
github.com/twomee/chatbox/chat-service/internal/handler/admin.go:108.2,113.82 2 1
github.com/twomee/chatbox/chat-service/internal/handler/admin.go:118.53,119.36 1 3
github.com/twomee/chatbox/chat-service/internal/handler/admin.go:119.36,121.3 1 1
github.com/twomee/chatbox/chat-service/internal/handler/admin.go:123.2,124.16 2 2
github.com/twomee/chatbox/chat-service/internal/handler/admin.go:124.16,128.3 3 1
github.com/twomee/chatbox/chat-service/internal/handler/admin.go:131.2,132.24 2 1
github.com/twomee/chatbox/chat-service/internal/handler/admin.go:132.24,134.3 1 0
github.com/twomee/chatbox/chat-service/internal/handler/admin.go:135.2,140.82 2 1
github.com/twomee/chatbox/chat-service/internal/handler/admin.go:145.54,146.36 1 3
github.com/twomee/chatbox/chat-service/internal/handler/admin.go:146.36,148.3 1 0
github.com/twomee/chatbox/chat-service/internal/handler/admin.go:150.2,151.42 2 3
github.com/twomee/chatbox/chat-service/internal/handler/admin.go:151.42,154.3 2 1
github.com/twomee/chatbox/chat-service/internal/handler/admin.go:156.2,156.67 1 2
github.com/twomee/chatbox/chat-service/internal/handler/admin.go:156.67,160.3 3 1
github.com/twomee/chatbox/chat-service/internal/handler/admin.go:162.2,163.67 2 1
github.com/twomee/chatbox/chat-service/internal/handler/admin.go:168.56,169.36 1 3
github.com/twomee/chatbox/chat-service/internal/handler/admin.go:169.36,171.3 1 1
github.com/twomee/chatbox/chat-service/internal/handler/admin.go:173.2,174.16 2 2
github.com/twomee/chatbox/chat-service/internal/handler/admin.go:174.16,178.3 3 1
github.com/twomee/chatbox/chat-service/internal/handler/admin.go:180.2,181.29 2 1
github.com/twomee/chatbox/chat-service/internal/handler/admin.go:181.29,183.25 2 2
github.com/twomee/chatbox/chat-service/internal/handler/admin.go:183.25,185.4 1 0
github.com/twomee/chatbox/chat-service/internal/handler/admin.go:189.2,194.4 2 1
github.com/twomee/chatbox/chat-service/internal/handler/admin.go:199.50,200.36 1 4
github.com/twomee/chatbox/chat-service/internal/handler/admin.go:200.36,202.3 1 1
github.com/twomee/chatbox/chat-service/internal/handler/admin.go:204.2,205.16 2 3
github.com/twomee/chatbox/chat-service/internal/handler/admin.go:205.16,208.3 2 1
github.com/twomee/chatbox/chat-service/internal/handler/admin.go:210.2,210.78 1 2
github.com/twomee/chatbox/chat-service/internal/handler/admin.go:210.78,214.3 3 1
github.com/twomee/chatbox/chat-service/internal/handler/admin.go:216.2,225.24 5 1
github.com/twomee/chatbox/chat-service/internal/handler/admin.go:225.24,227.3 1 0
github.com/twomee/chatbox/chat-service/internal/handler/admin.go:228.2,233.74 2 1
github.com/twomee/chatbox/chat-service/internal/handler/admin.go:238.49,239.36 1 4
github.com/twomee/chatbox/chat-service/internal/handler/admin.go:239.36,241.3 1 1
github.com/twomee/chatbox/chat-service/internal/handler/admin.go:243.2,244.16 2 3
github.com/twomee/chatbox/chat-service/internal/handler/admin.go:244.16,247.3 2 1
github.com/twomee/chatbox/chat-service/internal/handler/admin.go:249.2,249.77 1 2
github.com/twomee/chatbox/chat-service/internal/handler/admin.go:249.77,253.3 3 1
github.com/twomee/chatbox/chat-service/internal/handler/admin.go:256.2,257.24 2 1
github.com/twomee/chatbox/chat-service/internal/handler/admin.go:257.24,259.3 1 0
github.com/twomee/chatbox/chat-service/internal/handler/admin.go:260.2,265.74 2 1
github.com/twomee/chatbox/chat-service/internal/handler/admin.go:270.62,271.36 1 9
github.com/twomee/chatbox/chat-service/internal/handler/admin.go:271.36,273.3 1 2
github.com/twomee/chatbox/chat-service/internal/handler/admin.go:275.2,276.20 2 7
github.com/twomee/chatbox/chat-service/internal/handler/admin.go:276.20,279.3 2 1
github.com/twomee/chatbox/chat-service/internal/handler/admin.go:282.2,283.16 2 6
github.com/twomee/chatbox/chat-service/internal/handler/admin.go:283.16,287.3 3 1
github.com/twomee/chatbox/chat-service/internal/handler/admin.go:288.2,288.17 1 5
github.com/twomee/chatbox/chat-service/internal/handler/admin.go:288.17,291.3 2 1
github.com/twomee/chatbox/chat-service/internal/handler/admin.go:294.2,296.29 3 4
github.com/twomee/chatbox/chat-service/internal/handler/admin.go:296.29,297.48 1 4
github.com/twomee/chatbox/chat-service/internal/handler/admin.go:297.48,298.12 1 2
github.com/twomee/chatbox/chat-service/internal/handler/admin.go:300.3,301.16 2 2
github.com/twomee/chatbox/chat-service/internal/handler/admin.go:301.16,302.12 1 1
github.com/twomee/chatbox/chat-service/internal/handler/admin.go:304.3,305.17 2 1
github.com/twomee/chatbox/chat-service/internal/handler/admin.go:305.17,307.12 2 0
github.com/twomee/chatbox/chat-service/internal/handler/admin.go:309.3,317.47 3 1
github.com/twomee/chatbox/chat-service/internal/handler/admin.go:320.2,324.4 1 4
github.com/twomee/chatbox/chat-service/internal/handler/health.go:24.113,31.2 1 4
github.com/twomee/chatbox/chat-service/internal/handler/health.go:34.48,39.2 1 1
github.com/twomee/chatbox/chat-service/internal/handler/health.go:44.47,52.17 5 3
github.com/twomee/chatbox/chat-service/internal/handler/health.go:52.17,53.40 1 0
github.com/twomee/chatbox/chat-service/internal/handler/health.go:53.40,56.4 2 0
github.com/twomee/chatbox/chat-service/internal/handler/health.go:56.9,58.4 1 0
github.com/twomee/chatbox/chat-service/internal/handler/health.go:59.8,61.3 1 3
github.com/twomee/chatbox/chat-service/internal/handler/health.go:64.2,64.20 1 3
github.com/twomee/chatbox/chat-service/internal/handler/health.go:64.20,65.49 1 2
github.com/twomee/chatbox/chat-service/internal/handler/health.go:65.49,68.4 2 2
github.com/twomee/chatbox/chat-service/internal/handler/health.go:68.9,70.4 1 0
github.com/twomee/chatbox/chat-service/internal/handler/health.go:71.8,73.3 1 1
github.com/twomee/chatbox/chat-service/internal/handler/health.go:76.2,76.28 1 3
github.com/twomee/chatbox/chat-service/internal/handler/health.go:76.28,77.67 1 0
github.com/twomee/chatbox/chat-service/internal/handler/health.go:77.67,80.4 2 0
github.com/twomee/chatbox/chat-service/internal/handler/health.go:80.9,82.4 1 0
github.com/twomee/chatbox/chat-service/internal/handler/health.go:83.8,85.3 1 3
github.com/twomee/chatbox/chat-service/internal/handler/health.go:87.2,88.14 2 3
github.com/twomee/chatbox/chat-service/internal/handler/health.go:88.14,90.3 1 2
github.com/twomee/chatbox/chat-service/internal/handler/health.go:92.2,94.4 1 3
github.com/twomee/chatbox/chat-service/internal/handler/lobby.go:23.95,29.2 1 3
github.com/twomee/chatbox/chat-service/internal/handler/lobby.go:33.54,35.17 2 3
github.com/twomee/chatbox/chat-service/internal/handler/lobby.go:35.17,38.3 2 1
github.com/twomee/chatbox/chat-service/internal/handler/lobby.go:40.2,41.16 2 2
github.com/twomee/chatbox/chat-service/internal/handler/lobby.go:41.16,44.3 2 1
github.com/twomee/chatbox/chat-service/internal/handler/lobby.go:47.2,47.68 1 1
github.com/twomee/chatbox/chat-service/internal/handler/lobby.go:47.68,50.3 2 0
github.com/twomee/chatbox/chat-service/internal/handler/lobby.go:52.2,54.16 3 1
github.com/twomee/chatbox/chat-service/internal/handler/lobby.go:54.16,57.3 2 0
github.com/twomee/chatbox/chat-service/internal/handler/lobby.go:60.2,71.6 6 1
github.com/twomee/chatbox/chat-service/internal/handler/lobby.go:71.6,72.50 1 1
github.com/twomee/chatbox/chat-service/internal/handler/lobby.go:72.50,73.166 1 1
github.com/twomee/chatbox/chat-service/internal/handler/lobby.go:73.166,75.5 1 0
github.com/twomee/chatbox/chat-service/internal/handler/lobby.go:76.4,76.9 1 1
github.com/twomee/chatbox/chat-service/internal/handler/lobby.go:80.2,81.18 2 1
github.com/twomee/chatbox/chat-service/internal/handler/pm.go:33.14,40.2 1 4
github.com/twomee/chatbox/chat-service/internal/handler/pm.go:45.44,47.47 2 4
github.com/twomee/chatbox/chat-service/internal/handler/pm.go:47.47,50.3 2 1
github.com/twomee/chatbox/chat-service/internal/handler/pm.go:52.2,56.43 3 3
github.com/twomee/chatbox/chat-service/internal/handler/pm.go:56.43,59.3 2 0
github.com/twomee/chatbox/chat-service/internal/handler/pm.go:62.2,63.16 2 3
github.com/twomee/chatbox/chat-service/internal/handler/pm.go:63.16,67.3 3 1
github.com/twomee/chatbox/chat-service/internal/handler/pm.go:68.2,68.22 1 2
github.com/twomee/chatbox/chat-service/internal/handler/pm.go:68.22,71.3 2 1
github.com/twomee/chatbox/chat-service/internal/handler/pm.go:73.2,101.91 6 1
github.com/twomee/chatbox/chat-service/internal/handler/pm.go:101.91,103.3 1 0
github.com/twomee/chatbox/chat-service/internal/handler/pm.go:105.2,108.4 1 1
github.com/twomee/chatbox/chat-service/internal/handler/room.go:37.123,39.2 1 46
github.com/twomee/chatbox/chat-service/internal/handler/room.go:43.49,45.16 2 3
github.com/twomee/chatbox/chat-service/internal/handler/room.go:45.16,49.3 3 1
github.com/twomee/chatbox/chat-service/internal/handler/room.go:50.2,50.18 1 2
github.com/twomee/chatbox/chat-service/internal/handler/room.go:50.18,52.3 1 1
github.com/twomee/chatbox/chat-service/internal/handler/room.go:53.2,53.30 1 2
github.com/twomee/chatbox/chat-service/internal/handler/room.go:58.50,62.16 3 6
github.com/twomee/chatbox/chat-service/internal/handler/room.go:62.16,66.3 3 1
github.com/twomee/chatbox/chat-service/internal/handler/room.go:67.2,67.44 1 5
github.com/twomee/chatbox/chat-service/internal/handler/room.go:67.44,70.3 2 1
github.com/twomee/chatbox/chat-service/internal/handler/room.go:72.2,73.47 2 4
github.com/twomee/chatbox/chat-service/internal/handler/room.go:73.47,76.3 2 1
github.com/twomee/chatbox/chat-service/internal/handler/room.go:79.2,80.40 2 3
github.com/twomee/chatbox/chat-service/internal/handler/room.go:80.40,83.3 2 1
github.com/twomee/chatbox/chat-service/internal/handler/room.go:85.2,86.16 2 2
github.com/twomee/chatbox/chat-service/internal/handler/room.go:86.16,91.3 3 1
github.com/twomee/chatbox/chat-service/internal/handler/room.go:94.2,96.34 2 1
github.com/twomee/chatbox/chat-service/internal/handler/room.go:102.52,104.16 2 4
github.com/twomee/chatbox/chat-service/internal/handler/room.go:104.16,107.3 2 1
github.com/twomee/chatbox/chat-service/internal/handler/room.go:109.2,114.27 4 3
github.com/twomee/chatbox/chat-service/internal/handler/room.go:114.27,116.3 1 0
github.com/twomee/chatbox/chat-service/internal/handler/room.go:117.2,121.42 3 3
github.com/twomee/chatbox/chat-service/internal/handler/room.go:121.42,124.3 2 1
github.com/twomee/chatbox/chat-service/internal/handler/room.go:126.2,127.68 2 2
github.com/twomee/chatbox/chat-service/internal/handler/room.go:132.82,137.13 3 19
github.com/twomee/chatbox/chat-service/internal/handler/room.go:137.13,139.3 1 2
github.com/twomee/chatbox/chat-service/internal/handler/room.go:142.2,143.16 2 17
github.com/twomee/chatbox/chat-service/internal/handler/room.go:143.16,147.3 3 1
github.com/twomee/chatbox/chat-service/internal/handler/room.go:148.2,148.43 1 16
github.com/twomee/chatbox/chat-service/internal/handler/room.go:148.43,150.3 1 13
github.com/twomee/chatbox/chat-service/internal/handler/room.go:152.2,153.14 2 3
github.com/twomee/chatbox/chat-service/internal/handler/room.go:158.49,160.16 2 8
github.com/twomee/chatbox/chat-service/internal/handler/room.go:160.16,163.3 2 1
github.com/twomee/chatbox/chat-service/internal/handler/room.go:165.2,165.45 1 7
github.com/twomee/chatbox/chat-service/internal/handler/room.go:165.45,167.3 1 1
github.com/twomee/chatbox/chat-service/internal/handler/room.go:169.2,170.47 2 6
github.com/twomee/chatbox/chat-service/internal/handler/room.go:170.47,173.3 2 1
github.com/twomee/chatbox/chat-service/internal/handler/room.go:175.2,175.85 1 5
github.com/twomee/chatbox/chat-service/internal/handler/room.go:175.85,176.36 1 2
github.com/twomee/chatbox/chat-service/internal/handler/room.go:176.36,179.4 2 1
github.com/twomee/chatbox/chat-service/internal/handler/room.go:180.3,182.9 3 1
github.com/twomee/chatbox/chat-service/internal/handler/room.go:186.2,188.76 2 3
github.com/twomee/chatbox/chat-service/internal/handler/room.go:195.48,197.16 2 8
github.com/twomee/chatbox/chat-service/internal/handler/room.go:197.16,200.3 2 1
github.com/twomee/chatbox/chat-service/internal/handler/room.go:202.2,202.45 1 7
github.com/twomee/chatbox/chat-service/internal/handler/room.go:202.45,204.3 1 2
github.com/twomee/chatbox/chat-service/internal/handler/room.go:206.2,207.47 2 5
github.com/twomee/chatbox/chat-service/internal/handler/room.go:207.47,210.3 2 1
github.com/twomee/chatbox/chat-service/internal/handler/room.go:212.2,213.16 2 4
github.com/twomee/chatbox/chat-service/internal/handler/room.go:213.16,217.3 3 1
github.com/twomee/chatbox/chat-service/internal/handler/room.go:218.2,218.35 1 3
github.com/twomee/chatbox/chat-service/internal/handler/room.go:223.51,225.16 2 6
github.com/twomee/chatbox/chat-service/internal/handler/room.go:225.16,228.3 2 1
github.com/twomee/chatbox/chat-service/internal/handler/room.go:230.2,230.45 1 5
github.com/twomee/chatbox/chat-service/internal/handler/room.go:230.45,232.3 1 1
github.com/twomee/chatbox/chat-service/internal/handler/room.go:234.2,235.16 2 4
github.com/twomee/chatbox/chat-service/internal/handler/room.go:235.16,238.3 2 1
github.com/twomee/chatbox/chat-service/internal/handler/room.go:240.2,240.81 1 3
github.com/twomee/chatbox/chat-service/internal/handler/room.go:240.81,241.36 1 2
github.com/twomee/chatbox/chat-service/internal/handler/room.go:241.36,244.4 2 1
github.com/twomee/chatbox/chat-service/internal/handler/room.go:245.3,247.9 3 1
github.com/twomee/chatbox/chat-service/internal/handler/room.go:249.2,249.57 1 1
github.com/twomee/chatbox/chat-service/internal/handler/room.go:256.48,258.16 2 5
github.com/twomee/chatbox/chat-service/internal/handler/room.go:258.16,261.3 2 1
github.com/twomee/chatbox/chat-service/internal/handler/room.go:264.2,266.14 3 4
github.com/twomee/chatbox/chat-service/internal/handler/room.go:266.14,269.3 2 1
github.com/twomee/chatbox/chat-service/internal/handler/room.go:271.2,272.47 2 3
github.com/twomee/chatbox/chat-service/internal/handler/room.go:272.47,275.3 2 1
github.com/twomee/chatbox/chat-service/internal/handler/room.go:277.2,278.16 2 2
github.com/twomee/chatbox/chat-service/internal/handler/room.go:278.16,282.3 3 1
github.com/twomee/chatbox/chat-service/internal/handler/room.go:283.2,283.35 1 1
github.com/twomee/chatbox/chat-service/internal/handler/room.go:288.50,290.16 2 6
github.com/twomee/chatbox/chat-service/internal/handler/room.go:290.16,293.3 2 1
github.com/twomee/chatbox/chat-service/internal/handler/room.go:294.2,295.16 2 5
github.com/twomee/chatbox/chat-service/internal/handler/room.go:295.16,298.3 2 1
github.com/twomee/chatbox/chat-service/internal/handler/room.go:301.2,303.14 3 4
github.com/twomee/chatbox/chat-service/internal/handler/room.go:303.14,306.3 2 1
github.com/twomee/chatbox/chat-service/internal/handler/room.go:308.2,308.80 1 3
github.com/twomee/chatbox/chat-service/internal/handler/room.go:308.80,309.36 1 2
github.com/twomee/chatbox/chat-service/internal/handler/room.go:309.36,312.4 2 1
github.com/twomee/chatbox/chat-service/internal/handler/room.go:313.3,315.9 3 1
github.com/twomee/chatbox/chat-service/internal/handler/room.go:317.2,317.56 1 1
github.com/twomee/chatbox/chat-service/internal/handler/room.go:321.69,323.16 2 5
github.com/twomee/chatbox/chat-service/internal/handler/room.go:323.16,326.3 2 1
github.com/twomee/chatbox/chat-service/internal/handler/room.go:327.2,327.18 1 4
github.com/twomee/chatbox/chat-service/internal/handler/room.go:327.18,329.3 1 4
github.com/twomee/chatbox/chat-service/internal/handler/room.go:330.2,334.31 2 4
github.com/twomee/chatbox/chat-service/internal/handler/websocket.go:68.39,74.2 1 88
github.com/twomee/chatbox/chat-service/internal/handler/websocket.go:79.40,81.82 2 95
github.com/twomee/chatbox/chat-service/internal/handler/websocket.go:81.82,83.3 1 91
github.com/twomee/chatbox/chat-service/internal/handler/websocket.go:85.2,86.19 2 4
github.com/twomee/chatbox/chat-service/internal/handler/websocket.go:86.19,88.3 1 1
github.com/twomee/chatbox/chat-service/internal/handler/websocket.go:90.2,91.18 2 3
github.com/twomee/chatbox/chat-service/internal/handler/websocket.go:91.18,93.3 1 1
github.com/twomee/chatbox/chat-service/internal/handler/websocket.go:95.2,95.48 1 2
github.com/twomee/chatbox/chat-service/internal/handler/websocket.go:95.48,96.37 1 2
github.com/twomee/chatbox/chat-service/internal/handler/websocket.go:96.37,98.4 1 1
github.com/twomee/chatbox/chat-service/internal/handler/websocket.go:100.2,100.14 1 1
github.com/twomee/chatbox/chat-service/internal/handler/websocket.go:138.14,152.2 1 74
github.com/twomee/chatbox/chat-service/internal/handler/websocket.go:159.50,162.16 3 92
github.com/twomee/chatbox/chat-service/internal/handler/websocket.go:162.16,165.3 2 1
github.com/twomee/chatbox/chat-service/internal/handler/websocket.go:168.2,169.17 2 91
github.com/twomee/chatbox/chat-service/internal/handler/websocket.go:169.17,172.3 2 1
github.com/twomee/chatbox/chat-service/internal/handler/websocket.go:174.2,175.16 2 90
github.com/twomee/chatbox/chat-service/internal/handler/websocket.go:175.16,178.3 2 1
github.com/twomee/chatbox/chat-service/internal/handler/websocket.go:184.2,184.25 1 89
github.com/twomee/chatbox/chat-service/internal/handler/websocket.go:184.25,186.21 2 0
github.com/twomee/chatbox/chat-service/internal/handler/websocket.go:186.21,190.4 3 0
github.com/twomee/chatbox/chat-service/internal/handler/websocket.go:191.3,191.55 1 0
github.com/twomee/chatbox/chat-service/internal/handler/websocket.go:191.55,194.4 2 0
github.com/twomee/chatbox/chat-service/internal/handler/websocket.go:198.2,199.16 2 89
github.com/twomee/chatbox/chat-service/internal/handler/websocket.go:199.16,202.3 2 1
github.com/twomee/chatbox/chat-service/internal/handler/websocket.go:203.2,203.20 1 88
github.com/twomee/chatbox/chat-service/internal/handler/websocket.go:203.20,206.3 2 1
github.com/twomee/chatbox/chat-service/internal/handler/websocket.go:214.2,217.68 2 87
github.com/twomee/chatbox/chat-service/internal/handler/websocket.go:217.68,220.3 2 0
github.com/twomee/chatbox/chat-service/internal/handler/websocket.go:223.2,225.16 3 87
github.com/twomee/chatbox/chat-service/internal/handler/websocket.go:225.16,228.3 2 0
github.com/twomee/chatbox/chat-service/internal/handler/websocket.go:231.2,242.27 7 87
github.com/twomee/chatbox/chat-service/internal/handler/websocket.go:242.27,243.47 1 23
github.com/twomee/chatbox/chat-service/internal/handler/websocket.go:243.47,245.9 2 23
github.com/twomee/chatbox/chat-service/internal/handler/websocket.go:248.2,248.24 1 87
github.com/twomee/chatbox/chat-service/internal/handler/websocket.go:248.24,250.28 1 64
github.com/twomee/chatbox/chat-service/internal/handler/websocket.go:250.28,252.4 1 0
github.com/twomee/chatbox/chat-service/internal/handler/websocket.go:253.3,253.47 1 64
github.com/twomee/chatbox/chat-service/internal/handler/websocket.go:269.2,271.12 3 87
github.com/twomee/chatbox/chat-service/internal/handler/websocket.go:271.12,275.3 3 87
github.com/twomee/chatbox/chat-service/internal/handler/websocket.go:278.2,281.57 2 87
github.com/twomee/chatbox/chat-service/internal/handler/websocket.go:285.52,289.2 3 1
github.com/twomee/chatbox/chat-service/internal/handler/websocket.go:292.56,296.24 4 86
github.com/twomee/chatbox/chat-service/internal/handler/websocket.go:296.24,299.3 2 1
github.com/twomee/chatbox/chat-service/internal/handler/websocket.go:300.2,300.14 1 85
github.com/twomee/chatbox/chat-service/internal/handler/websocket.go:307.70,311.41 2 88
github.com/twomee/chatbox/chat-service/internal/handler/websocket.go:311.41,314.3 1 0
github.com/twomee/chatbox/chat-service/internal/handler/websocket.go:317.2,318.12 2 88
github.com/twomee/chatbox/chat-service/internal/handler/websocket.go:318.12,321.7 3 88
github.com/twomee/chatbox/chat-service/internal/handler/websocket.go:321.7,322.11 1 88
github.com/twomee/chatbox/chat-service/internal/handler/websocket.go:323.20,325.83 2 0
github.com/twomee/chatbox/chat-service/internal/handler/websocket.go:325.83,327.6 1 0
github.com/twomee/chatbox/chat-service/internal/handler/websocket.go:328.16,329.11 1 87
github.com/twomee/chatbox/chat-service/internal/handler/websocket.go:334.2,334.16 1 88
github.com/twomee/chatbox/chat-service/internal/handler/websocket.go:334.16,334.31 1 87
github.com/twomee/chatbox/chat-service/internal/handler/websocket.go:338.68,344.2 2 45
github.com/twomee/chatbox/chat-service/internal/handler/ws_admin.go:15.120,16.18 1 6
github.com/twomee/chatbox/chat-service/internal/handler/ws_admin.go:16.18,19.3 2 1
github.com/twomee/chatbox/chat-service/internal/handler/ws_admin.go:22.2,23.14 2 5
github.com/twomee/chatbox/chat-service/internal/handler/ws_admin.go:23.14,26.3 2 1
github.com/twomee/chatbox/chat-service/internal/handler/ws_admin.go:29.2,29.24 1 4
github.com/twomee/chatbox/chat-service/internal/handler/ws_admin.go:29.24,32.3 2 1
github.com/twomee/chatbox/chat-service/internal/handler/ws_admin.go:35.2,36.12 2 3
github.com/twomee/chatbox/chat-service/internal/handler/ws_admin.go:36.12,39.3 2 1
github.com/twomee/chatbox/chat-service/internal/handler/ws_admin.go:42.2,43.19 2 2
github.com/twomee/chatbox/chat-service/internal/handler/ws_admin.go:43.19,46.3 2 1
github.com/twomee/chatbox/chat-service/internal/handler/ws_admin.go:49.2,105.62 18 1
github.com/twomee/chatbox/chat-service/internal/handler/ws_admin.go:109.120,110.18 1 11
github.com/twomee/chatbox/chat-service/internal/handler/ws_admin.go:110.18,113.3 2 1
github.com/twomee/chatbox/chat-service/internal/handler/ws_admin.go:116.2,117.14 2 10
github.com/twomee/chatbox/chat-service/internal/handler/ws_admin.go:117.14,120.3 2 1
github.com/twomee/chatbox/chat-service/internal/handler/ws_admin.go:123.2,123.24 1 9
github.com/twomee/chatbox/chat-service/internal/handler/ws_admin.go:123.24,126.3 2 1
github.com/twomee/chatbox/chat-service/internal/handler/ws_admin.go:129.2,130.12 2 8
github.com/twomee/chatbox/chat-service/internal/handler/ws_admin.go:130.12,133.3 2 1
github.com/twomee/chatbox/chat-service/internal/handler/ws_admin.go:136.2,137.19 2 7
github.com/twomee/chatbox/chat-service/internal/handler/ws_admin.go:137.19,140.3 2 1
github.com/twomee/chatbox/chat-service/internal/handler/ws_admin.go:143.2,144.18 2 6
github.com/twomee/chatbox/chat-service/internal/handler/ws_admin.go:144.18,147.3 2 1
github.com/twomee/chatbox/chat-service/internal/handler/ws_admin.go:150.2,151.16 2 5
github.com/twomee/chatbox/chat-service/internal/handler/ws_admin.go:151.16,155.3 3 1
github.com/twomee/chatbox/chat-service/internal/handler/ws_admin.go:158.2,166.61 3 4
github.com/twomee/chatbox/chat-service/internal/handler/ws_admin.go:170.122,171.18 1 5
github.com/twomee/chatbox/chat-service/internal/handler/ws_admin.go:171.18,174.3 2 1
github.com/twomee/chatbox/chat-service/internal/handler/ws_admin.go:177.2,178.14 2 4
github.com/twomee/chatbox/chat-service/internal/handler/ws_admin.go:178.14,181.3 2 1
github.com/twomee/chatbox/chat-service/internal/handler/ws_admin.go:184.2,185.12 2 3
github.com/twomee/chatbox/chat-service/internal/handler/ws_admin.go:185.12,188.3 2 1
github.com/twomee/chatbox/chat-service/internal/handler/ws_admin.go:191.2,192.14 2 2
github.com/twomee/chatbox/chat-service/internal/handler/ws_admin.go:192.14,195.3 2 1
github.com/twomee/chatbox/chat-service/internal/handler/ws_admin.go:198.2,198.66 1 1
github.com/twomee/chatbox/chat-service/internal/handler/ws_admin.go:198.66,202.3 3 0
github.com/twomee/chatbox/chat-service/internal/handler/ws_admin.go:205.2,213.63 3 1
github.com/twomee/chatbox/chat-service/internal/handler/ws_admin.go:217.123,218.18 1 10
github.com/twomee/chatbox/chat-service/internal/handler/ws_admin.go:218.18,221.3 2 1
github.com/twomee/chatbox/chat-service/internal/handler/ws_admin.go:224.2,225.14 2 9
github.com/twomee/chatbox/chat-service/internal/handler/ws_admin.go:225.14,228.3 2 1
github.com/twomee/chatbox/chat-service/internal/handler/ws_admin.go:231.2,231.24 1 8
github.com/twomee/chatbox/chat-service/internal/handler/ws_admin.go:231.24,234.3 2 1
github.com/twomee/chatbox/chat-service/internal/handler/ws_admin.go:237.2,238.12 2 7
github.com/twomee/chatbox/chat-service/internal/handler/ws_admin.go:238.12,241.3 2 1
github.com/twomee/chatbox/chat-service/internal/handler/ws_admin.go:244.2,245.19 2 6
github.com/twomee/chatbox/chat-service/internal/handler/ws_admin.go:245.19,248.3 2 1
github.com/twomee/chatbox/chat-service/internal/handler/ws_admin.go:251.2,252.13 2 5
github.com/twomee/chatbox/chat-service/internal/handler/ws_admin.go:252.13,255.3 2 1
github.com/twomee/chatbox/chat-service/internal/handler/ws_admin.go:258.2,259.16 2 4
github.com/twomee/chatbox/chat-service/internal/handler/ws_admin.go:259.16,263.3 3 0
github.com/twomee/chatbox/chat-service/internal/handler/ws_admin.go:266.2,274.64 3 4
github.com/twomee/chatbox/chat-service/internal/handler/ws_edit.go:15.119,16.44 1 4
github.com/twomee/chatbox/chat-service/internal/handler/ws_edit.go:16.44,19.3 2 1
github.com/twomee/chatbox/chat-service/internal/handler/ws_edit.go:21.2,21.39 1 3
github.com/twomee/chatbox/chat-service/internal/handler/ws_edit.go:21.39,24.3 2 1
github.com/twomee/chatbox/chat-service/internal/handler/ws_edit.go:26.2,26.38 1 2
github.com/twomee/chatbox/chat-service/internal/handler/ws_edit.go:26.38,29.3 2 1
github.com/twomee/chatbox/chat-service/internal/handler/ws_edit.go:31.2,56.69 7 1
github.com/twomee/chatbox/chat-service/internal/handler/ws_edit.go:56.69,58.3 1 0
github.com/twomee/chatbox/chat-service/internal/handler/ws_edit.go:63.121,64.44 1 3
github.com/twomee/chatbox/chat-service/internal/handler/ws_edit.go:64.44,67.3 2 1
github.com/twomee/chatbox/chat-service/internal/handler/ws_edit.go:69.2,91.69 7 2
github.com/twomee/chatbox/chat-service/internal/handler/ws_edit.go:91.69,93.3 1 0
github.com/twomee/chatbox/chat-service/internal/handler/ws_lifecycle.go:23.119,28.17 4 87
github.com/twomee/chatbox/chat-service/internal/handler/ws_lifecycle.go:28.17,31.3 2 0
github.com/twomee/chatbox/chat-service/internal/handler/ws_lifecycle.go:32.2,48.17 6 87
github.com/twomee/chatbox/chat-service/internal/handler/ws_lifecycle.go:48.17,52.3 1 0
github.com/twomee/chatbox/chat-service/internal/handler/ws_lifecycle.go:52.8,71.3 7 87
github.com/twomee/chatbox/chat-service/internal/handler/ws_lifecycle.go:79.118,84.33 3 86
github.com/twomee/chatbox/chat-service/internal/handler/ws_lifecycle.go:84.33,86.3 1 1
github.com/twomee/chatbox/chat-service/internal/handler/ws_lifecycle.go:89.2,89.44 1 85
github.com/twomee/chatbox/chat-service/internal/handler/ws_lifecycle.go:89.44,91.3 1 0
github.com/twomee/chatbox/chat-service/internal/handler/ws_lifecycle.go:95.2,102.12 6 85
github.com/twomee/chatbox/chat-service/internal/handler/ws_lifecycle.go:102.12,103.10 1 85
github.com/twomee/chatbox/chat-service/internal/handler/ws_lifecycle.go:104.26,106.10 1 0
github.com/twomee/chatbox/chat-service/internal/handler/ws_lifecycle.go:107.37,107.37 0 0
github.com/twomee/chatbox/chat-service/internal/handler/ws_lifecycle.go:111.3,119.45 4 0
github.com/twomee/chatbox/chat-service/internal/handler/ws_lifecycle.go:119.45,121.4 1 0
github.com/twomee/chatbox/chat-service/internal/handler/ws_lifecycle.go:124.3,157.59 13 0
github.com/twomee/chatbox/chat-service/internal/handler/ws_lifecycle.go:164.101,166.14 2 5
github.com/twomee/chatbox/chat-service/internal/handler/ws_lifecycle.go:166.14,168.3 1 1
github.com/twomee/chatbox/chat-service/internal/handler/ws_lifecycle.go:171.2,175.32 3 4
github.com/twomee/chatbox/chat-service/internal/handler/ws_lifecycle.go:175.32,177.3 1 1
github.com/twomee/chatbox/chat-service/internal/handler/ws_lifecycle.go:180.2,181.12 2 4
github.com/twomee/chatbox/chat-service/internal/handler/ws_lifecycle.go:181.12,183.3 1 1
github.com/twomee/chatbox/chat-service/internal/handler/ws_lifecycle.go:186.2,187.16 2 3
github.com/twomee/chatbox/chat-service/internal/handler/ws_lifecycle.go:187.16,190.3 2 1
github.com/twomee/chatbox/chat-service/internal/handler/ws_lifecycle.go:193.2,224.54 9 2
github.com/twomee/chatbox/chat-service/internal/handler/ws_lifecycle.go:229.101,230.32 1 87
github.com/twomee/chatbox/chat-service/internal/handler/ws_lifecycle.go:230.32,232.3 1 82
github.com/twomee/chatbox/chat-service/internal/handler/ws_lifecycle.go:234.2,235.16 2 5
github.com/twomee/chatbox/chat-service/internal/handler/ws_lifecycle.go:235.16,238.3 1 4
github.com/twomee/chatbox/chat-service/internal/handler/ws_lifecycle.go:240.2,245.44 2 1
github.com/twomee/chatbox/chat-service/internal/handler/ws_lifecycle.go:250.81,255.16 4 87
github.com/twomee/chatbox/chat-service/internal/handler/ws_lifecycle.go:255.16,258.3 2 0
github.com/twomee/chatbox/chat-service/internal/handler/ws_lifecycle.go:259.2,262.16 3 87
github.com/twomee/chatbox/chat-service/internal/handler/ws_lifecycle.go:262.16,272.3 4 84
github.com/twomee/chatbox/chat-service/internal/handler/ws_lifecycle.go:273.2,275.38 2 3
github.com/twomee/chatbox/chat-service/internal/handler/ws_lifecycle.go:275.38,283.3 3 1
github.com/twomee/chatbox/chat-service/internal/handler/ws_lifecycle.go:285.2,286.72 2 2
github.com/twomee/chatbox/chat-service/internal/handler/ws_lifecycle.go:286.72,288.3 1 1
github.com/twomee/chatbox/chat-service/internal/handler/ws_lifecycle.go:292.2,293.32 2 2
github.com/twomee/chatbox/chat-service/internal/handler/ws_lifecycle.go:293.32,299.33 2 1
github.com/twomee/chatbox/chat-service/internal/handler/ws_lifecycle.go:299.33,301.4 1 1
github.com/twomee/chatbox/chat-service/internal/handler/ws_lifecycle.go:302.3,302.37 1 1
github.com/twomee/chatbox/chat-service/internal/handler/ws_lifecycle.go:302.37,304.4 1 1
github.com/twomee/chatbox/chat-service/internal/handler/ws_lifecycle.go:305.3,305.60 1 1
github.com/twomee/chatbox/chat-service/internal/handler/ws_lifecycle.go:305.60,307.4 1 0
github.com/twomee/chatbox/chat-service/internal/handler/ws_lifecycle.go:308.3,308.43 1 1
github.com/twomee/chatbox/chat-service/internal/handler/ws_lifecycle.go:308.43,310.4 1 1
github.com/twomee/chatbox/chat-service/internal/handler/ws_lifecycle.go:311.3,311.42 1 1
github.com/twomee/chatbox/chat-service/internal/handler/ws_lifecycle.go:311.42,313.4 1 1
github.com/twomee/chatbox/chat-service/internal/handler/ws_lifecycle.go:314.3,314.41 1 1
github.com/twomee/chatbox/chat-service/internal/handler/ws_lifecycle.go:317.2,322.44 2 2
github.com/twomee/chatbox/chat-service/internal/handler/ws_lifecycle.go:327.81,329.16 2 88
github.com/twomee/chatbox/chat-service/internal/handler/ws_lifecycle.go:329.16,331.3 1 0
github.com/twomee/chatbox/chat-service/internal/handler/ws_lifecycle.go:334.2,336.33 3 88
github.com/twomee/chatbox/chat-service/internal/handler/ws_lifecycle.go:336.33,338.12 2 111
github.com/twomee/chatbox/chat-service/internal/handler/ws_lifecycle.go:338.12,340.4 1 111
github.com/twomee/chatbox/chat-service/internal/handler/ws_lifecycle.go:343.2,344.27 2 88
github.com/twomee/chatbox/chat-service/internal/handler/ws_lifecycle.go:344.27,345.45 1 86
github.com/twomee/chatbox/chat-service/internal/handler/ws_lifecycle.go:345.45,347.4 1 86
github.com/twomee/chatbox/chat-service/internal/handler/ws_lifecycle.go:349.2,349.14 1 88
github.com/twomee/chatbox/chat-service/internal/handler/ws_lifecycle.go:353.110,362.73 3 97
github.com/twomee/chatbox/chat-service/internal/handler/ws_lifecycle.go:362.73,364.3 1 0
github.com/twomee/chatbox/chat-service/internal/handler/ws_lifecycle.go:368.81,370.16 2 88
github.com/twomee/chatbox/chat-service/internal/handler/ws_lifecycle.go:370.16,372.3 1 0
github.com/twomee/chatbox/chat-service/internal/handler/ws_lifecycle.go:374.2,376.33 3 88
github.com/twomee/chatbox/chat-service/internal/handler/ws_lifecycle.go:376.33,378.12 2 111
github.com/twomee/chatbox/chat-service/internal/handler/ws_lifecycle.go:378.12,380.4 1 111
github.com/twomee/chatbox/chat-service/internal/handler/ws_lifecycle.go:383.2,384.31 2 88
github.com/twomee/chatbox/chat-service/internal/handler/ws_lifecycle.go:384.31,385.45 1 1
github.com/twomee/chatbox/chat-service/internal/handler/ws_lifecycle.go:385.45,387.4 1 1
github.com/twomee/chatbox/chat-service/internal/handler/ws_lifecycle.go:389.2,389.14 1 88
github.com/twomee/chatbox/chat-service/internal/handler/ws_mention.go:12.42,16.32 4 37
github.com/twomee/chatbox/chat-service/internal/handler/ws_mention.go:16.32,18.22 2 8
github.com/twomee/chatbox/chat-service/internal/handler/ws_mention.go:18.22,21.4 2 6
github.com/twomee/chatbox/chat-service/internal/handler/ws_mention.go:23.2,23.17 1 37
github.com/twomee/chatbox/chat-service/internal/handler/ws_mention.go:27.38,32.2 2 37
github.com/twomee/chatbox/chat-service/internal/handler/ws_message.go:30.36,34.2 1 78
github.com/twomee/chatbox/chat-service/internal/handler/ws_message.go:38.47,48.66 7 130
github.com/twomee/chatbox/chat-service/internal/handler/ws_message.go:48.66,50.3 1 0
github.com/twomee/chatbox/chat-service/internal/handler/ws_message.go:51.2,53.37 2 130
github.com/twomee/chatbox/chat-service/internal/handler/ws_message.go:53.37,56.3 2 3
github.com/twomee/chatbox/chat-service/internal/handler/ws_message.go:58.2,59.13 2 127
github.com/twomee/chatbox/chat-service/internal/handler/ws_message.go:63.89,64.6 1 87
github.com/twomee/chatbox/chat-service/internal/handler/ws_message.go:64.6,66.17 2 182
github.com/twomee/chatbox/chat-service/internal/handler/ws_message.go:66.17,67.166 1 86
github.com/twomee/chatbox/chat-service/internal/handler/ws_message.go:67.166,69.5 1 0
github.com/twomee/chatbox/chat-service/internal/handler/ws_message.go:70.4,70.10 1 86
github.com/twomee/chatbox/chat-service/internal/handler/ws_message.go:73.3,74.56 2 95
github.com/twomee/chatbox/chat-service/internal/handler/ws_message.go:74.56,76.12 2 1
github.com/twomee/chatbox/chat-service/internal/handler/ws_message.go:79.3,81.24 2 94
github.com/twomee/chatbox/chat-service/internal/handler/ws_message.go:82.18,83.71 1 34
github.com/twomee/chatbox/chat-service/internal/handler/ws_message.go:84.15,85.70 1 6
github.com/twomee/chatbox/chat-service/internal/handler/ws_message.go:86.15,87.70 1 11
github.com/twomee/chatbox/chat-service/internal/handler/ws_message.go:88.17,89.72 1 5
github.com/twomee/chatbox/chat-service/internal/handler/ws_message.go:90.18,91.73 1 10
github.com/twomee/chatbox/chat-service/internal/handler/ws_message.go:92.26,93.91 1 6
github.com/twomee/chatbox/chat-service/internal/handler/ws_message.go:94.17,95.42 1 2
github.com/twomee/chatbox/chat-service/internal/handler/ws_message.go:96.23,97.65 1 4
github.com/twomee/chatbox/chat-service/internal/handler/ws_message.go:98.25,99.67 1 3
github.com/twomee/chatbox/chat-service/internal/handler/ws_message.go:100.23,101.70 1 5
github.com/twomee/chatbox/chat-service/internal/handler/ws_message.go:102.26,103.73 1 4
github.com/twomee/chatbox/chat-service/internal/handler/ws_message.go:104.20,105.67 1 3
github.com/twomee/chatbox/chat-service/internal/handler/ws_message.go:106.11,107.45 1 1
github.com/twomee/chatbox/chat-service/internal/handler/ws_message.go:113.121,114.35 1 34
github.com/twomee/chatbox/chat-service/internal/handler/ws_message.go:114.35,117.3 2 0
github.com/twomee/chatbox/chat-service/internal/handler/ws_message.go:119.2,119.34 1 34
github.com/twomee/chatbox/chat-service/internal/handler/ws_message.go:119.34,122.3 2 0
github.com/twomee/chatbox/chat-service/internal/handler/ws_message.go:125.2,126.11 2 34
github.com/twomee/chatbox/chat-service/internal/handler/ws_message.go:126.11,129.3 2 2
github.com/twomee/chatbox/chat-service/internal/handler/ws_message.go:132.2,133.27 2 32
github.com/twomee/chatbox/chat-service/internal/handler/ws_message.go:133.27,136.3 2 1
github.com/twomee/chatbox/chat-service/internal/handler/ws_message.go:138.2,166.69 7 31
github.com/twomee/chatbox/chat-service/internal/handler/ws_message.go:166.69,168.3 1 0
github.com/twomee/chatbox/chat-service/internal/handler/ws_message.go:174.85,181.2 2 2
github.com/twomee/chatbox/chat-service/internal/handler/ws_message.go:185.117,187.21 2 3
github.com/twomee/chatbox/chat-service/internal/handler/ws_message.go:187.21,190.3 2 1
github.com/twomee/chatbox/chat-service/internal/handler/ws_message.go:192.2,192.49 1 2
github.com/twomee/chatbox/chat-service/internal/handler/ws_message.go:192.49,195.3 2 1
github.com/twomee/chatbox/chat-service/internal/handler/ws_message.go:197.2,197.32 1 1
github.com/twomee/chatbox/chat-service/internal/handler/ws_message.go:197.32,200.3 1 0
github.com/twomee/chatbox/chat-service/internal/handler/ws_message.go:202.2,202.83 1 1
github.com/twomee/chatbox/chat-service/internal/handler/ws_message.go:202.83,205.3 1 0
github.com/twomee/chatbox/chat-service/internal/handler/ws_pm.go:15.132,16.14 1 6
github.com/twomee/chatbox/chat-service/internal/handler/ws_pm.go:16.14,19.3 2 1
github.com/twomee/chatbox/chat-service/internal/handler/ws_pm.go:20.2,20.35 1 5
github.com/twomee/chatbox/chat-service/internal/handler/ws_pm.go:20.35,23.3 2 1
github.com/twomee/chatbox/chat-service/internal/handler/ws_pm.go:24.2,24.34 1 4
github.com/twomee/chatbox/chat-service/internal/handler/ws_pm.go:24.34,27.3 2 1
github.com/twomee/chatbox/chat-service/internal/handler/ws_pm.go:30.2,30.20 1 3
github.com/twomee/chatbox/chat-service/internal/handler/ws_pm.go:30.20,33.3 2 1
github.com/twomee/chatbox/chat-service/internal/handler/ws_pm.go:36.2,37.27 2 2
github.com/twomee/chatbox/chat-service/internal/handler/ws_pm.go:37.27,40.3 2 0
github.com/twomee/chatbox/chat-service/internal/handler/ws_pm.go:43.2,44.12 2 2
github.com/twomee/chatbox/chat-service/internal/handler/ws_pm.go:44.12,47.3 2 1
github.com/twomee/chatbox/chat-service/internal/handler/ws_pm.go:49.2,89.67 8 1
github.com/twomee/chatbox/chat-service/internal/handler/ws_pm.go:89.67,91.3 1 0
github.com/twomee/chatbox/chat-service/internal/handler/ws_reaction.go:15.140,19.17 3 5
github.com/twomee/chatbox/chat-service/internal/handler/ws_reaction.go:19.17,22.3 2 1
github.com/twomee/chatbox/chat-service/internal/handler/ws_reaction.go:23.2,23.17 1 4
github.com/twomee/chatbox/chat-service/internal/handler/ws_reaction.go:23.17,26.3 2 1
github.com/twomee/chatbox/chat-service/internal/handler/ws_reaction.go:27.2,27.21 1 3
github.com/twomee/chatbox/chat-service/internal/handler/ws_reaction.go:27.21,30.3 2 1
github.com/twomee/chatbox/chat-service/internal/handler/ws_reaction.go:33.2,34.11 2 2
github.com/twomee/chatbox/chat-service/internal/handler/ws_reaction.go:34.11,37.3 2 1
github.com/twomee/chatbox/chat-service/internal/handler/ws_reaction.go:40.2,41.27 2 1
github.com/twomee/chatbox/chat-service/internal/handler/ws_reaction.go:41.27,43.3 1 0
github.com/twomee/chatbox/chat-service/internal/handler/ws_reaction.go:46.2,66.69 5 1
github.com/twomee/chatbox/chat-service/internal/handler/ws_reaction.go:66.69,68.3 1 0
github.com/twomee/chatbox/chat-service/internal/handler/ws_reaction.go:73.143,77.17 3 4
github.com/twomee/chatbox/chat-service/internal/handler/ws_reaction.go:77.17,80.3 2 1
github.com/twomee/chatbox/chat-service/internal/handler/ws_reaction.go:81.2,81.17 1 3
github.com/twomee/chatbox/chat-service/internal/handler/ws_reaction.go:81.17,84.3 2 1
github.com/twomee/chatbox/chat-service/internal/handler/ws_reaction.go:85.2,85.21 1 2
github.com/twomee/chatbox/chat-service/internal/handler/ws_reaction.go:85.21,88.3 2 1
github.com/twomee/chatbox/chat-service/internal/handler/ws_reaction.go:91.2,92.27 2 1
github.com/twomee/chatbox/chat-service/internal/handler/ws_reaction.go:92.27,94.3 1 0
github.com/twomee/chatbox/chat-service/internal/handler/ws_reaction.go:97.2,117.69 5 1
github.com/twomee/chatbox/chat-service/internal/handler/ws_reaction.go:117.69,119.3 1 0
github.com/twomee/chatbox/chat-service/cmd/server/main.go:35.13,38.65 2 0
github.com/twomee/chatbox/chat-service/cmd/server/main.go:38.65,40.3 1 0
github.com/twomee/chatbox/chat-service/cmd/server/main.go:41.2,41.15 1 0
github.com/twomee/chatbox/chat-service/cmd/server/main.go:41.15,41.36 1 0
github.com/twomee/chatbox/chat-service/cmd/server/main.go:44.2,45.16 2 0
github.com/twomee/chatbox/chat-service/cmd/server/main.go:45.16,47.3 1 0
github.com/twomee/chatbox/chat-service/cmd/server/main.go:48.2,58.27 5 0
github.com/twomee/chatbox/chat-service/cmd/server/main.go:58.27,60.17 2 0
github.com/twomee/chatbox/chat-service/cmd/server/main.go:60.17,62.4 1 0
github.com/twomee/chatbox/chat-service/cmd/server/main.go:63.3,64.42 2 0
github.com/twomee/chatbox/chat-service/cmd/server/main.go:64.42,66.4 1 0
github.com/twomee/chatbox/chat-service/cmd/server/main.go:67.3,70.13 2 0
github.com/twomee/chatbox/chat-service/cmd/server/main.go:70.13,73.8 3 0
github.com/twomee/chatbox/chat-service/cmd/server/main.go:73.8,74.12 1 0
github.com/twomee/chatbox/chat-service/cmd/server/main.go:75.23,76.12 1 0
github.com/twomee/chatbox/chat-service/cmd/server/main.go:77.21,81.62 4 0
github.com/twomee/chatbox/chat-service/cmd/server/main.go:85.8,87.3 1 0
github.com/twomee/chatbox/chat-service/cmd/server/main.go:90.2,91.24 2 0
github.com/twomee/chatbox/chat-service/cmd/server/main.go:91.24,93.17 2 0
github.com/twomee/chatbox/chat-service/cmd/server/main.go:93.17,95.4 1 0
github.com/twomee/chatbox/chat-service/cmd/server/main.go:96.3,97.45 2 0
github.com/twomee/chatbox/chat-service/cmd/server/main.go:97.45,99.4 1 0
github.com/twomee/chatbox/chat-service/cmd/server/main.go:99.9,101.4 1 0
github.com/twomee/chatbox/chat-service/cmd/server/main.go:102.3,102.16 1 0
github.com/twomee/chatbox/chat-service/cmd/server/main.go:102.16,102.35 1 0
github.com/twomee/chatbox/chat-service/cmd/server/main.go:106.2,109.42 4 0
github.com/twomee/chatbox/chat-service/cmd/server/main.go:109.42,112.16 3 0
github.com/twomee/chatbox/chat-service/cmd/server/main.go:112.16,112.45 1 0
github.com/twomee/chatbox/chat-service/cmd/server/main.go:113.3,113.77 1 0
github.com/twomee/chatbox/chat-service/cmd/server/main.go:114.8,117.3 2 0
github.com/twomee/chatbox/chat-service/cmd/server/main.go:120.2,128.42 6 0
github.com/twomee/chatbox/chat-service/cmd/server/main.go:128.42,130.64 1 0
github.com/twomee/chatbox/chat-service/cmd/server/main.go:130.64,143.53 2 0
github.com/twomee/chatbox/chat-service/cmd/server/main.go:143.53,145.6 1 0
github.com/twomee/chatbox/chat-service/cmd/server/main.go:146.5,146.15 1 0
github.com/twomee/chatbox/chat-service/cmd/server/main.go:148.3,149.46 2 0
github.com/twomee/chatbox/chat-service/cmd/server/main.go:153.2,161.18 7 0
github.com/twomee/chatbox/chat-service/cmd/server/main.go:161.18,163.3 1 0
github.com/twomee/chatbox/chat-service/cmd/server/main.go:164.2,181.2 12 0
github.com/twomee/chatbox/chat-service/cmd/server/main.go:181.2,201.3 17 0
github.com/twomee/chatbox/chat-service/cmd/server/main.go:204.2,215.12 2 0
github.com/twomee/chatbox/chat-service/cmd/server/main.go:215.12,217.77 2 0
github.com/twomee/chatbox/chat-service/cmd/server/main.go:217.77,219.4 1 0
github.com/twomee/chatbox/chat-service/cmd/server/main.go:223.2,231.31 6 0
github.com/twomee/chatbox/chat-service/cmd/server/main.go:231.31,233.3 1 0
github.com/twomee/chatbox/chat-service/cmd/server/main.go:236.2,240.50 4 0
github.com/twomee/chatbox/chat-service/cmd/server/main.go:240.50,242.3 1 0
github.com/twomee/chatbox/chat-service/cmd/server/main.go:243.2,243.31 1 0
